#
# There is insufficient memory for the Java Runtime Environment to continue.
# Native memory allocation (malloc) failed to allocate 620768 bytes for Chunk::new
# Possible reasons:
#   The system is out of physical RAM or swap space
#   The process is running with CompressedOops enabled, and the Java Heap may be blocking the growth of the native heap
# Possible solutions:
#   Reduce memory load on the system
#   Increase physical memory or swap space
#   Check if swap backing store is full
#   Decrease Java heap size (-Xmx/-Xms)
#   Decrease number of Java threads
#   Decrease Java thread stack sizes (-Xss)
#   Set larger code cache with -XX:ReservedCodeCacheSize=
#   JVM is running with Zero Based Compressed Oops mode in which the Java heap is
#     placed in the first 32GB address space. The Java Heap base address is the
#     maximum limit for the native heap growth. Please use -XX:HeapBaseMinAddress
#     to set the Java Heap base and to place the Java Heap above 32GB virtual address.
# This output file may be truncated or incomplete.
#
#  Out of Memory Error (arena.cpp:168), pid=15652, tid=20972
#
# JRE version: Java(TM) SE Runtime Environment (21.0.4+8) (build 21.0.4+8-LTS-274)
# Java VM: Java HotSpot(TM) 64-Bit Server VM (21.0.4+8-LTS-274, mixed mode, sharing, tiered, compressed oops, compressed class ptrs, g1 gc, windows-amd64)
# No core dump will be written. Minidumps are not enabled by default on client versions of Windows
#

---------------  S U M M A R Y ------------

Command Line: --enable-native-access=ALL-UNNAMED -Dclassworlds.conf=C:\Users\Admin\.m2\wrapper\dists\apache-maven-3.9.10\a38810a491b03367137adfdfbe7d14c4\bin\m2.conf -Dmaven.home=C:\Users\Admin\.m2\wrapper\dists\apache-maven-3.9.10\a38810a491b03367137adfdfbe7d14c4 -Dlibrary.jansi.path=C:\Users\Admin\.m2\wrapper\dists\apache-maven-3.9.10\a38810a491b03367137adfdfbe7d14c4\lib\jansi-native -Dmaven.multiModuleProjectDirectory=e:\Personal\demo (2)\demo org.codehaus.plexus.classworlds.launcher.Launcher -q help:effective-pom -Doutput=e:\Personal\demo (2)\demo\effective-pom.xml

Host: 11th Gen Intel(R) Core(TM) i5-1135G7 @ 2.40GHz, 8 cores, 11G,  Windows 11 , 64 bit Build 26100 (10.0.26100.4484)
Time: Tue Jul 22 13:23:59 2025 Sri Lanka Standard Time elapsed time: 8.383840 seconds (0d 0h 0m 8s)

---------------  T H R E A D  ---------------

Current thread (0x000002222d496fe0):  JavaThread "C2 CompilerThread0" daemon [_thread_in_native, id=20972, stack(0x000000aa66b00000,0x000000aa66c00000) (1024K)]


Current CompileTask:
C2:   8383 4418       4       org.eclipse.sisu.inject.LocatedBeans$Itr::hasNext (169 bytes)

Stack: [0x000000aa66b00000,0x000000aa66c00000]
Native frames: (J=compiled Java code, j=interpreted, Vv=VM code, C=native code)
V  [jvm.dll+0x6c8e59]
V  [jvm.dll+0x853181]
V  [jvm.dll+0x8556ae]
V  [jvm.dll+0x855d83]
V  [jvm.dll+0x27d526]
V  [jvm.dll+0xc4aad]
V  [jvm.dll+0xc4fe3]
V  [jvm.dll+0x3b400c]
V  [jvm.dll+0x3809a5]
V  [jvm.dll+0x37fe1a]
V  [jvm.dll+0x246280]
V  [jvm.dll+0x24585f]
V  [jvm.dll+0x1c69de]
V  [jvm.dll+0x254d49]
V  [jvm.dll+0x2532da]
V  [jvm.dll+0x3ed426]
V  [jvm.dll+0x7fd65b]
V  [jvm.dll+0x6c753d]
C  [ucrtbase.dll+0x37b0]
C  [KERNEL32.DLL+0x2e8d7]
C  [ntdll.dll+0x3c34c]


---------------  P R O C E S S  ---------------

Threads class SMR info:
_java_thread_list=0x0000022274b829e0, length=11, elements={
0x000002220d5f98c0, 0x000002222d47eb80, 0x000002222d47f8d0, 0x000002222d48df90,
0x000002222d490b10, 0x000002222d491a10, 0x000002222d4954a0, 0x000002222d496fe0,
0x000002222d4a3770, 0x000002222d7073a0, 0x000002222d70ce30
}

Java Threads: ( => current thread )
  0x000002220d5f98c0 JavaThread "main"                              [_thread_in_native, id=4736, stack(0x000000aa65d00000,0x000000aa65e00000) (1024K)]
  0x000002222d47eb80 JavaThread "Reference Handler"          daemon [_thread_blocked, id=14504, stack(0x000000aa66500000,0x000000aa66600000) (1024K)]
  0x000002222d47f8d0 JavaThread "Finalizer"                  daemon [_thread_blocked, id=20416, stack(0x000000aa66600000,0x000000aa66700000) (1024K)]
  0x000002222d48df90 JavaThread "Signal Dispatcher"          daemon [_thread_blocked, id=21272, stack(0x000000aa66700000,0x000000aa66800000) (1024K)]
  0x000002222d490b10 JavaThread "Attach Listener"            daemon [_thread_blocked, id=19580, stack(0x000000aa66800000,0x000000aa66900000) (1024K)]
  0x000002222d491a10 JavaThread "Service Thread"             daemon [_thread_blocked, id=22220, stack(0x000000aa66900000,0x000000aa66a00000) (1024K)]
  0x000002222d4954a0 JavaThread "Monitor Deflation Thread"   daemon [_thread_blocked, id=24260, stack(0x000000aa66a00000,0x000000aa66b00000) (1024K)]
=>0x000002222d496fe0 JavaThread "C2 CompilerThread0"         daemon [_thread_in_native, id=20972, stack(0x000000aa66b00000,0x000000aa66c00000) (1024K)]
  0x000002222d4a3770 JavaThread "C1 CompilerThread0"         daemon [_thread_blocked, id=19412, stack(0x000000aa66c00000,0x000000aa66d00000) (1024K)]
  0x000002222d7073a0 JavaThread "Notification Thread"        daemon [_thread_blocked, id=20624, stack(0x000000aa66d00000,0x000000aa66e00000) (1024K)]
  0x000002222d70ce30 JavaThread "Common-Cleaner"             daemon [_thread_blocked, id=19664, stack(0x000000aa66e00000,0x000000aa66f00000) (1024K)]
Total: 11

Other Threads:
  0x000002222d45b260 VMThread "VM Thread"                           [id=8296, stack(0x000000aa66400000,0x000000aa66500000) (1024K)]
  0x000002222d442ca0 WatcherThread "VM Periodic Task Thread"        [id=22512, stack(0x000000aa66300000,0x000000aa66400000) (1024K)]
  0x000002220f0808e0 WorkerThread "GC Thread#0"                     [id=10908, stack(0x000000aa65e00000,0x000000aa65f00000) (1024K)]
  0x00000222738f2750 WorkerThread "GC Thread#1"                     [id=8932, stack(0x000000aa67100000,0x000000aa67200000) (1024K)]
  0x00000222738f2af0 WorkerThread "GC Thread#2"                     [id=21164, stack(0x000000aa67200000,0x000000aa67300000) (1024K)]
  0x0000022273a396f0 WorkerThread "GC Thread#3"                     [id=11856, stack(0x000000aa67300000,0x000000aa67400000) (1024K)]
  0x000002227411bc20 WorkerThread "GC Thread#4"                     [id=21008, stack(0x000000aa67400000,0x000000aa67500000) (1024K)]
  0x000002227394ce10 WorkerThread "GC Thread#5"                     [id=3560, stack(0x000000aa67500000,0x000000aa67600000) (1024K)]
  0x00000222740d2fa0 WorkerThread "GC Thread#6"                     [id=24376, stack(0x000000aa67600000,0x000000aa67700000) (1024K)]
  0x00000222740d3340 WorkerThread "GC Thread#7"                     [id=6684, stack(0x000000aa67700000,0x000000aa67800000) (1024K)]
  0x000002220f08e5f0 ConcurrentGCThread "G1 Main Marker"            [id=18112, stack(0x000000aa65f00000,0x000000aa66000000) (1024K)]
  0x000002220f0914d0 WorkerThread "G1 Conc#0"                       [id=8196, stack(0x000000aa66000000,0x000000aa66100000) (1024K)]
  0x0000022273dca3b0 WorkerThread "G1 Conc#1"                       [id=9460, stack(0x000000aa67900000,0x000000aa67a00000) (1024K)]
  0x000002220f0ee8e0 ConcurrentGCThread "G1 Refine#0"               [id=24560, stack(0x000000aa66100000,0x000000aa66200000) (1024K)]
  0x000002222d3174e0 ConcurrentGCThread "G1 Service"                [id=20732, stack(0x000000aa66200000,0x000000aa66300000) (1024K)]
Total: 15

Threads with active compile tasks:
C2 CompilerThread0     8411 4418       4       org.eclipse.sisu.inject.LocatedBeans$Itr::hasNext (169 bytes)
Total: 1

VM state: not at safepoint (normal execution)

VM Mutex/Monitor currently owned by a thread: None

Heap address: 0x0000000744400000, size: 3004 MB, Compressed Oops mode: Zero based, Oop shift amount: 3

CDS archive(s) mapped at: [0x000002222e000000-0x000002222ec90000-0x000002222ec90000), size 13172736, SharedBaseAddress: 0x000002222e000000, ArchiveRelocationMode: 1.
Compressed class space mapped at: 0x000002222f000000-0x000002226f000000, reserved size: 1073741824
Narrow klass base: 0x000002222e000000, Narrow klass shift: 0, Narrow klass range: 0x100000000

GC Precious Log:
 CardTable entry size: 512
 Card Set container configuration: InlinePtr #cards 4 size 8 Array Of Cards #cards 16 size 48 Howl #buckets 8 coarsen threshold 3686 Howl Bitmap #cards 512 size 80 coarsen threshold 460 Card regions per heap region 1 cards per card region 4096
 CPUs: 8 total, 8 available
 Memory: 12010M
 Large Page Support: Disabled
 NUMA Support: Disabled
 Compressed Oops: Enabled (Zero based)
 Heap Region Size: 2M
 Heap Min Capacity: 8M
 Heap Initial Capacity: 188M
 Heap Max Capacity: 3004M
 Pre-touch: Disabled
 Parallel Workers: 8
 Concurrent Workers: 2
 Concurrent Refinement Workers: 8
 Periodic GC: Disabled

Heap:
 garbage-first heap   total 61440K, used 21470K [0x0000000744400000, 0x0000000800000000)
  region size 2048K, 10 young (20480K), 6 survivors (12288K)
 Metaspace       used 23527K, committed 23808K, reserved 1114112K
  class space    used 2754K, committed 2880K, reserved 1048576K

Heap Regions: E=young(eden), S=young(survivor), O=old, HS=humongous(starts), HC=humongous(continues), CS=collection set, F=free, TAMS=top-at-mark-start, PB=parsable bottom
|   0|0x0000000744400000, 0x0000000744600000, 0x0000000744600000|100%| O|  |TAMS 0x0000000744400000| PB 0x0000000744400000| Untracked 
|   1|0x0000000744600000, 0x0000000744776e80, 0x0000000744800000| 73%| O|Cm|TAMS 0x0000000744600000| PB 0x0000000744600000| Complete 
|   2|0x0000000744800000, 0x0000000744800000, 0x0000000744a00000|  0%| F|  |TAMS 0x0000000744800000| PB 0x0000000744800000| Untracked 
|   3|0x0000000744a00000, 0x0000000744a00000, 0x0000000744c00000|  0%| F|  |TAMS 0x0000000744a00000| PB 0x0000000744a00000| Untracked 
|   4|0x0000000744c00000, 0x0000000744c00000, 0x0000000744e00000|  0%| F|  |TAMS 0x0000000744c00000| PB 0x0000000744c00000| Untracked 
|   5|0x0000000744e00000, 0x0000000744e00000, 0x0000000745000000|  0%| F|  |TAMS 0x0000000744e00000| PB 0x0000000744e00000| Untracked 
|   6|0x0000000745000000, 0x0000000745000000, 0x0000000745200000|  0%| F|  |TAMS 0x0000000745000000| PB 0x0000000745000000| Untracked 
|   7|0x0000000745200000, 0x0000000745200000, 0x0000000745400000|  0%| F|  |TAMS 0x0000000745200000| PB 0x0000000745200000| Untracked 
|   8|0x0000000745400000, 0x0000000745400000, 0x0000000745600000|  0%| F|  |TAMS 0x0000000745400000| PB 0x0000000745400000| Untracked 
|   9|0x0000000745600000, 0x0000000745600000, 0x0000000745800000|  0%| F|  |TAMS 0x0000000745600000| PB 0x0000000745600000| Untracked 
|  10|0x0000000745800000, 0x0000000745800000, 0x0000000745a00000|  0%| F|  |TAMS 0x0000000745800000| PB 0x0000000745800000| Untracked 
|  11|0x0000000745a00000, 0x0000000745a00000, 0x0000000745c00000|  0%| F|  |TAMS 0x0000000745a00000| PB 0x0000000745a00000| Untracked 
|  12|0x0000000745c00000, 0x0000000745c00000, 0x0000000745e00000|  0%| F|  |TAMS 0x0000000745c00000| PB 0x0000000745c00000| Untracked 
|  13|0x0000000745e00000, 0x0000000745e00000, 0x0000000746000000|  0%| F|  |TAMS 0x0000000745e00000| PB 0x0000000745e00000| Untracked 
|  14|0x0000000746000000, 0x0000000746000000, 0x0000000746200000|  0%| F|  |TAMS 0x0000000746000000| PB 0x0000000746000000| Untracked 
|  15|0x0000000746200000, 0x0000000746200000, 0x0000000746400000|  0%| F|  |TAMS 0x0000000746200000| PB 0x0000000746200000| Untracked 
|  16|0x0000000746400000, 0x0000000746400000, 0x0000000746600000|  0%| F|  |TAMS 0x0000000746400000| PB 0x0000000746400000| Untracked 
|  17|0x0000000746600000, 0x0000000746600000, 0x0000000746800000|  0%| F|  |TAMS 0x0000000746600000| PB 0x0000000746600000| Untracked 
|  18|0x0000000746800000, 0x0000000746800000, 0x0000000746a00000|  0%| F|  |TAMS 0x0000000746800000| PB 0x0000000746800000| Untracked 
|  19|0x0000000746a00000, 0x0000000746a00000, 0x0000000746c00000|  0%| F|  |TAMS 0x0000000746a00000| PB 0x0000000746a00000| Untracked 
|  20|0x0000000746c00000, 0x0000000746e00000, 0x0000000746e00000|100%| E|  |TAMS 0x0000000746c00000| PB 0x0000000746c00000| Complete 
|  21|0x0000000746e00000, 0x0000000747000000, 0x0000000747000000|100%| E|CS|TAMS 0x0000000746e00000| PB 0x0000000746e00000| Complete 
|  22|0x0000000747000000, 0x0000000747200000, 0x0000000747200000|100%| E|CS|TAMS 0x0000000747000000| PB 0x0000000747000000| Complete 
|  50|0x000000074a800000, 0x000000074a980c00, 0x000000074aa00000| 75%| S|CS|TAMS 0x000000074a800000| PB 0x000000074a800000| Complete 
|  51|0x000000074aa00000, 0x000000074ac00000, 0x000000074ac00000|100%| S|CS|TAMS 0x000000074aa00000| PB 0x000000074aa00000| Complete 
|  52|0x000000074ac00000, 0x000000074ae00000, 0x000000074ae00000|100%| S|CS|TAMS 0x000000074ac00000| PB 0x000000074ac00000| Complete 
|  53|0x000000074ae00000, 0x000000074b000000, 0x000000074b000000|100%| S|CS|TAMS 0x000000074ae00000| PB 0x000000074ae00000| Complete 
|  54|0x000000074b000000, 0x000000074b200000, 0x000000074b200000|100%| S|CS|TAMS 0x000000074b000000| PB 0x000000074b000000| Complete 
|  55|0x000000074b200000, 0x000000074b400000, 0x000000074b400000|100%| S|CS|TAMS 0x000000074b200000| PB 0x000000074b200000| Complete 
|  93|0x000000074fe00000, 0x0000000750000000, 0x0000000750000000|100%| E|CS|TAMS 0x000000074fe00000| PB 0x000000074fe00000| Complete 

Card table byte_map: [0x0000022227530000,0x0000022227b10000] _byte_map_base: 0x0000022223b0e000

Marking Bits: (CMBitMap*) 0x000002220f080fe0
 Bits: [0x0000022227b10000, 0x000002222aa00000)

Polling page: 0x000002220f0f0000

Metaspace:

Usage:
  Non-class:     20.29 MB used.
      Class:      2.69 MB used.
       Both:     22.98 MB used.

Virtual space:
  Non-class space:       64.00 MB reserved,      20.44 MB ( 32%) committed,  1 nodes.
      Class space:        1.00 GB reserved,       2.81 MB ( <1%) committed,  1 nodes.
             Both:        1.06 GB reserved,      23.25 MB (  2%) committed. 

Chunk freelists:
   Non-Class:  10.89 MB
       Class:  13.17 MB
        Both:  24.06 MB

MaxMetaspaceSize: unlimited
CompressedClassSpaceSize: 1.00 GB
Initial GC threshold: 21.00 MB
Current GC threshold: 35.25 MB
CDS: on
 - commit_granule_bytes: 65536.
 - commit_granule_words: 8192.
 - virtual_space_node_default_size: 8388608.
 - enlarge_chunks_in_place: 1.
 - use_allocation_guard: 0.


Internal statistics:

num_allocs_failed_limit: 3.
num_arena_births: 168.
num_arena_deaths: 0.
num_vsnodes_births: 2.
num_vsnodes_deaths: 0.
num_space_committed: 372.
num_space_uncommitted: 0.
num_chunks_returned_to_freelist: 3.
num_chunks_taken_from_freelist: 756.
num_chunk_merges: 0.
num_chunk_splits: 538.
num_chunks_enlarged: 461.
num_inconsistent_stats: 0.

CodeHeap 'non-profiled nmethods': size=120000Kb used=2307Kb max_used=2307Kb free=117692Kb
 bounds [0x000002221efb0000, 0x000002221f220000, 0x00000222264e0000]
CodeHeap 'profiled nmethods': size=120000Kb used=9011Kb max_used=9011Kb free=110988Kb
 bounds [0x00000222174e0000, 0x0000022217db0000, 0x000002221ea10000]
CodeHeap 'non-nmethods': size=5760Kb used=1662Kb max_used=1708Kb free=4097Kb
 bounds [0x000002221ea10000, 0x000002221ec80000, 0x000002221efb0000]
 total_blobs=4985 nmethods=4418 adapters=471
 compilation: enabled
              stopped_count=0, restarted_count=0
 full_count=0

Compilation events (20 events):
Event: 8.352 Thread 0x000002222d4a3770 4409       3       org.eclipse.aether.internal.impl.DefaultRemoteRepositoryManager::getKey (5 bytes)
Event: 8.352 Thread 0x000002222d4a3770 nmethod 4409 0x0000022217dac410 code [0x0000022217dac5a0, 0x0000022217dac6d0]
Event: 8.352 Thread 0x000002222d4a3770 4407       1       org.apache.maven.model.Resource::getTargetPath (5 bytes)
Event: 8.352 Thread 0x000002222d4a3770 nmethod 4407 0x000002221f1efa10 code [0x000002221f1efba0, 0x000002221f1efc70]
Event: 8.352 Thread 0x000002222d4a3770 4410       1       org.apache.maven.model.building.DefaultModelBuildingRequest::isProcessPlugins (5 bytes)
Event: 8.352 Thread 0x000002222d4a3770 nmethod 4410 0x000002221f1efd10 code [0x000002221f1efea0, 0x000002221f1eff70]
Event: 8.352 Thread 0x000002222d4a3770 4411       1       org.apache.maven.model.building.DefaultModelBuildingResult::getEffectiveModel (5 bytes)
Event: 8.353 Thread 0x000002222d4a3770 nmethod 4411 0x000002221f1f0010 code [0x000002221f1f01a0, 0x000002221f1f0270]
Event: 8.353 Thread 0x000002222d4a3770 4413       1       org.eclipse.aether.resolution.VersionRequest::getTrace (5 bytes)
Event: 8.353 Thread 0x000002222d4a3770 nmethod 4413 0x000002221f1f0310 code [0x000002221f1f04a0, 0x000002221f1f0570]
Event: 8.353 Thread 0x000002222d4a3770 4414       1       org.apache.maven.repository.internal.DefaultVersionResolver$Key::hashCode (5 bytes)
Event: 8.353 Thread 0x000002222d4a3770 nmethod 4414 0x000002221f1f0610 code [0x000002221f1f07a0, 0x000002221f1f0868]
Event: 8.353 Thread 0x000002222d4a3770 4415       1       org.eclipse.aether.resolution.VersionResult::getVersion (5 bytes)
Event: 8.353 Thread 0x000002222d496fe0 nmethod 4416 0x000002221f1f0910 code [0x000002221f1f0a80, 0x000002221f1f0b48]
Event: 8.354 Thread 0x000002222d4a3770 nmethod 4415 0x000002221f1f0c10 code [0x000002221f1f0da0, 0x000002221f1f0e70]
Event: 8.354 Thread 0x000002222d496fe0 4418       4       org.eclipse.sisu.inject.LocatedBeans$Itr::hasNext (169 bytes)
Event: 8.355 Thread 0x000002222d4a3770 4419       3       java.nio.charset.CharsetDecoder::reset (11 bytes)
Event: 8.355 Thread 0x000002222d4a3770 nmethod 4419 0x0000022217dac790 code [0x0000022217dac940, 0x0000022217dacb28]
Event: 8.356 Thread 0x000002222d4a3770 4420       3       java.nio.charset.CharsetDecoder::implReset (1 bytes)
Event: 8.356 Thread 0x000002222d4a3770 nmethod 4420 0x0000022217dacc10 code [0x0000022217dacda0, 0x0000022217dacea8]

GC Heap History (6 events):
Event: 1.026 GC heap before
{Heap before GC invocations=0 (full 0):
 garbage-first heap   total 192512K, used 22528K [0x0000000744400000, 0x0000000800000000)
  region size 2048K, 11 young (22528K), 0 survivors (0K)
 Metaspace       used 5609K, committed 5760K, reserved 1114112K
  class space    used 655K, committed 768K, reserved 1048576K
}
Event: 1.037 GC heap after
{Heap after GC invocations=1 (full 0):
 garbage-first heap   total 192512K, used 3792K [0x0000000744400000, 0x0000000800000000)
  region size 2048K, 2 young (4096K), 2 survivors (4096K)
 Metaspace       used 5609K, committed 5760K, reserved 1114112K
  class space    used 655K, committed 768K, reserved 1048576K
}
Event: 2.040 GC heap before
{Heap before GC invocations=1 (full 0):
 garbage-first heap   total 192512K, used 36560K [0x0000000744400000, 0x0000000800000000)
  region size 2048K, 18 young (36864K), 2 survivors (4096K)
 Metaspace       used 9740K, committed 9920K, reserved 1114112K
  class space    used 1158K, committed 1280K, reserved 1048576K
}
Event: 2.047 GC heap after
{Heap after GC invocations=2 (full 0):
 garbage-first heap   total 192512K, used 5263K [0x0000000744400000, 0x0000000800000000)
  region size 2048K, 1 young (2048K), 1 survivors (2048K)
 Metaspace       used 9740K, committed 9920K, reserved 1114112K
  class space    used 1158K, committed 1280K, reserved 1048576K
}
Event: 6.276 GC heap before
{Heap before GC invocations=2 (full 0):
 garbage-first heap   total 192512K, used 76943K [0x0000000744400000, 0x0000000800000000)
  region size 2048K, 38 young (77824K), 1 survivors (2048K)
 Metaspace       used 21245K, committed 21504K, reserved 1114112K
  class space    used 2491K, committed 2624K, reserved 1048576K
}
Event: 6.291 GC heap after
{Heap after GC invocations=3 (full 0):
 garbage-first heap   total 192512K, used 15326K [0x0000000744400000, 0x0000000800000000)
  region size 2048K, 6 young (12288K), 6 survivors (12288K)
 Metaspace       used 21245K, committed 21504K, reserved 1114112K
  class space    used 2491K, committed 2624K, reserved 1048576K
}

Dll operation events (10 events):
Event: 0.009 Loaded shared library C:\Program Files\Java\jdk-21\bin\java.dll
Event: 0.060 Loaded shared library C:\Program Files\Java\jdk-21\bin\jsvml.dll
Event: 0.087 Loaded shared library C:\Program Files\Java\jdk-21\bin\net.dll
Event: 0.089 Loaded shared library C:\Program Files\Java\jdk-21\bin\nio.dll
Event: 0.094 Loaded shared library C:\Program Files\Java\jdk-21\bin\zip.dll
Event: 0.270 Loaded shared library C:\Program Files\Java\jdk-21\bin\jimage.dll
Event: 0.271 Loaded shared library C:\Users\Admin\.m2\wrapper\dists\apache-maven-3.9.10\a38810a491b03367137adfdfbe7d14c4\lib\jansi-native\Windows\x86_64\jansi.dll
Event: 0.289 Loaded shared library C:\Program Files\Java\jdk-21\bin\verify.dll
Event: 5.952 Loaded shared library C:\Program Files\Java\jdk-21\bin\extnet.dll
Event: 6.189 Loaded shared library C:\Program Files\Java\jdk-21\bin\sunmscapi.dll

Deoptimization events (20 events):
Event: 7.172 Thread 0x000002220d5f98c0 DEOPT PACKING pc=0x000002221f0f8e2c sp=0x000000aa65dfce20
Event: 7.172 Thread 0x000002220d5f98c0 DEOPT UNPACKING pc=0x000002221ea67da2 sp=0x000000aa65dfcd08 mode 2
Event: 7.188 Thread 0x000002220d5f98c0 Uncommon trap: trap_request=0xffffff3d fr.pc=0x000002221f120bdc relative=0x000000000000009c
Event: 7.188 Thread 0x000002220d5f98c0 Uncommon trap: reason=unstable_fused_if action=reinterpret pc=0x000002221f120bdc method=java.lang.StrictMath.floorOrCeil(DDDD)D @ 8 c2
Event: 7.188 Thread 0x000002220d5f98c0 DEOPT PACKING pc=0x000002221f120bdc sp=0x000000aa65dfce10
Event: 7.188 Thread 0x000002220d5f98c0 DEOPT UNPACKING pc=0x000002221ea67da2 sp=0x000000aa65dfccd0 mode 2
Event: 7.477 Thread 0x000002220d5f98c0 DEOPT PACKING pc=0x0000022217c9bb0b sp=0x000000aa65dfce70
Event: 7.477 Thread 0x000002220d5f98c0 DEOPT UNPACKING pc=0x000002221ea688e2 sp=0x000000aa65dfc308 mode 0
Event: 7.478 Thread 0x000002220d5f98c0 DEOPT PACKING pc=0x0000022217c9ba90 sp=0x000000aa65dfce70
Event: 7.478 Thread 0x000002220d5f98c0 DEOPT UNPACKING pc=0x000002221ea688e2 sp=0x000000aa65dfc308 mode 0
Event: 7.490 Thread 0x000002220d5f98c0 DEOPT PACKING pc=0x0000022217c9ba15 sp=0x000000aa65dfce70
Event: 7.490 Thread 0x000002220d5f98c0 DEOPT UNPACKING pc=0x000002221ea688e2 sp=0x000000aa65dfc308 mode 0
Event: 7.508 Thread 0x000002220d5f98c0 DEOPT PACKING pc=0x0000022217c9b99a sp=0x000000aa65dfce70
Event: 7.508 Thread 0x000002220d5f98c0 DEOPT UNPACKING pc=0x000002221ea688e2 sp=0x000000aa65dfc308 mode 0
Event: 7.736 Thread 0x000002220d5f98c0 DEOPT PACKING pc=0x0000022217d82891 sp=0x000000aa65dfd9b0
Event: 7.736 Thread 0x000002220d5f98c0 DEOPT UNPACKING pc=0x000002221ea688e2 sp=0x000000aa65dfcec0 mode 0
Event: 8.098 Thread 0x000002220d5f98c0 Uncommon trap: trap_request=0xffffff45 fr.pc=0x000002221f19e948 relative=0x0000000000000388
Event: 8.098 Thread 0x000002220d5f98c0 Uncommon trap: reason=unstable_if action=reinterpret pc=0x000002221f19e948 method=java.io.ByteArrayInputStream.read([BII)I @ 35 c2
Event: 8.098 Thread 0x000002220d5f98c0 DEOPT PACKING pc=0x000002221f19e948 sp=0x000000aa65dfd940
Event: 8.098 Thread 0x000002220d5f98c0 DEOPT UNPACKING pc=0x000002221ea67da2 sp=0x000000aa65dfd900 mode 2

Classes loaded (20 events):
Event: 7.176 Loading class sun/util/resources/cldr/TimeZoneNames_en_US
Event: 7.176 Loading class sun/util/resources/cldr/TimeZoneNames_en_US done
Event: 7.177 Loading class java/time/zone/ZoneRulesProvider
Event: 7.178 Loading class java/time/zone/ZoneRulesProvider done
Event: 7.178 Loading class java/time/zone/ZoneRulesProvider$1
Event: 7.178 Loading class java/time/zone/ZoneRulesProvider$1 done
Event: 7.178 Loading class java/time/zone/TzdbZoneRulesProvider
Event: 7.178 Loading class java/time/zone/TzdbZoneRulesProvider done
Event: 7.182 Loading class java/time/zone/Ser
Event: 7.182 Loading class java/io/Externalizable
Event: 7.182 Loading class java/io/Externalizable done
Event: 7.182 Loading class java/time/zone/Ser done
Event: 7.183 Loading class sun/util/cldr/CLDRBaseLocaleDataMetaInfo$TZCanonicalIDMapHolder
Event: 7.184 Loading class sun/util/cldr/CLDRBaseLocaleDataMetaInfo$TZCanonicalIDMapHolder done
Event: 7.186 Loading class sun/util/resources/TimeZoneNames
Event: 7.187 Loading class sun/util/resources/TimeZoneNames done
Event: 7.188 Loading class sun/util/resources/TimeZoneNames_en
Event: 7.188 Loading class sun/util/resources/TimeZoneNames_en done
Event: 8.111 Loading class java/nio/file/Path$1
Event: 8.111 Loading class java/nio/file/Path$1 done

Classes unloaded (0 events):
No events

Classes redefined (0 events):
No events

Internal exceptions (20 events):
Event: 7.734 Thread 0x000002220d5f98c0 Exception <a 'sun/nio/fs/WindowsException'{0x0000000746f74e88}> (0x0000000746f74e88) 
thrown [s\open\src\hotspot\share\prims\jni.cpp, line 520]
Event: 7.741 Thread 0x000002220d5f98c0 Exception <a 'sun/nio/fs/WindowsException'{0x0000000746fb55b8}> (0x0000000746fb55b8) 
thrown [s\open\src\hotspot\share\prims\jni.cpp, line 520]
Event: 7.741 Thread 0x000002220d5f98c0 Exception <a 'sun/nio/fs/WindowsException'{0x0000000746fb59e8}> (0x0000000746fb59e8) 
thrown [s\open\src\hotspot\share\prims\jni.cpp, line 520]
Event: 7.743 Thread 0x000002220d5f98c0 Exception <a 'sun/nio/fs/WindowsException'{0x0000000746fbfe50}> (0x0000000746fbfe50) 
thrown [s\open\src\hotspot\share\prims\jni.cpp, line 520]
Event: 7.918 Thread 0x000002220d5f98c0 Exception <a 'sun/nio/fs/WindowsException'{0x0000000746fc8070}> (0x0000000746fc8070) 
thrown [s\open\src\hotspot\share\prims\jni.cpp, line 520]
Event: 8.091 Thread 0x000002220d5f98c0 Exception <a 'sun/nio/fs/WindowsException'{0x0000000746fea270}> (0x0000000746fea270) 
thrown [s\open\src\hotspot\share\prims\jni.cpp, line 520]
Event: 8.096 Thread 0x000002220d5f98c0 Exception <a 'sun/nio/fs/WindowsException'{0x0000000746ffcee8}> (0x0000000746ffcee8) 
thrown [s\open\src\hotspot\share\prims\jni.cpp, line 520]
Event: 8.099 Thread 0x000002220d5f98c0 Exception <a 'sun/nio/fs/WindowsException'{0x0000000746c08e88}> (0x0000000746c08e88) 
thrown [s\open\src\hotspot\share\prims\jni.cpp, line 520]
Event: 8.110 Thread 0x000002220d5f98c0 Exception <a 'sun/nio/fs/WindowsException'{0x0000000746cf3cf8}> (0x0000000746cf3cf8) 
thrown [s\open\src\hotspot\share\prims\jni.cpp, line 520]
Event: 8.110 Thread 0x000002220d5f98c0 Exception <a 'sun/nio/fs/WindowsException'{0x0000000746cf40e8}> (0x0000000746cf40e8) 
thrown [s\open\src\hotspot\share\prims\jni.cpp, line 520]
Event: 8.111 Thread 0x000002220d5f98c0 Exception <a 'sun/nio/fs/WindowsException'{0x0000000746cfe480}> (0x0000000746cfe480) 
thrown [s\open\src\hotspot\share\prims\jni.cpp, line 520]
Event: 8.111 Thread 0x000002220d5f98c0 Exception <a 'sun/nio/fs/WindowsException'{0x0000000746cfeb80}> (0x0000000746cfeb80) 
thrown [s\open\src\hotspot\share\prims\jni.cpp, line 520]
Event: 8.111 Thread 0x000002220d5f98c0 Exception <a 'sun/nio/fs/WindowsException'{0x0000000746cff238}> (0x0000000746cff238) 
thrown [s\open\src\hotspot\share\prims\jni.cpp, line 520]
Event: 8.279 Thread 0x000002220d5f98c0 Exception <a 'sun/nio/fs/WindowsException'{0x0000000746d082a0}> (0x0000000746d082a0) 
thrown [s\open\src\hotspot\share\prims\jni.cpp, line 520]
Event: 8.303 Thread 0x000002220d5f98c0 Exception <a 'sun/nio/fs/WindowsException'{0x0000000746d1ecd0}> (0x0000000746d1ecd0) 
thrown [s\open\src\hotspot\share\prims\jni.cpp, line 520]
Event: 8.310 Thread 0x000002220d5f98c0 Exception <a 'sun/nio/fs/WindowsException'{0x0000000746d318e0}> (0x0000000746d318e0) 
thrown [s\open\src\hotspot\share\prims\jni.cpp, line 520]
Event: 8.312 Thread 0x000002220d5f98c0 Exception <a 'sun/nio/fs/WindowsException'{0x0000000746d38d50}> (0x0000000746d38d50) 
thrown [s\open\src\hotspot\share\prims\jni.cpp, line 520]
Event: 8.351 Thread 0x000002220d5f98c0 Exception <a 'sun/nio/fs/WindowsException'{0x0000000746dc4fe8}> (0x0000000746dc4fe8) 
thrown [s\open\src\hotspot\share\prims\jni.cpp, line 520]
Event: 8.351 Thread 0x000002220d5f98c0 Exception <a 'sun/nio/fs/WindowsException'{0x0000000746dc53d8}> (0x0000000746dc53d8) 
thrown [s\open\src\hotspot\share\prims\jni.cpp, line 520]
Event: 8.353 Thread 0x000002220d5f98c0 Exception <a 'sun/nio/fs/WindowsException'{0x0000000746dcf770}> (0x0000000746dcf770) 
thrown [s\open\src\hotspot\share\prims\jni.cpp, line 520]

ZGC Phase Switch (0 events):
No events

VM Operations (20 events):
Event: 4.770 Executing VM operation: Cleanup
Event: 4.770 Executing VM operation: Cleanup done
Event: 4.772 Executing VM operation: HandshakeAllThreads (Deoptimize)
Event: 4.772 Executing VM operation: HandshakeAllThreads (Deoptimize) done
Event: 4.808 Executing VM operation: HandshakeAllThreads (Deoptimize)
Event: 4.808 Executing VM operation: HandshakeAllThreads (Deoptimize) done
Event: 5.812 Executing VM operation: Cleanup
Event: 5.812 Executing VM operation: Cleanup done
Event: 6.255 Executing VM operation: HandshakeAllThreads (Deoptimize)
Event: 6.255 Executing VM operation: HandshakeAllThreads (Deoptimize) done
Event: 6.276 Executing VM operation: CollectForMetadataAllocation (Metadata GC Threshold)
Event: 6.291 Executing VM operation: CollectForMetadataAllocation (Metadata GC Threshold) done
Event: 6.303 Executing VM operation: G1PauseRemark
Event: 6.306 Executing VM operation: G1PauseRemark done
Event: 6.308 Executing VM operation: G1PauseCleanup
Event: 6.318 Executing VM operation: G1PauseCleanup done
Event: 6.789 Executing VM operation: HandshakeAllThreads (Deoptimize)
Event: 6.789 Executing VM operation: HandshakeAllThreads (Deoptimize) done
Event: 7.791 Executing VM operation: Cleanup
Event: 7.791 Executing VM operation: Cleanup done

Events (20 events):
Event: 0.057 Thread 0x000002222d496fe0 Thread added: 0x000002222d496fe0
Event: 0.057 Thread 0x000002222d4a3770 Thread added: 0x000002222d4a3770
Event: 0.078 Thread 0x000002222d7073a0 Thread added: 0x000002222d7073a0
Event: 0.083 Thread 0x000002222d70ce30 Thread added: 0x000002222d70ce30
Event: 0.267 Thread 0x000002227305d9f0 Thread added: 0x000002227305d9f0
Event: 0.293 Thread 0x000002227305d9f0 Thread exited: 0x000002227305d9f0
Event: 0.978 Thread 0x00000222737fe840 Thread added: 0x00000222737fe840
Event: 0.994 Thread 0x00000222735d56e0 Thread added: 0x00000222735d56e0
Event: 1.849 Thread 0x00000222735d56e0 Thread exited: 0x00000222735d56e0
Event: 1.877 Thread 0x00000222737fe840 Thread exited: 0x00000222737fe840
Event: 2.583 Thread 0x000002227393d440 Thread added: 0x000002227393d440
Event: 4.225 Thread 0x0000022274c68300 Thread added: 0x0000022274c68300
Event: 5.944 Thread 0x0000022274c68300 Thread exited: 0x0000022274c68300
Event: 5.953 Thread 0x000002227393d440 Thread exited: 0x000002227393d440
Event: 6.196 Thread 0x0000022274dbd010 Thread added: 0x0000022274dbd010
Event: 6.244 Thread 0x00000222744e6260 Thread added: 0x00000222744e6260
Event: 6.948 Thread 0x00000222744e6260 Thread exited: 0x00000222744e6260
Event: 7.116 Thread 0x0000022274dbd010 Thread exited: 0x0000022274dbd010
Event: 7.415 Thread 0x000002222d65d4b0 Thread added: 0x000002222d65d4b0
Event: 7.717 Thread 0x000002222d65d4b0 Thread exited: 0x000002222d65d4b0


Dynamic libraries:
0x00007ff6bd920000 - 0x00007ff6bd930000 	C:\Program Files\Java\jdk-21\bin\java.exe
0x00007fff86820000 - 0x00007fff86a88000 	C:\WINDOWS\SYSTEM32\ntdll.dll
0x00007fff86660000 - 0x00007fff86729000 	C:\WINDOWS\System32\KERNEL32.DLL
0x00007fff83dc0000 - 0x00007fff841ad000 	C:\WINDOWS\System32\KERNELBASE.dll
0x00007fff84330000 - 0x00007fff8447b000 	C:\WINDOWS\System32\ucrtbase.dll
0x00007fff70b70000 - 0x00007fff70b8b000 	C:\Program Files\Java\jdk-21\bin\VCRUNTIME140.dll
0x00007fff70b90000 - 0x00007fff70ba9000 	C:\Program Files\Java\jdk-21\bin\jli.dll
0x00007fff85d40000 - 0x00007fff85df4000 	C:\WINDOWS\System32\ADVAPI32.dll
0x00007fff845c0000 - 0x00007fff84669000 	C:\WINDOWS\System32\msvcrt.dll
0x00007fff85320000 - 0x00007fff853c6000 	C:\WINDOWS\System32\sechost.dll
0x00007fff85e00000 - 0x00007fff85f18000 	C:\WINDOWS\System32\RPCRT4.dll
0x00007fff860a0000 - 0x00007fff8626c000 	C:\WINDOWS\System32\USER32.dll
0x00007fff83c10000 - 0x00007fff83c37000 	C:\WINDOWS\System32\win32u.dll
0x00007fff6b360000 - 0x00007fff6b5fa000 	C:\WINDOWS\WinSxS\amd64_microsoft.windows.common-controls_6595b64144ccf1df_6.0.26100.4484_none_3e0e6d4ce32ef3b3\COMCTL32.dll
0x00007fff85100000 - 0x00007fff8512b000 	C:\WINDOWS\System32\GDI32.dll
0x00007fff84480000 - 0x00007fff845b7000 	C:\WINDOWS\System32\gdi32full.dll
0x00007fff83a10000 - 0x00007fff83ab3000 	C:\WINDOWS\System32\msvcp_win.dll
0x00007fff71780000 - 0x00007fff7178b000 	C:\WINDOWS\SYSTEM32\VERSION.dll
0x00007fff85d00000 - 0x00007fff85d2f000 	C:\WINDOWS\System32\IMM32.DLL
0x00007fff739f0000 - 0x00007fff739fc000 	C:\Program Files\Java\jdk-21\bin\vcruntime140_1.dll
0x00007fff24da0000 - 0x00007fff24e2e000 	C:\Program Files\Java\jdk-21\bin\msvcp140.dll
0x00007ffecd6b0000 - 0x00007ffece3c3000 	C:\Program Files\Java\jdk-21\bin\server\jvm.dll
0x00007fff852a0000 - 0x00007fff85314000 	C:\WINDOWS\System32\WS2_32.dll
0x00007fff837c0000 - 0x00007fff8381e000 	C:\WINDOWS\SYSTEM32\POWRPROF.dll
0x00007fff7ad20000 - 0x00007fff7ad55000 	C:\WINDOWS\SYSTEM32\WINMM.dll
0x00007fff837a0000 - 0x00007fff837b4000 	C:\WINDOWS\SYSTEM32\UMPDC.dll
0x00007fff826d0000 - 0x00007fff826eb000 	C:\WINDOWS\SYSTEM32\kernel.appcore.dll
0x00007fff3cf60000 - 0x00007fff3cf6a000 	C:\Program Files\Java\jdk-21\bin\jimage.dll
0x00007fff81000000 - 0x00007fff81241000 	C:\WINDOWS\SYSTEM32\DBGHELP.DLL
0x00007fff862d0000 - 0x00007fff86656000 	C:\WINDOWS\System32\combase.dll
0x00007fff85580000 - 0x00007fff85660000 	C:\WINDOWS\System32\OLEAUT32.dll
0x00007fff680d0000 - 0x00007fff68113000 	C:\WINDOWS\SYSTEM32\dbgcore.DLL
0x00007fff83970000 - 0x00007fff83a09000 	C:\WINDOWS\System32\bcryptPrimitives.dll
0x00007fff3c1e0000 - 0x00007fff3c1ff000 	C:\Program Files\Java\jdk-21\bin\java.dll
0x00007fff84680000 - 0x00007fff84dca000 	C:\WINDOWS\System32\SHELL32.dll
0x00007fff841b0000 - 0x00007fff84324000 	C:\WINDOWS\System32\wintypes.dll
0x00007fff81570000 - 0x00007fff81dcb000 	C:\WINDOWS\SYSTEM32\windows.storage.dll
0x00007fff84f70000 - 0x00007fff85065000 	C:\WINDOWS\System32\SHCORE.dll
0x00007fff85f20000 - 0x00007fff85f8a000 	C:\WINDOWS\System32\shlwapi.dll
0x00007fff83880000 - 0x00007fff838af000 	C:\WINDOWS\SYSTEM32\profapi.dll
0x00007fff1b0c0000 - 0x00007fff1b197000 	C:\Program Files\Java\jdk-21\bin\jsvml.dll
0x00007fff3ce70000 - 0x00007fff3ce80000 	C:\Program Files\Java\jdk-21\bin\net.dll
0x00007fff7a680000 - 0x00007fff7a79e000 	C:\WINDOWS\SYSTEM32\WINHTTP.dll
0x00007fff82c40000 - 0x00007fff82caa000 	C:\WINDOWS\system32\mswsock.dll
0x00007fff3a3e0000 - 0x00007fff3a3f6000 	C:\Program Files\Java\jdk-21\bin\nio.dll
0x00007fff38af0000 - 0x00007fff38b08000 	C:\Program Files\Java\jdk-21\bin\zip.dll
0x00007fff4fe00000 - 0x00007fff4fe24000 	C:\Users\Admin\.m2\wrapper\dists\apache-maven-3.9.10\a38810a491b03367137adfdfbe7d14c4\lib\jansi-native\Windows\x86_64\jansi.dll
0x00007fff3c720000 - 0x00007fff3c730000 	C:\Program Files\Java\jdk-21\bin\verify.dll
0x00007fff83020000 - 0x00007fff8303b000 	C:\WINDOWS\SYSTEM32\CRYPTSP.dll
0x00007fff82630000 - 0x00007fff8266b000 	C:\WINDOWS\system32\rsaenh.dll
0x00007fff82ce0000 - 0x00007fff82d0b000 	C:\WINDOWS\SYSTEM32\USERENV.dll
0x00007fff83850000 - 0x00007fff83876000 	C:\WINDOWS\SYSTEM32\bcrypt.dll
0x00007fff82e80000 - 0x00007fff82e8c000 	C:\WINDOWS\SYSTEM32\CRYPTBASE.dll
0x00007fff82130000 - 0x00007fff82163000 	C:\WINDOWS\SYSTEM32\IPHLPAPI.DLL
0x00007fff86090000 - 0x00007fff8609a000 	C:\WINDOWS\System32\NSI.dll
0x00007fff821d0000 - 0x00007fff822f6000 	C:\WINDOWS\SYSTEM32\DNSAPI.dll
0x00007fff75ba0000 - 0x00007fff75bab000 	C:\Windows\System32\rasadhlp.dll
0x00007fff7c570000 - 0x00007fff7c5f6000 	C:\WINDOWS\System32\fwpuclnt.dll
0x00007fff3a490000 - 0x00007fff3a499000 	C:\Program Files\Java\jdk-21\bin\extnet.dll
0x00007fff3ce20000 - 0x00007fff3ce2e000 	C:\Program Files\Java\jdk-21\bin\sunmscapi.dll
0x00007fff83c40000 - 0x00007fff83db7000 	C:\WINDOWS\System32\CRYPT32.dll
0x00007fff83170000 - 0x00007fff831a0000 	C:\WINDOWS\SYSTEM32\ncrypt.dll
0x00007fff83120000 - 0x00007fff8315f000 	C:\WINDOWS\SYSTEM32\NTASN1.dll

dbghelp: loaded successfully - version: 4.0.5 - missing functions: none
symbol engine: initialized successfully - sym options: 0x614 - pdb path: .;C:\Program Files\Java\jdk-21\bin;C:\WINDOWS\SYSTEM32;C:\WINDOWS\WinSxS\amd64_microsoft.windows.common-controls_6595b64144ccf1df_6.0.26100.4484_none_3e0e6d4ce32ef3b3;C:\Program Files\Java\jdk-21\bin\server;C:\Users\Admin\.m2\wrapper\dists\apache-maven-3.9.10\a38810a491b03367137adfdfbe7d14c4\lib\jansi-native\Windows\x86_64

VM Arguments:
jvm_args: --enable-native-access=ALL-UNNAMED -Dclassworlds.conf=C:\Users\Admin\.m2\wrapper\dists\apache-maven-3.9.10\a38810a491b03367137adfdfbe7d14c4\bin\m2.conf -Dmaven.home=C:\Users\Admin\.m2\wrapper\dists\apache-maven-3.9.10\a38810a491b03367137adfdfbe7d14c4 -Dlibrary.jansi.path=C:\Users\Admin\.m2\wrapper\dists\apache-maven-3.9.10\a38810a491b03367137adfdfbe7d14c4\lib\jansi-native -Dmaven.multiModuleProjectDirectory=e:\Personal\demo (2)\demo 
java_command: org.codehaus.plexus.classworlds.launcher.Launcher -q help:effective-pom -Doutput=e:\Personal\demo (2)\demo\effective-pom.xml
java_class_path (initial): C:\Users\Admin\.m2\wrapper\dists\apache-maven-3.9.10\a38810a491b03367137adfdfbe7d14c4\boot\plexus-classworlds-2.9.0.jar
Launcher Type: SUN_STANDARD

[Global flags]
     intx CICompilerCount                          = 4                                         {product} {ergonomic}
     uint ConcGCThreads                            = 2                                         {product} {ergonomic}
     uint G1ConcRefinementThreads                  = 8                                         {product} {ergonomic}
   size_t G1HeapRegionSize                         = 2097152                                   {product} {ergonomic}
    uintx GCDrainStackTargetSize                   = 64                                        {product} {ergonomic}
   size_t InitialHeapSize                          = 197132288                                 {product} {ergonomic}
   size_t MarkStackSize                            = 4194304                                   {product} {ergonomic}
   size_t MaxHeapSize                              = 3149922304                                {product} {ergonomic}
   size_t MaxNewSize                               = 1889533952                                {product} {ergonomic}
   size_t MinHeapDeltaBytes                        = 2097152                                   {product} {ergonomic}
   size_t MinHeapSize                              = 8388608                                   {product} {ergonomic}
    uintx NonNMethodCodeHeapSize                   = 5839372                                {pd product} {ergonomic}
    uintx NonProfiledCodeHeapSize                  = 122909434                              {pd product} {ergonomic}
    uintx ProfiledCodeHeapSize                     = 122909434                              {pd product} {ergonomic}
    uintx ReservedCodeCacheSize                    = 251658240                              {pd product} {ergonomic}
     bool SegmentedCodeCache                       = true                                      {product} {ergonomic}
   size_t SoftMaxHeapSize                          = 3149922304                             {manageable} {ergonomic}
     bool UseCompressedOops                        = true                           {product lp64_product} {ergonomic}
     bool UseG1GC                                  = true                                      {product} {ergonomic}
     bool UseLargePagesIndividualAllocation        = false                                  {pd product} {ergonomic}

Logging:
Log output configuration:
 #0: stdout all=warning uptime,level,tags foldmultilines=false
 #1: stderr all=off uptime,level,tags foldmultilines=false

Environment Variables:
JAVA_HOME=C:\Program Files\Java\jdk-21
PATH=C:\Program Files\Common Files\Oracle\Java\javapath;C:\Program Files (x86)\Common Files\Oracle\Java\javapath;C:\Program Files (x86)\VMware\VMware Workstation\bin\;C:\app\Admin\product\18.0.0\dbhomeXE\bin;C:\WINDOWS\system32;C:\WINDOWS;C:\WINDOWS\System32\Wbem;C:\WINDOWS\System32\WindowsPowerShell\v1.0\;C:\WINDOWS\System32\OpenSSH\;C:\Users\Admin\AppData\Roaming\nvm;C:\Program Files\nodejs;C:\xampp\php;C:\ProgramData\ComposerSetup\bin;C:\Program Files\MySQL\MySQL Server 8.0\bin;C:\Program Files (x86)\Java\jre1.8.0_361\bin;C:\Program Files\PuTTY\;C:\Program Files\apache-maven-3.9.0\bin;C:\Program Files\Azure Data Studio\bin;C:\Program Files (x86)\Microsoft SQL Server\160\Tools\Binn\;C:\Program Files\Microsoft SQL Server\160\Tools\Binn\;C:\Program Files\Microsoft SQL Server\Client SDK\ODBC\170\Tools\Binn\;C:\Program Files\Microsoft SQL Server\160\DTS\Binn\;C:\Program Files\Java\jdk-21\bin;C:\Program Files (x86)\Microsoft SQL Server\160\DTS\Binn\;C:\Program Files\dotnet\;C:\Program Files\Java\jdk-21\bin;C:\Program Files\PostgreSQL\17\bin;C:\Program Files\Java\jdk-21\bin;C:\Program Files\Git\cmd;C:\Users\Admin\AppData\Local\Android\Sdk\tools\bin;C:\Users\Admin\AppData\Local\Android\Sdk\tools;C:\Users\Admin\AppData\Local\Android\Sdk\platform-tools;;C:\Program Files\Docker\Docker\resources\bin;C:\Program Files\Amazon\AWSCLIV2\;C:\Users\Admin\AppData\Local\Programs\Python\Launcher\;C:\Program Files\MySQL\MySQL Shell 8.0\bin\;C:\Users\Admin\AppData\Local\Microsoft\WindowsApps;C:\Users\Admin\AppData\Local\Programs\Microsoft VS Code\bin;C:\Users\Admin\AppData\Roaming\nvm;C:\Program Files\nodejs;C:\xampp\php;C:\Users\Admin\AppData\Roaming\Composer\vendor\bin;C:\Program Files (x86)\Java\jre1.8.0_361\bin;C:\Program Files\Azure Data Studio\bin;C:\Users\Admin\AppData\Roaming\npm;C:\Users\Admin\.dotnet\tools;C:\Program Files\Java\jdk-21;C:\Users\Admin\AppData\Local\Android\Sdk\tools;C:\Users\Admin\AppData\Local\Android\Sdk\tools\bin;
USERNAME=Admin
OS=Windows_NT
PROCESSOR_IDENTIFIER=Intel64 Family 6 Model 140 Stepping 1, GenuineIntel
TMP=C:\Users\Admin\AppData\Local\Temp
TEMP=C:\Users\Admin\AppData\Local\Temp




Periodic native trim disabled

---------------  S Y S T E M  ---------------

OS:
 Windows 11 , 64 bit Build 26100 (10.0.26100.4484)
OS uptime: 0 days 18:01 hours
Hyper-V role detected

CPU: total 8 (initial active 8) (4 cores per cpu, 2 threads per core) family 6 model 140 stepping 1 microcode 0xbc, cx8, cmov, fxsr, ht, mmx, 3dnowpref, sse, sse2, sse3, ssse3, sse4.1, sse4.2, popcnt, lzcnt, tsc, tscinvbit, avx, avx2, aes, erms, clmul, bmi1, bmi2, adx, avx512f, avx512dq, avx512cd, avx512bw, avx512vl, sha, fma, vzeroupper, avx512_vpopcntdq, avx512_vpclmulqdq, avx512_vaes, avx512_vnni, clflush, clflushopt, clwb, avx512_vbmi2, avx512_vbmi, hv, rdtscp, rdpid, fsrm, gfni, avx512_bitalg, f16c, cet_ibt, cet_ss, avx512_ifma
Processor Information for all 8 processors :
  Max Mhz: 2419, Current Mhz: 2419, Mhz Limit: 2419

Memory: 4k page, system-wide physical 12010M (1249M free)
TotalPageFile size 28535M (AvailPageFile size 250M)
current process WorkingSet (physical memory assigned to process): 131M, peak: 191M
current process commit charge ("private bytes"): 201M, peak: 329M

vm_info: Java HotSpot(TM) 64-Bit Server VM (21.0.4+8-LTS-274) for windows-amd64 JRE (21.0.4+8-LTS-274), built on 2024-06-05T05:23:33Z by "mach5one" with MS VC++ 17.6 (VS2022)

END.
