#
# There is insufficient memory for the Java Runtime Environment to continue.
# Native memory allocation (malloc) failed to allocate 656672 bytes. Error detail: Chunk::new
# Possible reasons:
#   The system is out of physical RAM or swap space
#   This process is running with CompressedOops enabled, and the Java Heap may be blocking the growth of the native heap
# Possible solutions:
#   Reduce memory load on the system
#   Increase physical memory or swap space
#   Check if swap backing store is full
#   Decrease Java heap size (-Xmx/-Xms)
#   Decrease number of Java threads
#   Decrease Java thread stack sizes (-Xss)
#   Set larger code cache with -XX:ReservedCodeCacheSize=
#   JVM is running with Unscaled Compressed Oops mode in which the Java heap is
#     placed in the first 4GB address space. The Java Heap base address is the
#     maximum limit for the native heap growth. Please use -XX:HeapBaseMinAddress
#     to set the Java Heap base and to place the Java Heap above 4GB virtual address.
# This output file may be truncated or incomplete.
#
#  Out of Memory Error (arena.cpp:168), pid=11648, tid=21688
#
# JRE version: OpenJDK Runtime Environment Temurin-21.0.7+6 (21.0.7+6) (build 21.0.7+6-LTS)
# Java VM: OpenJDK 64-Bit Server VM Temurin-21.0.7+6 (21.0.7+6-LTS, mixed mode, sharing, tiered, compressed oops, compressed class ptrs, parallel gc, windows-amd64)
# No core dump will be written. Minidumps are not enabled by default on client versions of Windows
#

---------------  S U M M A R Y ------------

Command Line: --add-modules=ALL-SYSTEM --add-opens=java.base/java.util=ALL-UNNAMED --add-opens=java.base/java.lang=ALL-UNNAMED --add-opens=java.base/sun.nio.fs=ALL-UNNAMED -Declipse.application=org.eclipse.jdt.ls.core.id1 -Dosgi.bundles.defaultStartLevel=4 -Declipse.product=org.eclipse.jdt.ls.core.product -Djava.import.generatesMetadataFilesAtProjectRoot=false -DDetectVMInstallationsJob.disabled=true -Dfile.encoding=utf8 -XX:+UseParallelGC -XX:GCTimeRatio=4 -XX:AdaptiveSizePolicyWeight=90 -Dsun.zip.disableMemoryMapping=true -Xmx2G -Xms100m -Xlog:disable -javaagent:c:\Users\Admin\.vscode\extensions\redhat.java-1.43.1-win32-x64\lombok\lombok-1.18.39-4050.jar c:\Users\Admin\.vscode\extensions\redhat.java-1.43.1-win32-x64\server\plugins\org.eclipse.equinox.launcher_1.7.0.v20250519-0528.jar -configuration c:\Users\Admin\AppData\Roaming\Code\User\globalStorage\redhat.java\1.43.1\config_ss_win -data c:\Users\Admin\AppData\Roaming\Code\User\workspaceStorage\2a8215986621d579e6b417848d7ee4b7\redhat.java\ss_ws --pipe=\\.\pipe\lsp-0a208c76af57efed71e0de7e87417422-sock

Host: 11th Gen Intel(R) Core(TM) i5-1135G7 @ 2.40GHz, 8 cores, 11G,  Windows 11 , 64 bit Build 26100 (10.0.26100.4484)
Time: Tue Jul 22 13:23:24 2025 Sri Lanka Standard Time elapsed time: 3.242297 seconds (0d 0h 0m 3s)

---------------  T H R E A D  ---------------

Current thread (0x00000205fd8d8c30):  JavaThread "C2 CompilerThread0" daemon [_thread_in_native, id=21688, stack(0x000000b737f00000,0x000000b738000000) (1024K)]


Current CompileTask:
C2:3242 2633       4       java.lang.invoke.MethodType::makeImpl (109 bytes)

Stack: [0x000000b737f00000,0x000000b738000000]
Native frames: (J=compiled Java code, j=interpreted, Vv=VM code, C=native code)
V  [jvm.dll+0x6ce119]
V  [jvm.dll+0x8a84a1]
V  [jvm.dll+0x8aa9ce]
V  [jvm.dll+0x8ab0b3]
V  [jvm.dll+0x27f8a6]
V  [jvm.dll+0xc507d]
V  [jvm.dll+0xc55b3]
V  [jvm.dll+0x3b692c]
V  [jvm.dll+0x1dfcaa]
V  [jvm.dll+0x247c42]
V  [jvm.dll+0x2470cf]
V  [jvm.dll+0x1c760e]
V  [jvm.dll+0x25695a]
V  [jvm.dll+0x254efa]
V  [jvm.dll+0x3f03f6]
V  [jvm.dll+0x851f6b]
V  [jvm.dll+0x6cc7dd]
C  [ucrtbase.dll+0x37b0]
C  [KERNEL32.DLL+0x2e8d7]
C  [ntdll.dll+0x3c34c]


---------------  P R O C E S S  ---------------

Threads class SMR info:
_java_thread_list=0x00000205fe9dae90, length=22, elements={
0x00000205f46b2b20, 0x00000205f476bc40, 0x00000205f476cb50, 0x00000205f46286a0,
0x00000205f464b470, 0x00000205f46510b0, 0x00000205f465bcb0, 0x00000205fd8d8c30,
0x00000205fd8db650, 0x00000205f465af90, 0x00000205f4659550, 0x00000205f465a270,
0x00000205f4659be0, 0x00000205f465b620, 0x00000205f465c340, 0x00000205f465c9d0,
0x00000205f465a900, 0x00000205fea40d00, 0x00000205fea41390, 0x00000205fea43af0,
0x00000205feb1a040, 0x00000205fea5fae0
}

Java Threads: ( => current thread )
  0x00000205f46b2b20 JavaThread "main"                              [_thread_blocked, id=21624, stack(0x000000b737500000,0x000000b737600000) (1024K)]
  0x00000205f476bc40 JavaThread "Reference Handler"          daemon [_thread_blocked, id=16096, stack(0x000000b737900000,0x000000b737a00000) (1024K)]
  0x00000205f476cb50 JavaThread "Finalizer"                  daemon [_thread_blocked, id=8020, stack(0x000000b737a00000,0x000000b737b00000) (1024K)]
  0x00000205f46286a0 JavaThread "Signal Dispatcher"          daemon [_thread_blocked, id=24468, stack(0x000000b737b00000,0x000000b737c00000) (1024K)]
  0x00000205f464b470 JavaThread "Attach Listener"            daemon [_thread_blocked, id=18060, stack(0x000000b737c00000,0x000000b737d00000) (1024K)]
  0x00000205f46510b0 JavaThread "Service Thread"             daemon [_thread_blocked, id=16856, stack(0x000000b737d00000,0x000000b737e00000) (1024K)]
  0x00000205f465bcb0 JavaThread "Monitor Deflation Thread"   daemon [_thread_blocked, id=16160, stack(0x000000b737e00000,0x000000b737f00000) (1024K)]
=>0x00000205fd8d8c30 JavaThread "C2 CompilerThread0"         daemon [_thread_in_native, id=21688, stack(0x000000b737f00000,0x000000b738000000) (1024K)]
  0x00000205fd8db650 JavaThread "C1 CompilerThread0"         daemon [_thread_blocked, id=23924, stack(0x000000b738000000,0x000000b738100000) (1024K)]
  0x00000205f465af90 JavaThread "Common-Cleaner"             daemon [_thread_blocked, id=3056, stack(0x000000b738100000,0x000000b738200000) (1024K)]
  0x00000205f4659550 JavaThread "Notification Thread"        daemon [_thread_blocked, id=22148, stack(0x000000b738300000,0x000000b738400000) (1024K)]
  0x00000205f465a270 JavaThread "Active Thread: Equinox Container: 585463c1-065f-468e-b3d8-d7845b55198f"        [_thread_blocked, id=8532, stack(0x000000b738b00000,0x000000b738c00000) (1024K)]
  0x00000205f4659be0 JavaThread "Framework Event Dispatcher: Equinox Container: 585463c1-065f-468e-b3d8-d7845b55198f" daemon [_thread_blocked, id=23988, stack(0x000000b738c00000,0x000000b738d00000) (1024K)]
  0x00000205f465b620 JavaThread "Start Level: Equinox Container: 585463c1-065f-468e-b3d8-d7845b55198f" daemon [_thread_in_vm, id=17072, stack(0x000000b738d00000,0x000000b738e00000) (1024K)]
  0x00000205f465c340 JavaThread "SCR Component Actor"        daemon [_thread_blocked, id=17612, stack(0x000000b738f00000,0x000000b739000000) (1024K)]
  0x00000205f465c9d0 JavaThread "SCR Component Registry"     daemon [_thread_blocked, id=4124, stack(0x000000b738200000,0x000000b738300000) (1024K)]
  0x00000205f465a900 JavaThread "Worker-JM"                         [_thread_blocked, id=20368, stack(0x000000b738400000,0x000000b738500000) (1024K)]
  0x00000205fea40d00 JavaThread "JNA Cleaner"                daemon [_thread_blocked, id=8136, stack(0x000000b739000000,0x000000b739100000) (1024K)]
  0x00000205fea41390 JavaThread "Worker-0: Refreshing workspace"        [_thread_in_vm, id=9740, stack(0x000000b739100000,0x000000b739200000) (1024K)]
  0x00000205fea43af0 JavaThread "Worker-1"                          [_thread_blocked, id=14688, stack(0x000000b739200000,0x000000b739300000) (1024K)]
  0x00000205feb1a040 JavaThread "C2 CompilerThread1"         daemon [_thread_blocked, id=19468, stack(0x000000b739300000,0x000000b739400000) (1024K)]
  0x00000205fea5fae0 JavaThread "C2 CompilerThread2"         daemon [_thread_blocked, id=12548, stack(0x000000b739400000,0x000000b739500000) (1024K)]
Total: 22

Other Threads:
  0x00000205f4622e90 VMThread "VM Thread"                           [id=12336, stack(0x000000b737800000,0x000000b737900000) (1024K)]
  0x00000205f471dfb0 WatcherThread "VM Periodic Task Thread"        [id=22240, stack(0x000000b737700000,0x000000b737800000) (1024K)]
  0x00000205f46d0220 WorkerThread "GC Thread#0"                     [id=5672, stack(0x000000b737600000,0x000000b737700000) (1024K)]
  0x00000205fe439010 WorkerThread "GC Thread#1"                     [id=18084, stack(0x000000b738500000,0x000000b738600000) (1024K)]
  0x00000205fdfd9a30 WorkerThread "GC Thread#2"                     [id=23844, stack(0x000000b738600000,0x000000b738700000) (1024K)]
  0x00000205fdfd9dd0 WorkerThread "GC Thread#3"                     [id=23236, stack(0x000000b738700000,0x000000b738800000) (1024K)]
  0x00000205fe460820 WorkerThread "GC Thread#4"                     [id=5588, stack(0x000000b738800000,0x000000b738900000) (1024K)]
  0x00000205fe460bc0 WorkerThread "GC Thread#5"                     [id=9484, stack(0x000000b738900000,0x000000b738a00000) (1024K)]
  0x00000205fe460f60 WorkerThread "GC Thread#6"                     [id=4468, stack(0x000000b738a00000,0x000000b738b00000) (1024K)]
  0x00000205fe92b6e0 WorkerThread "GC Thread#7"                     [id=12832, stack(0x000000b738e00000,0x000000b738f00000) (1024K)]
Total: 10

Threads with active compile tasks:
C2 CompilerThread0  3264 2633       4       java.lang.invoke.MethodType::makeImpl (109 bytes)
Total: 1

VM state: not at safepoint (normal execution)

VM Mutex/Monitor currently owned by a thread:  ([mutex/lock_event])
[0x00007fff148dc308] Metaspace_lock - owner thread: 0x00000205f465b620

Heap address: 0x0000000080000000, size: 2048 MB, Compressed Oops mode: 32-bit

CDS archive(s) mapped at: [0x000002058f000000-0x000002058fba0000-0x000002058fba0000), size 12189696, SharedBaseAddress: 0x000002058f000000, ArchiveRelocationMode: 1.
Compressed class space mapped at: 0x0000020590000000-0x00000205d0000000, reserved size: 1073741824
Narrow klass base: 0x000002058f000000, Narrow klass shift: 0, Narrow klass range: 0x100000000

GC Precious Log:
 CardTable entry size: 512
 CPUs: 8 total, 8 available
 Memory: 12010M
 Large Page Support: Disabled
 NUMA Support: Disabled
 Compressed Oops: Enabled (32-bit)
 Alignments: Space 512K, Generation 512K, Heap 2M
 Heap Min Capacity: 100M
 Heap Initial Capacity: 100M
 Heap Max Capacity: 2G
 Pre-touch: Disabled
 Parallel Workers: 8

Heap:
 PSYoungGen      total 29696K, used 19087K [0x00000000d5580000, 0x00000000d7680000, 0x0000000100000000)
  eden space 25600K, 58% used [0x00000000d5580000,0x00000000d64268b0,0x00000000d6e80000)
  from space 4096K, 99% used [0x00000000d7280000,0x00000000d767d528,0x00000000d7680000)
  to   space 4096K, 0% used [0x00000000d6e80000,0x00000000d6e80000,0x00000000d7280000)
 ParOldGen       total 68608K, used 4900K [0x0000000080000000, 0x0000000084300000, 0x00000000d5580000)
  object space 68608K, 7% used [0x0000000080000000,0x00000000804c9268,0x0000000084300000)
 Metaspace       used 17540K, committed 18240K, reserved 1114112K
  class space    used 1770K, committed 2048K, reserved 1048576K

Card table byte_map: [0x00000205f4050000,0x00000205f4460000] _byte_map_base: 0x00000205f3c50000

Marking Bits: (ParMarkBitMap*) 0x00007fff148e31f0
 Begin Bits: [0x00000205f7b50000, 0x00000205f9b50000)
 End Bits:   [0x00000205f9b50000, 0x00000205fbb50000)

Polling page: 0x00000205f24f0000

Metaspace:

Usage:
  Non-class:     15.40 MB used.
      Class:      1.73 MB used.
       Both:     17.13 MB used.

Virtual space:
  Non-class space:       64.00 MB reserved,      15.81 MB ( 25%) committed,  1 nodes.
      Class space:        1.00 GB reserved,       2.00 MB ( <1%) committed,  1 nodes.
             Both:        1.06 GB reserved,      17.81 MB (  2%) committed. 

Chunk freelists:
   Non-Class:  15.86 MB
       Class:  14.00 MB
        Both:  29.86 MB

MaxMetaspaceSize: unlimited
CompressedClassSpaceSize: 1.00 GB
Initial GC threshold: 21.00 MB
Current GC threshold: 21.00 MB
CDS: on
 - commit_granule_bytes: 65536.
 - commit_granule_words: 8192.
 - virtual_space_node_default_size: 8388608.
 - enlarge_chunks_in_place: 1.
 - use_allocation_guard: 0.


Internal statistics:

num_allocs_failed_limit: 0.
num_arena_births: 506.
num_arena_deaths: 0.
num_vsnodes_births: 2.
num_vsnodes_deaths: 0.
num_space_committed: 285.
num_space_uncommitted: 0.
num_chunks_returned_to_freelist: 0.
num_chunks_taken_from_freelist: 1146.
num_chunk_merges: 0.
num_chunk_splits: 726.
num_chunks_enlarged: 466.
num_inconsistent_stats: 0.

CodeHeap 'non-profiled nmethods': size=120000Kb used=1184Kb max_used=1184Kb free=118815Kb
 bounds [0x0000020587ad0000, 0x0000020587d40000, 0x000002058f000000]
CodeHeap 'profiled nmethods': size=120000Kb used=5380Kb max_used=5380Kb free=114619Kb
 bounds [0x0000020580000000, 0x0000020580550000, 0x0000020587530000]
CodeHeap 'non-nmethods': size=5760Kb used=1285Kb max_used=1306Kb free=4474Kb
 bounds [0x0000020587530000, 0x00000205877a0000, 0x0000020587ad0000]
 total_blobs=3325 nmethods=2773 adapters=458
 compilation: enabled
              stopped_count=0, restarted_count=0
 full_count=0

Compilation events (20 events):
Event: 3.236 Thread 0x00000205fd8db650 2756       3       org.eclipse.core.internal.filesystem.local.Win32Handler::readDWORDAsSignedInt (7 bytes)
Event: 3.236 Thread 0x00000205fd8db650 nmethod 2756 0x000002058053af90 code [0x000002058053b140, 0x000002058053b2f0]
Event: 3.236 Thread 0x00000205fd8db650 2760       3       org.eclipse.core.runtime.Path::isRoot (30 bytes)
Event: 3.236 Thread 0x00000205fd8db650 nmethod 2760 0x000002058053b410 code [0x000002058053b5c0, 0x000002058053b7c0]
Event: 3.236 Thread 0x00000205fd8db650 2757       3       com.sun.jna.Memory::getInt (14 bytes)
Event: 3.236 Thread 0x00000205fd8db650 nmethod 2757 0x000002058053b890 code [0x000002058053ba40, 0x000002058053bc60]
Event: 3.236 Thread 0x00000205fd8db650 2758       3       com.sun.jna.Pointer::getInt (10 bytes)
Event: 3.236 Thread 0x00000205fd8db650 nmethod 2758 0x000002058053bd90 code [0x000002058053bf40, 0x000002058053c080]
Event: 3.236 Thread 0x00000205fd8db650 2759       1       com.sun.jna.internal.Cleaner$CleanerRef::getPrevious (5 bytes)
Event: 3.236 Thread 0x00000205fd8db650 nmethod 2759 0x0000020587bf7090 code [0x0000020587bf7220, 0x0000020587bf72e8]
Event: 3.236 Thread 0x00000205fd8db650 2761       1       org.eclipse.core.internal.dtree.AbstractDataTreeNode::isDeleted (2 bytes)
Event: 3.236 Thread 0x00000205fd8db650 nmethod 2761 0x0000020587bf7390 code [0x0000020587bf7520, 0x0000020587bf75e8]
Event: 3.237 Thread 0x00000205fd8db650 2762       3       org.lombokweb.asm.Label::accept (69 bytes)
Event: 3.238 Thread 0x00000205fd8db650 nmethod 2762 0x000002058053c110 code [0x000002058053c300, 0x000002058053c838]
Event: 3.238 Thread 0x00000205fd8db650 2763       3       org.lombokweb.asm.MethodVisitor::visitLineNumber (17 bytes)
Event: 3.238 Thread 0x00000205fd8db650 nmethod 2763 0x000002058053ca10 code [0x000002058053cbc0, 0x000002058053cdc8]
Event: 3.240 Thread 0x00000205fd8db650 2764       1       org.eclipse.core.filesystem.provider.FileInfo::getName (5 bytes)
Event: 3.240 Thread 0x00000205fd8db650 nmethod 2764 0x0000020587bf7690 code [0x0000020587bf7820, 0x0000020587bf78e8]
Event: 3.240 Thread 0x00000205fd8db650 2765       3       org.eclipse.core.internal.filesystem.local.Win32Handler::isSet (13 bytes)
Event: 3.240 Thread 0x00000205fd8db650 nmethod 2765 0x000002058053ce90 code [0x000002058053d040, 0x000002058053d198]

GC Heap History (8 events):
Event: 0.820 GC heap before
{Heap before GC invocations=1 (full 0):
 PSYoungGen      total 29696K, used 25600K [0x00000000d5580000, 0x00000000d7680000, 0x0000000100000000)
  eden space 25600K, 100% used [0x00000000d5580000,0x00000000d6e80000,0x00000000d6e80000)
  from space 4096K, 0% used [0x00000000d7280000,0x00000000d7280000,0x00000000d7680000)
  to   space 4096K, 0% used [0x00000000d6e80000,0x00000000d6e80000,0x00000000d7280000)
 ParOldGen       total 68608K, used 0K [0x0000000080000000, 0x0000000084300000, 0x00000000d5580000)
  object space 68608K, 0% used [0x0000000080000000,0x0000000080000000,0x0000000084300000)
 Metaspace       used 4286K, committed 4544K, reserved 1114112K
  class space    used 457K, committed 576K, reserved 1048576K
}
Event: 0.828 GC heap after
{Heap after GC invocations=1 (full 0):
 PSYoungGen      total 29696K, used 3303K [0x00000000d5580000, 0x00000000d7680000, 0x0000000100000000)
  eden space 25600K, 0% used [0x00000000d5580000,0x00000000d5580000,0x00000000d6e80000)
  from space 4096K, 80% used [0x00000000d6e80000,0x00000000d71b9c68,0x00000000d7280000)
  to   space 4096K, 0% used [0x00000000d7280000,0x00000000d7280000,0x00000000d7680000)
 ParOldGen       total 68608K, used 16K [0x0000000080000000, 0x0000000084300000, 0x00000000d5580000)
  object space 68608K, 0% used [0x0000000080000000,0x0000000080004000,0x0000000084300000)
 Metaspace       used 4286K, committed 4544K, reserved 1114112K
  class space    used 457K, committed 576K, reserved 1048576K
}
Event: 1.547 GC heap before
{Heap before GC invocations=2 (full 0):
 PSYoungGen      total 29696K, used 28903K [0x00000000d5580000, 0x00000000d7680000, 0x0000000100000000)
  eden space 25600K, 100% used [0x00000000d5580000,0x00000000d6e80000,0x00000000d6e80000)
  from space 4096K, 80% used [0x00000000d6e80000,0x00000000d71b9c68,0x00000000d7280000)
  to   space 4096K, 0% used [0x00000000d7280000,0x00000000d7280000,0x00000000d7680000)
 ParOldGen       total 68608K, used 16K [0x0000000080000000, 0x0000000084300000, 0x00000000d5580000)
  object space 68608K, 0% used [0x0000000080000000,0x0000000080004000,0x0000000084300000)
 Metaspace       used 8097K, committed 8384K, reserved 1114112K
  class space    used 838K, committed 960K, reserved 1048576K
}
Event: 1.553 GC heap after
{Heap after GC invocations=2 (full 0):
 PSYoungGen      total 29696K, used 4075K [0x00000000d5580000, 0x00000000d7680000, 0x0000000100000000)
  eden space 25600K, 0% used [0x00000000d5580000,0x00000000d5580000,0x00000000d6e80000)
  from space 4096K, 99% used [0x00000000d7280000,0x00000000d767adc0,0x00000000d7680000)
  to   space 4096K, 0% used [0x00000000d6e80000,0x00000000d6e80000,0x00000000d7280000)
 ParOldGen       total 68608K, used 913K [0x0000000080000000, 0x0000000084300000, 0x00000000d5580000)
  object space 68608K, 1% used [0x0000000080000000,0x00000000800e46c8,0x0000000084300000)
 Metaspace       used 8097K, committed 8384K, reserved 1114112K
  class space    used 838K, committed 960K, reserved 1048576K
}
Event: 2.303 GC heap before
{Heap before GC invocations=3 (full 0):
 PSYoungGen      total 29696K, used 29675K [0x00000000d5580000, 0x00000000d7680000, 0x0000000100000000)
  eden space 25600K, 100% used [0x00000000d5580000,0x00000000d6e80000,0x00000000d6e80000)
  from space 4096K, 99% used [0x00000000d7280000,0x00000000d767adc0,0x00000000d7680000)
  to   space 4096K, 0% used [0x00000000d6e80000,0x00000000d6e80000,0x00000000d7280000)
 ParOldGen       total 68608K, used 913K [0x0000000080000000, 0x0000000084300000, 0x00000000d5580000)
  object space 68608K, 1% used [0x0000000080000000,0x00000000800e46c8,0x0000000084300000)
 Metaspace       used 12858K, committed 13376K, reserved 1114112K
  class space    used 1328K, committed 1536K, reserved 1048576K
}
Event: 2.307 GC heap after
{Heap after GC invocations=3 (full 0):
 PSYoungGen      total 29696K, used 4085K [0x00000000d5580000, 0x00000000d7680000, 0x0000000100000000)
  eden space 25600K, 0% used [0x00000000d5580000,0x00000000d5580000,0x00000000d6e80000)
  from space 4096K, 99% used [0x00000000d6e80000,0x00000000d727d4e8,0x00000000d7280000)
  to   space 4096K, 0% used [0x00000000d7280000,0x00000000d7280000,0x00000000d7680000)
 ParOldGen       total 68608K, used 2702K [0x0000000080000000, 0x0000000084300000, 0x00000000d5580000)
  object space 68608K, 3% used [0x0000000080000000,0x00000000802a3a98,0x0000000084300000)
 Metaspace       used 12858K, committed 13376K, reserved 1114112K
  class space    used 1328K, committed 1536K, reserved 1048576K
}
Event: 3.110 GC heap before
{Heap before GC invocations=4 (full 0):
 PSYoungGen      total 29696K, used 29685K [0x00000000d5580000, 0x00000000d7680000, 0x0000000100000000)
  eden space 25600K, 100% used [0x00000000d5580000,0x00000000d6e80000,0x00000000d6e80000)
  from space 4096K, 99% used [0x00000000d6e80000,0x00000000d727d4e8,0x00000000d7280000)
  to   space 4096K, 0% used [0x00000000d7280000,0x00000000d7280000,0x00000000d7680000)
 ParOldGen       total 68608K, used 2702K [0x0000000080000000, 0x0000000084300000, 0x00000000d5580000)
  object space 68608K, 3% used [0x0000000080000000,0x00000000802a3a98,0x0000000084300000)
 Metaspace       used 16670K, committed 17280K, reserved 1114112K
  class space    used 1694K, committed 1920K, reserved 1048576K
}
Event: 3.115 GC heap after
{Heap after GC invocations=4 (full 0):
 PSYoungGen      total 29696K, used 4085K [0x00000000d5580000, 0x00000000d7680000, 0x0000000100000000)
  eden space 25600K, 0% used [0x00000000d5580000,0x00000000d5580000,0x00000000d6e80000)
  from space 4096K, 99% used [0x00000000d7280000,0x00000000d767d528,0x00000000d7680000)
  to   space 4096K, 0% used [0x00000000d6e80000,0x00000000d6e80000,0x00000000d7280000)
 ParOldGen       total 68608K, used 4900K [0x0000000080000000, 0x0000000084300000, 0x00000000d5580000)
  object space 68608K, 7% used [0x0000000080000000,0x00000000804c9268,0x0000000084300000)
 Metaspace       used 16670K, committed 17280K, reserved 1114112K
  class space    used 1694K, committed 1920K, reserved 1048576K
}

Dll operation events (10 events):
Event: 0.013 Loaded shared library c:\Users\Admin\.vscode\extensions\redhat.java-1.43.1-win32-x64\jre\21.0.7-win32-x86_64\bin\java.dll
Event: 0.099 Loaded shared library c:\Users\Admin\.vscode\extensions\redhat.java-1.43.1-win32-x64\jre\21.0.7-win32-x86_64\bin\zip.dll
Event: 0.127 Loaded shared library C:\Users\Admin\.vscode\extensions\redhat.java-1.43.1-win32-x64\jre\21.0.7-win32-x86_64\bin\instrument.dll
Event: 0.135 Loaded shared library C:\Users\Admin\.vscode\extensions\redhat.java-1.43.1-win32-x64\jre\21.0.7-win32-x86_64\bin\net.dll
Event: 0.138 Loaded shared library C:\Users\Admin\.vscode\extensions\redhat.java-1.43.1-win32-x64\jre\21.0.7-win32-x86_64\bin\nio.dll
Event: 0.142 Loaded shared library C:\Users\Admin\.vscode\extensions\redhat.java-1.43.1-win32-x64\jre\21.0.7-win32-x86_64\bin\zip.dll
Event: 0.165 Loaded shared library C:\Users\Admin\.vscode\extensions\redhat.java-1.43.1-win32-x64\jre\21.0.7-win32-x86_64\bin\jimage.dll
Event: 0.242 Loaded shared library c:\Users\Admin\.vscode\extensions\redhat.java-1.43.1-win32-x64\jre\21.0.7-win32-x86_64\bin\verify.dll
Event: 1.526 Loaded shared library C:\Users\Admin\AppData\Roaming\Code\User\globalStorage\redhat.java\1.43.1\config_ss_win\org.eclipse.equinox.launcher\org.eclipse.equinox.launcher.win32.win32.x86_64_1.2.1300.v20250331-1702\eclipse_11911.dll
Event: 2.887 Loaded shared library C:\Users\Admin\AppData\Local\Temp\jna-63116079\jna3693638693994653966.dll

Deoptimization events (20 events):
Event: 3.089 Thread 0x00000205f465b620 Uncommon trap: trap_request=0xffffffde fr.pc=0x0000020587bc3314 relative=0x00000000000003b4
Event: 3.089 Thread 0x00000205f465b620 Uncommon trap: reason=class_check action=maybe_recompile pc=0x0000020587bc3314 method=java.util.regex.Pattern$BmpCharPropertyGreedy.match(Ljava/util/regex/Matcher;ILjava/lang/CharSequence;)Z @ 70 c2
Event: 3.089 Thread 0x00000205f465b620 DEOPT PACKING pc=0x0000020587bc3314 sp=0x000000b738df3460
Event: 3.089 Thread 0x00000205f465b620 DEOPT UNPACKING pc=0x0000020587586da2 sp=0x000000b738df3408 mode 2
Event: 3.089 Thread 0x00000205f465b620 Uncommon trap: trap_request=0xffffffde fr.pc=0x0000020587bc3314 relative=0x00000000000003b4
Event: 3.089 Thread 0x00000205f465b620 Uncommon trap: reason=class_check action=maybe_recompile pc=0x0000020587bc3314 method=java.util.regex.Pattern$BmpCharPropertyGreedy.match(Ljava/util/regex/Matcher;ILjava/lang/CharSequence;)Z @ 70 c2
Event: 3.089 Thread 0x00000205f465b620 DEOPT PACKING pc=0x0000020587bc3314 sp=0x000000b738df32b0
Event: 3.089 Thread 0x00000205f465b620 DEOPT UNPACKING pc=0x0000020587586da2 sp=0x000000b738df3258 mode 2
Event: 3.089 Thread 0x00000205f465b620 Uncommon trap: trap_request=0xffffffde fr.pc=0x0000020587bc3314 relative=0x00000000000003b4
Event: 3.089 Thread 0x00000205f465b620 Uncommon trap: reason=class_check action=maybe_recompile pc=0x0000020587bc3314 method=java.util.regex.Pattern$BmpCharPropertyGreedy.match(Ljava/util/regex/Matcher;ILjava/lang/CharSequence;)Z @ 70 c2
Event: 3.089 Thread 0x00000205f465b620 DEOPT PACKING pc=0x0000020587bc3314 sp=0x000000b738df3470
Event: 3.089 Thread 0x00000205f465b620 DEOPT UNPACKING pc=0x0000020587586da2 sp=0x000000b738df3418 mode 2
Event: 3.089 Thread 0x00000205f465b620 Uncommon trap: trap_request=0xffffffde fr.pc=0x0000020587bc3314 relative=0x00000000000003b4
Event: 3.089 Thread 0x00000205f465b620 Uncommon trap: reason=class_check action=maybe_recompile pc=0x0000020587bc3314 method=java.util.regex.Pattern$BmpCharPropertyGreedy.match(Ljava/util/regex/Matcher;ILjava/lang/CharSequence;)Z @ 70 c2
Event: 3.089 Thread 0x00000205f465b620 DEOPT PACKING pc=0x0000020587bc3314 sp=0x000000b738df32c0
Event: 3.089 Thread 0x00000205f465b620 DEOPT UNPACKING pc=0x0000020587586da2 sp=0x000000b738df3268 mode 2
Event: 3.209 Thread 0x00000205f465b620 Uncommon trap: trap_request=0xffffff6e fr.pc=0x0000020587befc74 relative=0x0000000000000b74
Event: 3.209 Thread 0x00000205f465b620 Uncommon trap: reason=loop_limit_check action=maybe_recompile pc=0x0000020587befc74 method=java.util.regex.Pattern$StartS.match(Ljava/util/regex/Matcher;ILjava/lang/CharSequence;)Z @ 34 c2
Event: 3.209 Thread 0x00000205f465b620 DEOPT PACKING pc=0x0000020587befc74 sp=0x000000b738def2d0
Event: 3.209 Thread 0x00000205f465b620 DEOPT UNPACKING pc=0x0000020587586da2 sp=0x000000b738def250 mode 2

Classes loaded (20 events):
Event: 3.135 Loading class java/net/SocketException
Event: 3.135 Loading class java/net/SocketException done
Event: 3.135 Loading class java/net/UnknownHostException
Event: 3.135 Loading class java/net/UnknownHostException done
Event: 3.135 Loading class java/net/ProtocolException
Event: 3.135 Loading class java/net/ProtocolException done
Event: 3.153 Loading class java/lang/ThreadLocal$SuppliedThreadLocal
Event: 3.154 Loading class java/lang/ThreadLocal$SuppliedThreadLocal done
Event: 3.160 Loading class java/lang/NegativeArraySizeException
Event: 3.160 Loading class java/lang/NegativeArraySizeException done
Event: 3.161 Loading class java/io/FileWriter
Event: 3.161 Loading class java/io/FileWriter done
Event: 3.226 Loading class java/util/AbstractList$RandomAccessSubList
Event: 3.226 Loading class java/util/AbstractList$SubList
Event: 3.226 Loading class java/util/AbstractList$SubList done
Event: 3.226 Loading class java/util/AbstractList$RandomAccessSubList done
Event: 3.226 Loading class java/util/AbstractList$SubList$1
Event: 3.226 Loading class java/util/AbstractList$SubList$1 done
Event: 3.226 Loading class java/util/AbstractList$ListItr
Event: 3.227 Loading class java/util/AbstractList$ListItr done

Classes unloaded (0 events):
No events

Classes redefined (0 events):
No events

Internal exceptions (20 events):
Event: 2.906 Thread 0x00000205f465b620 Exception <a 'java/lang/NoSuchMethodError'{0x00000000d654ad58}: 'void java.lang.invoke.DelegatingMethodHandle$Holder.reinvoke_L(java.lang.Object, java.lang.Object, int)'> (0x00000000d654ad58) 
thrown [s\src\hotspot\share\interpreter\linkResolver.cpp, line 773]
Event: 2.907 Thread 0x00000205f465b620 Exception <a 'java/lang/NoSuchMethodError'{0x00000000d6551a40}: 'int java.lang.invoke.Invokers$Holder.invokeExact_MT(java.lang.Object, java.lang.Object, java.lang.Object)'> (0x00000000d6551a40) 
thrown [s\src\hotspot\share\interpreter\linkResolver.cpp, line 773]
Event: 2.928 Thread 0x00000205f465b620 Exception <a 'java/lang/NoSuchMethodError'{0x00000000d665bc20}: 'void java.lang.invoke.Invokers$Holder.invokeExact_MT(java.lang.Object, java.lang.Object, int, java.lang.Object)'> (0x00000000d665bc20) 
thrown [s\src\hotspot\share\interpreter\linkResolver.cpp, line 773]
Event: 2.974 Thread 0x00000205f465b620 Exception <a 'java/lang/NoSuchMethodError'{0x00000000d6755778}: 'java.lang.Object java.lang.invoke.DirectMethodHandle$Holder.invokeSpecial(java.lang.Object, java.lang.Object, java.lang.Object, long, java.lang.Object)'> (0x00000000d6755778) 
thrown [s\src\hotspot\share\interpreter\linkResolver.cpp, line 773]
Event: 2.975 Thread 0x00000205f465b620 Exception <a 'java/lang/NoSuchMethodError'{0x00000000d675cfc0}: 'java.lang.Object java.lang.invoke.DirectMethodHandle$Holder.newInvokeSpecial(java.lang.Object, java.lang.Object, java.lang.Object, long)'> (0x00000000d675cfc0) 
thrown [s\src\hotspot\share\interpreter\linkResolver.cpp, line 773]
Event: 2.975 Thread 0x00000205f465b620 Exception <a 'java/lang/NoSuchMethodError'{0x00000000d67613b0}: 'java.lang.Object java.lang.invoke.DirectMethodHandle$Holder.invokeSpecial(java.lang.Object, java.lang.Object, java.lang.Object, java.lang.Object, long)'> (0x00000000d67613b0) 
thrown [s\src\hotspot\share\interpreter\linkResolver.cpp, line 773]
Event: 2.975 Thread 0x00000205f465b620 Exception <a 'java/lang/NoSuchMethodError'{0x00000000d6764fd0}: 'java.lang.Object java.lang.invoke.Invokers$Holder.linkToTargetMethod(java.lang.Object, java.lang.Object, long, java.lang.Object)'> (0x00000000d6764fd0) 
thrown [s\src\hotspot\share\interpreter\linkResolver.cpp, line 773]
Event: 2.986 Thread 0x00000205f465b620 Exception <a 'java/lang/NoSuchMethodError'{0x00000000d67bd2f0}: 'int java.lang.invoke.DirectMethodHandle$Holder.invokeStaticInit(java.lang.Object, java.lang.Object, java.lang.Object)'> (0x00000000d67bd2f0) 
thrown [s\src\hotspot\share\interpreter\linkResolver.cpp, line 773]
Event: 3.000 Thread 0x00000205f465b620 Exception <a 'java/lang/IncompatibleClassChangeError'{0x00000000d685fee0}: Found class java.lang.Object, but interface was expected> (0x00000000d685fee0) 
thrown [s\src\hotspot\share\interpreter\linkResolver.cpp, line 840]
Event: 3.005 Thread 0x00000205f465b620 Exception <a 'java/lang/NoSuchMethodError'{0x00000000d6872d98}: 'java.lang.Object java.lang.invoke.DirectMethodHandle$Holder.invokeSpecial(java.lang.Object, java.lang.Object, java.lang.Object, int, java.lang.Object, java.lang.Object)'> (0x00000000d6872d98) 
thrown [s\src\hotspot\share\interpreter\linkResolver.cpp, line 773]
Event: 3.006 Thread 0x00000205f465b620 Exception <a 'java/lang/NoSuchMethodError'{0x00000000d687a8e8}: 'java.lang.Object java.lang.invoke.DirectMethodHandle$Holder.newInvokeSpecial(java.lang.Object, java.lang.Object, java.lang.Object, int, java.lang.Object)'> (0x00000000d687a8e8) 
thrown [s\src\hotspot\share\interpreter\linkResolver.cpp, line 773]
Event: 3.006 Thread 0x00000205f465b620 Exception <a 'java/lang/NoSuchMethodError'{0x00000000d687e8a8}: 'java.lang.Object java.lang.invoke.DirectMethodHandle$Holder.invokeSpecial(java.lang.Object, java.lang.Object, java.lang.Object, java.lang.Object, int, java.lang.Object)'> (0x00000000d687e8a8) 
thrown [s\src\hotspot\share\interpreter\linkResolver.cpp, line 773]
Event: 3.007 Thread 0x00000205f465b620 Exception <a 'java/lang/NoSuchMethodError'{0x00000000d68823e8}: 'java.lang.Object java.lang.invoke.Invokers$Holder.linkToTargetMethod(java.lang.Object, java.lang.Object, int, java.lang.Object, java.lang.Object)'> (0x00000000d68823e8) 
thrown [s\src\hotspot\share\interpreter\linkResolver.cpp, line 773]
Event: 3.007 Thread 0x00000205fea41390 Exception <a 'java/lang/NoSuchMethodError'{0x00000000d67e3110}: 'java.lang.Object java.lang.invoke.DirectMethodHandle$Holder.invokeSpecial(java.lang.Object, java.lang.Object, int, java.lang.Object, java.lang.Object)'> (0x00000000d67e3110) 
thrown [s\src\hotspot\share\interpreter\linkResolver.cpp, line 773]
Event: 3.008 Thread 0x00000205fea41390 Exception <a 'java/lang/NoSuchMethodError'{0x00000000d67e9e48}: 'java.lang.Object java.lang.invoke.DirectMethodHandle$Holder.newInvokeSpecial(java.lang.Object, java.lang.Object, int, java.lang.Object)'> (0x00000000d67e9e48) 
thrown [s\src\hotspot\share\interpreter\linkResolver.cpp, line 773]
Event: 3.008 Thread 0x00000205fea41390 Exception <a 'java/lang/NoSuchMethodError'{0x00000000d67ed768}: 'java.lang.Object java.lang.invoke.DirectMethodHandle$Holder.invokeSpecial(java.lang.Object, java.lang.Object, java.lang.Object, int, java.lang.Object)'> (0x00000000d67ed768) 
thrown [s\src\hotspot\share\interpreter\linkResolver.cpp, line 773]
Event: 3.028 Thread 0x00000205f465b620 Exception <a 'java/lang/NoSuchMethodError'{0x00000000d6994768}: 'void java.lang.invoke.DirectMethodHandle$Holder.invokeSpecial(java.lang.Object, java.lang.Object, java.lang.Object, java.lang.Object, java.lang.Object)'> (0x00000000d6994768) 
thrown [s\src\hotspot\share\interpreter\linkResolver.cpp, line 773]
Event: 3.038 Thread 0x00000205fea41390 Exception <a 'java/lang/NoSuchMethodError'{0x00000000d6a71038}: 'java.lang.Object java.lang.invoke.DirectMethodHandle$Holder.newInvokeSpecial(java.lang.Object, java.lang.Object, java.lang.Object, java.lang.Object, java.lang.Object)'> (0x00000000d6a71038) 
thrown [s\src\hotspot\share\interpreter\linkResolver.cpp, line 773]
Event: 3.075 Thread 0x00000205f465b620 Exception <a 'java/lang/NoSuchMethodError'{0x00000000d6c6ff90}: 'double java.lang.invoke.DirectMethodHandle$Holder.invokeStatic(java.lang.Object, java.lang.Object)'> (0x00000000d6c6ff90) 
thrown [s\src\hotspot\share\interpreter\linkResolver.cpp, line 773]
Event: 3.076 Thread 0x00000205f465b620 Exception <a 'java/lang/NoSuchMethodError'{0x00000000d6c73650}: 'double java.lang.invoke.DirectMethodHandle$Holder.invokeStaticInit(java.lang.Object, java.lang.Object)'> (0x00000000d6c73650) 
thrown [s\src\hotspot\share\interpreter\linkResolver.cpp, line 773]

ZGC Phase Switch (0 events):
No events

VM Operations (20 events):
Event: 1.547 Executing VM operation: ParallelGCFailedAllocation (Allocation Failure)
Event: 1.553 Executing VM operation: ParallelGCFailedAllocation (Allocation Failure) done
Event: 1.731 Executing VM operation: HandshakeAllThreads (Deoptimize)
Event: 1.731 Executing VM operation: HandshakeAllThreads (Deoptimize) done
Event: 2.201 Executing VM operation: HandshakeAllThreads (Deoptimize)
Event: 2.201 Executing VM operation: HandshakeAllThreads (Deoptimize) done
Event: 2.303 Executing VM operation: ParallelGCFailedAllocation (Allocation Failure)
Event: 2.307 Executing VM operation: ParallelGCFailedAllocation (Allocation Failure) done
Event: 2.353 Executing VM operation: HandshakeAllThreads (Deoptimize)
Event: 2.353 Executing VM operation: HandshakeAllThreads (Deoptimize) done
Event: 2.359 Executing VM operation: HandshakeAllThreads (Deoptimize)
Event: 2.359 Executing VM operation: HandshakeAllThreads (Deoptimize) done
Event: 2.376 Executing VM operation: HandshakeAllThreads (Deoptimize)
Event: 2.376 Executing VM operation: HandshakeAllThreads (Deoptimize) done
Event: 2.763 Executing VM operation: HandshakeAllThreads (Deoptimize)
Event: 2.763 Executing VM operation: HandshakeAllThreads (Deoptimize) done
Event: 2.895 Executing VM operation: HandshakeAllThreads (Deoptimize)
Event: 2.895 Executing VM operation: HandshakeAllThreads (Deoptimize) done
Event: 3.110 Executing VM operation: ParallelGCFailedAllocation (Allocation Failure)
Event: 3.116 Executing VM operation: ParallelGCFailedAllocation (Allocation Failure) done

Memory protections (0 events):
No events

Nmethod flushes (0 events):
No events

Events (20 events):
Event: 0.444 Thread 0x00000205fd8db650 Thread added: 0x00000205fdc36df0
Event: 1.287 Thread 0x00000205f46b2b20 Thread added: 0x00000205f465a270
Event: 1.515 Thread 0x00000205f46b2b20 Thread added: 0x00000205f4659be0
Event: 1.520 Thread 0x00000205f46b2b20 Thread added: 0x00000205f465b620
Event: 1.569 Thread 0x00000205f465b620 Thread added: 0x00000205f465c340
Event: 1.692 Thread 0x00000205fdc36df0 Thread exited: 0x00000205fdc36df0
Event: 1.696 Thread 0x00000205fdabb3c0 Thread exited: 0x00000205fdabb3c0
Event: 1.714 Thread 0x00000205f465b620 Thread added: 0x00000205f465c9d0
Event: 1.800 Thread 0x00000205fd8db650 Thread added: 0x00000205f4633470
Event: 1.800 Thread 0x00000205fd8db650 Thread added: 0x00000205fe6103a0
Event: 2.163 Thread 0x00000205fe6103a0 Thread exited: 0x00000205fe6103a0
Event: 2.163 Thread 0x00000205f4633470 Thread exited: 0x00000205f4633470
Event: 2.226 Thread 0x00000205f465b620 Thread added: 0x00000205f465a900
Event: 2.308 Thread 0x00000205fd8db650 Thread added: 0x00000205fe920e40
Event: 2.576 Thread 0x00000205fe920e40 Thread exited: 0x00000205fe920e40
Event: 2.913 Thread 0x00000205f465b620 Thread added: 0x00000205fea40d00
Event: 2.979 Thread 0x00000205f465b620 Thread added: 0x00000205fea41390
Event: 3.007 Thread 0x00000205f465b620 Thread added: 0x00000205fea43af0
Event: 3.097 Thread 0x00000205fd8db650 Thread added: 0x00000205feb1a040
Event: 3.202 Thread 0x00000205fd8db650 Thread added: 0x00000205fea5fae0


Dynamic libraries:
0x00007ff683310000 - 0x00007ff68331e000 	c:\Users\Admin\.vscode\extensions\redhat.java-1.43.1-win32-x64\jre\21.0.7-win32-x86_64\bin\java.exe
0x00007fff86820000 - 0x00007fff86a88000 	C:\WINDOWS\SYSTEM32\ntdll.dll
0x00007fff86660000 - 0x00007fff86729000 	C:\WINDOWS\System32\KERNEL32.DLL
0x00007fff83dc0000 - 0x00007fff841ad000 	C:\WINDOWS\System32\KERNELBASE.dll
0x00007fff84330000 - 0x00007fff8447b000 	C:\WINDOWS\System32\ucrtbase.dll
0x00007fff6cdf0000 - 0x00007fff6ce08000 	c:\Users\Admin\.vscode\extensions\redhat.java-1.43.1-win32-x64\jre\21.0.7-win32-x86_64\bin\jli.dll
0x00007fff70900000 - 0x00007fff7091e000 	c:\Users\Admin\.vscode\extensions\redhat.java-1.43.1-win32-x64\jre\21.0.7-win32-x86_64\bin\VCRUNTIME140.dll
0x00007fff860a0000 - 0x00007fff8626c000 	C:\WINDOWS\System32\USER32.dll
0x00007fff6b360000 - 0x00007fff6b5fa000 	C:\WINDOWS\WinSxS\amd64_microsoft.windows.common-controls_6595b64144ccf1df_6.0.26100.4484_none_3e0e6d4ce32ef3b3\COMCTL32.dll
0x00007fff83c10000 - 0x00007fff83c37000 	C:\WINDOWS\System32\win32u.dll
0x00007fff845c0000 - 0x00007fff84669000 	C:\WINDOWS\System32\msvcrt.dll
0x00007fff85100000 - 0x00007fff8512b000 	C:\WINDOWS\System32\GDI32.dll
0x00007fff84480000 - 0x00007fff845b7000 	C:\WINDOWS\System32\gdi32full.dll
0x00007fff83a10000 - 0x00007fff83ab3000 	C:\WINDOWS\System32\msvcp_win.dll
0x00007fff85d00000 - 0x00007fff85d2f000 	C:\WINDOWS\System32\IMM32.DLL
0x00007fff7e0b0000 - 0x00007fff7e0bc000 	c:\Users\Admin\.vscode\extensions\redhat.java-1.43.1-win32-x64\jre\21.0.7-win32-x86_64\bin\vcruntime140_1.dll
0x00007fff3a400000 - 0x00007fff3a48d000 	c:\Users\Admin\.vscode\extensions\redhat.java-1.43.1-win32-x64\jre\21.0.7-win32-x86_64\bin\msvcp140.dll
0x00007fff13c30000 - 0x00007fff149c0000 	c:\Users\Admin\.vscode\extensions\redhat.java-1.43.1-win32-x64\jre\21.0.7-win32-x86_64\bin\server\jvm.dll
0x00007fff85d40000 - 0x00007fff85df4000 	C:\WINDOWS\System32\ADVAPI32.dll
0x00007fff85320000 - 0x00007fff853c6000 	C:\WINDOWS\System32\sechost.dll
0x00007fff85e00000 - 0x00007fff85f18000 	C:\WINDOWS\System32\RPCRT4.dll
0x00007fff852a0000 - 0x00007fff85314000 	C:\WINDOWS\System32\WS2_32.dll
0x00007fff837c0000 - 0x00007fff8381e000 	C:\WINDOWS\SYSTEM32\POWRPROF.dll
0x00007fff7ad20000 - 0x00007fff7ad55000 	C:\WINDOWS\SYSTEM32\WINMM.dll
0x00007fff71780000 - 0x00007fff7178b000 	C:\WINDOWS\SYSTEM32\VERSION.dll
0x00007fff837a0000 - 0x00007fff837b4000 	C:\WINDOWS\SYSTEM32\UMPDC.dll
0x00007fff826d0000 - 0x00007fff826eb000 	C:\WINDOWS\SYSTEM32\kernel.appcore.dll
0x00007fff7d300000 - 0x00007fff7d30a000 	c:\Users\Admin\.vscode\extensions\redhat.java-1.43.1-win32-x64\jre\21.0.7-win32-x86_64\bin\jimage.dll
0x00007fff81000000 - 0x00007fff81241000 	C:\WINDOWS\SYSTEM32\DBGHELP.DLL
0x00007fff862d0000 - 0x00007fff86656000 	C:\WINDOWS\System32\combase.dll
0x00007fff85580000 - 0x00007fff85660000 	C:\WINDOWS\System32\OLEAUT32.dll
0x00007fff680d0000 - 0x00007fff68113000 	C:\WINDOWS\SYSTEM32\dbgcore.DLL
0x00007fff83970000 - 0x00007fff83a09000 	C:\WINDOWS\System32\bcryptPrimitives.dll
0x00007fff7a840000 - 0x00007fff7a84f000 	c:\Users\Admin\.vscode\extensions\redhat.java-1.43.1-win32-x64\jre\21.0.7-win32-x86_64\bin\instrument.dll
0x00007fff6cdd0000 - 0x00007fff6cdef000 	c:\Users\Admin\.vscode\extensions\redhat.java-1.43.1-win32-x64\jre\21.0.7-win32-x86_64\bin\java.dll
0x00007fff84680000 - 0x00007fff84dca000 	C:\WINDOWS\System32\SHELL32.dll
0x00007fff841b0000 - 0x00007fff84324000 	C:\WINDOWS\System32\wintypes.dll
0x00007fff81570000 - 0x00007fff81dcb000 	C:\WINDOWS\SYSTEM32\windows.storage.dll
0x00007fff84f70000 - 0x00007fff85065000 	C:\WINDOWS\System32\SHCORE.dll
0x00007fff85f20000 - 0x00007fff85f8a000 	C:\WINDOWS\System32\shlwapi.dll
0x00007fff83880000 - 0x00007fff838af000 	C:\WINDOWS\SYSTEM32\profapi.dll
0x00007fff69ab0000 - 0x00007fff69ac8000 	c:\Users\Admin\.vscode\extensions\redhat.java-1.43.1-win32-x64\jre\21.0.7-win32-x86_64\bin\zip.dll
0x00007fff739c0000 - 0x00007fff739d0000 	C:\Users\Admin\.vscode\extensions\redhat.java-1.43.1-win32-x64\jre\21.0.7-win32-x86_64\bin\net.dll
0x00007fff7a680000 - 0x00007fff7a79e000 	C:\WINDOWS\SYSTEM32\WINHTTP.dll
0x00007fff82c40000 - 0x00007fff82caa000 	C:\WINDOWS\system32\mswsock.dll
0x00007fff60790000 - 0x00007fff607a6000 	C:\Users\Admin\.vscode\extensions\redhat.java-1.43.1-win32-x64\jre\21.0.7-win32-x86_64\bin\nio.dll
0x00007fff734b0000 - 0x00007fff734c0000 	c:\Users\Admin\.vscode\extensions\redhat.java-1.43.1-win32-x64\jre\21.0.7-win32-x86_64\bin\verify.dll
0x00007fff4f340000 - 0x00007fff4f385000 	C:\Users\Admin\AppData\Roaming\Code\User\globalStorage\redhat.java\1.43.1\config_ss_win\org.eclipse.equinox.launcher\org.eclipse.equinox.launcher.win32.win32.x86_64_1.2.1300.v20250331-1702\eclipse_11911.dll
0x00007fff853d0000 - 0x00007fff8556e000 	C:\WINDOWS\System32\ole32.dll
0x00007fff83020000 - 0x00007fff8303b000 	C:\WINDOWS\SYSTEM32\CRYPTSP.dll
0x00007fff82630000 - 0x00007fff8266b000 	C:\WINDOWS\system32\rsaenh.dll
0x00007fff82ce0000 - 0x00007fff82d0b000 	C:\WINDOWS\SYSTEM32\USERENV.dll
0x00007fff83850000 - 0x00007fff83876000 	C:\WINDOWS\SYSTEM32\bcrypt.dll
0x00007fff82e80000 - 0x00007fff82e8c000 	C:\WINDOWS\SYSTEM32\CRYPTBASE.dll
0x00007fff82130000 - 0x00007fff82163000 	C:\WINDOWS\SYSTEM32\IPHLPAPI.DLL
0x00007fff86090000 - 0x00007fff8609a000 	C:\WINDOWS\System32\NSI.dll
0x00007fff3cf10000 - 0x00007fff3cf59000 	C:\Users\Admin\AppData\Local\Temp\jna-63116079\jna3693638693994653966.dll
0x00007fff862c0000 - 0x00007fff862c8000 	C:\WINDOWS\System32\PSAPI.DLL

dbghelp: loaded successfully - version: 4.0.5 - missing functions: none
symbol engine: initialized successfully - sym options: 0x614 - pdb path: .;c:\Users\Admin\.vscode\extensions\redhat.java-1.43.1-win32-x64\jre\21.0.7-win32-x86_64\bin;C:\WINDOWS\SYSTEM32;C:\WINDOWS\WinSxS\amd64_microsoft.windows.common-controls_6595b64144ccf1df_6.0.26100.4484_none_3e0e6d4ce32ef3b3;c:\Users\Admin\.vscode\extensions\redhat.java-1.43.1-win32-x64\jre\21.0.7-win32-x86_64\bin\server;C:\Users\Admin\AppData\Roaming\Code\User\globalStorage\redhat.java\1.43.1\config_ss_win\org.eclipse.equinox.launcher\org.eclipse.equinox.launcher.win32.win32.x86_64_1.2.1300.v20250331-1702;C:\Users\Admin\AppData\Local\Temp\jna-63116079

VM Arguments:
jvm_args: --add-modules=ALL-SYSTEM --add-opens=java.base/java.util=ALL-UNNAMED --add-opens=java.base/java.lang=ALL-UNNAMED --add-opens=java.base/sun.nio.fs=ALL-UNNAMED -Declipse.application=org.eclipse.jdt.ls.core.id1 -Dosgi.bundles.defaultStartLevel=4 -Declipse.product=org.eclipse.jdt.ls.core.product -Djava.import.generatesMetadataFilesAtProjectRoot=false -DDetectVMInstallationsJob.disabled=true -Dfile.encoding=utf8 -XX:+UseParallelGC -XX:GCTimeRatio=4 -XX:AdaptiveSizePolicyWeight=90 -Dsun.zip.disableMemoryMapping=true -Xmx2G -Xms100m -Xlog:disable -javaagent:c:\Users\Admin\.vscode\extensions\redhat.java-1.43.1-win32-x64\lombok\lombok-1.18.39-4050.jar 
java_command: c:\Users\Admin\.vscode\extensions\redhat.java-1.43.1-win32-x64\server\plugins\org.eclipse.equinox.launcher_1.7.0.v20250519-0528.jar -configuration c:\Users\Admin\AppData\Roaming\Code\User\globalStorage\redhat.java\1.43.1\config_ss_win -data c:\Users\Admin\AppData\Roaming\Code\User\workspaceStorage\2a8215986621d579e6b417848d7ee4b7\redhat.java\ss_ws --pipe=\\.\pipe\lsp-0a208c76af57efed71e0de7e87417422-sock
java_class_path (initial): c:\Users\Admin\.vscode\extensions\redhat.java-1.43.1-win32-x64\server\plugins\org.eclipse.equinox.launcher_1.7.0.v20250519-0528.jar
Launcher Type: SUN_STANDARD

[Global flags]
    uintx AdaptiveSizePolicyWeight                 = 90                                        {product} {command line}
     intx CICompilerCount                          = 4                                         {product} {ergonomic}
    uintx GCTimeRatio                              = 4                                         {product} {command line}
   size_t InitialHeapSize                          = 104857600                                 {product} {command line}
   size_t MaxHeapSize                              = 2147483648                                {product} {command line}
   size_t MaxNewSize                               = 715653120                                 {product} {ergonomic}
   size_t MinHeapDeltaBytes                        = 524288                                    {product} {ergonomic}
   size_t MinHeapSize                              = 104857600                                 {product} {command line}
   size_t NewSize                                  = 34603008                                  {product} {ergonomic}
    uintx NonNMethodCodeHeapSize                   = 5839372                                {pd product} {ergonomic}
    uintx NonProfiledCodeHeapSize                  = 122909434                              {pd product} {ergonomic}
   size_t OldSize                                  = 70254592                                  {product} {ergonomic}
    uintx ProfiledCodeHeapSize                     = 122909434                              {pd product} {ergonomic}
    uintx ReservedCodeCacheSize                    = 251658240                              {pd product} {ergonomic}
     bool SegmentedCodeCache                       = true                                      {product} {ergonomic}
   size_t SoftMaxHeapSize                          = 2147483648                             {manageable} {ergonomic}
     bool UseCompressedOops                        = true                           {product lp64_product} {ergonomic}
     bool UseLargePagesIndividualAllocation        = false                                  {pd product} {ergonomic}
     bool UseParallelGC                            = true                                      {product} {command line}

Logging:
Log output configuration:
 #0: stdout all=off uptime,level,tags foldmultilines=false
 #1: stderr all=off uptime,level,tags foldmultilines=false

Environment Variables:
JAVA_HOME=C:\Program Files\Java\jdk-21
PATH=C:\Program Files\Common Files\Oracle\Java\javapath;C:\Program Files (x86)\Common Files\Oracle\Java\javapath;C:\Program Files (x86)\VMware\VMware Workstation\bin\;C:\app\Admin\product\18.0.0\dbhomeXE\bin;C:\WINDOWS\system32;C:\WINDOWS;C:\WINDOWS\System32\Wbem;C:\WINDOWS\System32\WindowsPowerShell\v1.0\;C:\WINDOWS\System32\OpenSSH\;C:\Users\Admin\AppData\Roaming\nvm;C:\Program Files\nodejs;C:\xampp\php;C:\ProgramData\ComposerSetup\bin;C:\Program Files\MySQL\MySQL Server 8.0\bin;C:\Program Files (x86)\Java\jre1.8.0_361\bin;C:\Program Files\PuTTY\;C:\Program Files\apache-maven-3.9.0\bin;C:\Program Files\Azure Data Studio\bin;C:\Program Files (x86)\Microsoft SQL Server\160\Tools\Binn\;C:\Program Files\Microsoft SQL Server\160\Tools\Binn\;C:\Program Files\Microsoft SQL Server\Client SDK\ODBC\170\Tools\Binn\;C:\Program Files\Microsoft SQL Server\160\DTS\Binn\;C:\Program Files\Java\jdk-21\bin;C:\Program Files (x86)\Microsoft SQL Server\160\DTS\Binn\;C:\Program Files\dotnet\;C:\Program Files\Java\jdk-21\bin;C:\Program Files\PostgreSQL\17\bin;C:\Program Files\Java\jdk-21\bin;C:\Program Files\Git\cmd;C:\Users\Admin\AppData\Local\Android\Sdk\tools\bin;C:\Users\Admin\AppData\Local\Android\Sdk\tools;C:\Users\Admin\AppData\Local\Android\Sdk\platform-tools;;C:\Program Files\Docker\Docker\resources\bin;C:\Program Files\Amazon\AWSCLIV2\;C:\Users\Admin\AppData\Local\Programs\Python\Launcher\;C:\Program Files\MySQL\MySQL Shell 8.0\bin\;C:\Users\Admin\AppData\Local\Microsoft\WindowsApps;C:\Users\Admin\AppData\Local\Programs\Microsoft VS Code\bin;C:\Users\Admin\AppData\Roaming\nvm;C:\Program Files\nodejs;C:\xampp\php;C:\Users\Admin\AppData\Roaming\Composer\vendor\bin;C:\Program Files (x86)\Java\jre1.8.0_361\bin;C:\Program Files\Azure Data Studio\bin;C:\Users\Admin\AppData\Roaming\npm;C:\Users\Admin\.dotnet\tools;C:\Program Files\Java\jdk-21;C:\Users\Admin\AppData\Local\Android\Sdk\tools;C:\Users\Admin\AppData\Local\Android\Sdk\tools\bin;
USERNAME=Admin
OS=Windows_NT
PROCESSOR_IDENTIFIER=Intel64 Family 6 Model 140 Stepping 1, GenuineIntel
TMP=C:\Users\Admin\AppData\Local\Temp
TEMP=C:\Users\Admin\AppData\Local\Temp




Periodic native trim disabled

---------------  S Y S T E M  ---------------

OS:
 Windows 11 , 64 bit Build 26100 (10.0.26100.4484)
OS uptime: 0 days 18:00 hours
Hyper-V role detected

CPU: total 8 (initial active 8) (4 cores per cpu, 2 threads per core) family 6 model 140 stepping 1 microcode 0xbc, cx8, cmov, fxsr, ht, mmx, 3dnowpref, sse, sse2, sse3, ssse3, sse4.1, sse4.2, popcnt, lzcnt, tsc, tscinvbit, avx, avx2, aes, erms, clmul, bmi1, bmi2, adx, avx512f, avx512dq, avx512cd, avx512bw, avx512vl, sha, fma, vzeroupper, avx512_vpopcntdq, avx512_vpclmulqdq, avx512_vaes, avx512_vnni, clflush, clflushopt, clwb, avx512_vbmi2, avx512_vbmi, hv, rdtscp, rdpid, fsrm, gfni, avx512_bitalg, f16c, cet_ibt, cet_ss, avx512_ifma
Processor Information for the first 8 processors :
  Max Mhz: 2419, Current Mhz: 2419, Mhz Limit: 2419

Memory: 4k page, system-wide physical 12010M (1680M free)
TotalPageFile size 28465M (AvailPageFile size 19M)
current process WorkingSet (physical memory assigned to process): 134M, peak: 136M
current process commit charge ("private bytes"): 272M, peak: 274M

vm_info: OpenJDK 64-Bit Server VM (21.0.7+6-LTS) for windows-amd64 JRE (21.0.7+6-LTS), built on 2025-04-15T00:00:00Z by "admin" with MS VC++ 17.7 (VS2022)

END.
