#
# There is insufficient memory for the Java Runtime Environment to continue.
# Native memory allocation (malloc) failed to allocate 1864176 bytes. Error detail: Chunk::new
# Possible reasons:
#   The system is out of physical RAM or swap space
#   This process is running with CompressedOops enabled, and the Java Heap may be blocking the growth of the native heap
# Possible solutions:
#   Reduce memory load on the system
#   Increase physical memory or swap space
#   Check if swap backing store is full
#   Decrease Java heap size (-Xmx/-Xms)
#   Decrease number of Java threads
#   Decrease Java thread stack sizes (-Xss)
#   Set larger code cache with -XX:ReservedCodeCacheSize=
#   JVM is running with Unscaled Compressed Oops mode in which the Java heap is
#     placed in the first 4GB address space. The Java Heap base address is the
#     maximum limit for the native heap growth. Please use -XX:HeapBaseMinAddress
#     to set the Java Heap base and to place the Java Heap above 4GB virtual address.
# This output file may be truncated or incomplete.
#
#  Out of Memory Error (arena.cpp:168), pid=12756, tid=1076
#
# JRE version: OpenJDK Runtime Environment Temurin-21.0.7+6 (21.0.7+6) (build 21.0.7+6-LTS)
# Java VM: OpenJDK 64-Bit Server VM Temurin-21.0.7+6 (21.0.7+6-LTS, mixed mode, sharing, tiered, compressed oops, compressed class ptrs, parallel gc, windows-amd64)
# No core dump will be written. Minidumps are not enabled by default on client versions of Windows
#

---------------  S U M M A R Y ------------

Command Line: --add-modules=ALL-SYSTEM --add-opens=java.base/java.util=ALL-UNNAMED --add-opens=java.base/java.lang=ALL-UNNAMED --add-opens=java.base/sun.nio.fs=ALL-UNNAMED -Declipse.application=org.eclipse.jdt.ls.core.id1 -Dosgi.bundles.defaultStartLevel=4 -Declipse.product=org.eclipse.jdt.ls.core.product -Djava.import.generatesMetadataFilesAtProjectRoot=false -DDetectVMInstallationsJob.disabled=true -Dfile.encoding=utf8 -XX:+UseParallelGC -XX:GCTimeRatio=4 -XX:AdaptiveSizePolicyWeight=90 -Dsun.zip.disableMemoryMapping=true -Xmx2G -Xms100m -Xlog:disable -javaagent:c:\Users\Admin\.vscode\extensions\redhat.java-1.43.1-win32-x64\lombok\lombok-1.18.39-4050.jar c:\Users\Admin\.vscode\extensions\redhat.java-1.43.1-win32-x64\server\plugins\org.eclipse.equinox.launcher_1.7.0.v20250519-0528.jar -configuration c:\Users\Admin\AppData\Roaming\Code\User\globalStorage\redhat.java\1.43.1\config_ss_win -data c:\Users\Admin\AppData\Roaming\Code\User\workspaceStorage\2a8215986621d579e6b417848d7ee4b7\redhat.java\ss_ws --pipe=\\.\pipe\lsp-d57c3a4e5e340661a96a0b40dfa1b53f-sock

Host: 11th Gen Intel(R) Core(TM) i5-1135G7 @ 2.40GHz, 8 cores, 11G,  Windows 11 , 64 bit Build 26100 (10.0.26100.4484)
Time: Tue Jul 22 13:23:21 2025 Sri Lanka Standard Time elapsed time: 16.623345 seconds (0d 0h 0m 16s)

---------------  T H R E A D  ---------------

Current thread (0x0000024d186b6270):  JavaThread "C2 CompilerThread0" daemon [_thread_in_native, id=1076, stack(0x000000839d300000,0x000000839d400000) (1024K)]


Current CompileTask:
C2:16623 5686       4       lombok.eclipse.handlers.EclipseHandlerUtil::setGeneratedBy (10 bytes)

Stack: [0x000000839d300000,0x000000839d400000]
Native frames: (J=compiled Java code, j=interpreted, Vv=VM code, C=native code)
V  [jvm.dll+0x6ce119]
V  [jvm.dll+0x8a84a1]
V  [jvm.dll+0x8aa9ce]
V  [jvm.dll+0x8ab0b3]
V  [jvm.dll+0x27f8a6]
V  [jvm.dll+0xc507d]
V  [jvm.dll+0xc55b3]
V  [jvm.dll+0x2f2c6d]
V  [jvm.dll+0x5f6bca]
V  [jvm.dll+0x250cb2]
V  [jvm.dll+0x24947c]
V  [jvm.dll+0x246fc4]
V  [jvm.dll+0x1c760e]
V  [jvm.dll+0x25695a]
V  [jvm.dll+0x254efa]
V  [jvm.dll+0x3f03f6]
V  [jvm.dll+0x851f6b]
V  [jvm.dll+0x6cc7dd]
C  [ucrtbase.dll+0x37b0]
C  [KERNEL32.DLL+0x2e8d7]
C  [ntdll.dll+0x3c34c]


---------------  P R O C E S S  ---------------

Threads class SMR info:
_java_thread_list=0x0000024d78d47390, length=43, elements={
0x0000024d18732ce0, 0x0000024d187ed530, 0x0000024d186a5db0, 0x0000024d186a81c0,
0x0000024d186a91c0, 0x0000024d186ad840, 0x0000024d186adea0, 0x0000024d186b6270,
0x0000024d719f6270, 0x0000024d71a8a840, 0x0000024d71cba1c0, 0x0000024d768f56d0,
0x0000024d76784290, 0x0000024d768f0420, 0x0000024d76781910, 0x0000024d76a819f0,
0x0000024d76bc30a0, 0x0000024d76bf45f0, 0x0000024d77db0660, 0x0000024d77dae590,
0x0000024d77daec20, 0x0000024d77daf2b0, 0x0000024d77daf940, 0x0000024d77dadf00,
0x0000024d77db0cf0, 0x0000024d77daffd0, 0x0000024d77db1380, 0x0000024d76515b40,
0x0000024d765161d0, 0x0000024d765154b0, 0x0000024d76514100, 0x0000024d76513a70,
0x0000024d76516860, 0x0000024d76514790, 0x0000024d762d4060, 0x0000024d762d7010,
0x0000024d76518fc0, 0x0000024d76516ef0, 0x0000024d7651a370, 0x0000024d76519650,
0x0000024d76517580, 0x0000024d76517c10, 0x0000024d7651aa00
}

Java Threads: ( => current thread )
  0x0000024d18732ce0 JavaThread "main"                              [_thread_blocked, id=17760, stack(0x000000839c900000,0x000000839ca00000) (1024K)]
  0x0000024d187ed530 JavaThread "Reference Handler"          daemon [_thread_blocked, id=16456, stack(0x000000839cd00000,0x000000839ce00000) (1024K)]
  0x0000024d186a5db0 JavaThread "Finalizer"                  daemon [_thread_blocked, id=23488, stack(0x000000839ce00000,0x000000839cf00000) (1024K)]
  0x0000024d186a81c0 JavaThread "Signal Dispatcher"          daemon [_thread_blocked, id=3260, stack(0x000000839cf00000,0x000000839d000000) (1024K)]
  0x0000024d186a91c0 JavaThread "Attach Listener"            daemon [_thread_blocked, id=7276, stack(0x000000839d000000,0x000000839d100000) (1024K)]
  0x0000024d186ad840 JavaThread "Service Thread"             daemon [_thread_blocked, id=21132, stack(0x000000839d100000,0x000000839d200000) (1024K)]
  0x0000024d186adea0 JavaThread "Monitor Deflation Thread"   daemon [_thread_blocked, id=21840, stack(0x000000839d200000,0x000000839d300000) (1024K)]
=>0x0000024d186b6270 JavaThread "C2 CompilerThread0"         daemon [_thread_in_native, id=1076, stack(0x000000839d300000,0x000000839d400000) (1024K)]
  0x0000024d719f6270 JavaThread "C1 CompilerThread0"         daemon [_thread_blocked, id=23172, stack(0x000000839d400000,0x000000839d500000) (1024K)]
  0x0000024d71a8a840 JavaThread "Common-Cleaner"             daemon [_thread_blocked, id=15016, stack(0x000000839d500000,0x000000839d600000) (1024K)]
  0x0000024d71cba1c0 JavaThread "Notification Thread"        daemon [_thread_blocked, id=18064, stack(0x000000839d700000,0x000000839d800000) (1024K)]
  0x0000024d768f56d0 JavaThread "Active Thread: Equinox Container: 6eaaf8bc-bc18-4a5c-9d0d-218beddf7d2d"        [_thread_blocked, id=23720, stack(0x000000839df00000,0x000000839e000000) (1024K)]
  0x0000024d76784290 JavaThread "Framework Event Dispatcher: Equinox Container: 6eaaf8bc-bc18-4a5c-9d0d-218beddf7d2d" daemon [_thread_blocked, id=11136, stack(0x000000839d600000,0x000000839d700000) (1024K)]
  0x0000024d768f0420 JavaThread "Start Level: Equinox Container: 6eaaf8bc-bc18-4a5c-9d0d-218beddf7d2d" daemon [_thread_blocked, id=22616, stack(0x000000839d800000,0x000000839d900000) (1024K)]
  0x0000024d76781910 JavaThread "SCR Component Actor"        daemon [_thread_blocked, id=5184, stack(0x000000839e100000,0x000000839e200000) (1024K)]
  0x0000024d76a819f0 JavaThread "Worker-JM"                         [_thread_blocked, id=22000, stack(0x000000839e300000,0x000000839e400000) (1024K)]
  0x0000024d76bc30a0 JavaThread "Worker-0"                          [_thread_blocked, id=14028, stack(0x000000839e400000,0x000000839e500000) (1024K)]
  0x0000024d76bf45f0 JavaThread "Worker-1"                          [_thread_blocked, id=20696, stack(0x000000839e500000,0x000000839e600000) (1024K)]
  0x0000024d77db0660 JavaThread "JNA Cleaner"                daemon [_thread_blocked, id=8568, stack(0x000000839e600000,0x000000839e700000) (1024K)]
  0x0000024d77dae590 JavaThread "Thread-2"                   daemon [_thread_in_native, id=22120, stack(0x000000839eb00000,0x000000839ec00000) (1024K)]
  0x0000024d77daec20 JavaThread "Thread-3"                   daemon [_thread_in_native, id=13844, stack(0x000000839ec00000,0x000000839ed00000) (1024K)]
  0x0000024d77daf2b0 JavaThread "Thread-4"                   daemon [_thread_in_native, id=16880, stack(0x000000839ed00000,0x000000839ee00000) (1024K)]
  0x0000024d77daf940 JavaThread "Thread-5"                   daemon [_thread_in_native, id=8140, stack(0x000000839ee00000,0x000000839ef00000) (1024K)]
  0x0000024d77dadf00 JavaThread "Thread-6"                   daemon [_thread_in_native, id=18336, stack(0x000000839ef00000,0x000000839f000000) (1024K)]
  0x0000024d77db0cf0 JavaThread "Thread-7"                   daemon [_thread_in_native, id=20276, stack(0x000000839f000000,0x000000839f100000) (1024K)]
  0x0000024d77daffd0 JavaThread "Thread-8"                   daemon [_thread_in_native, id=2704, stack(0x000000839f100000,0x000000839f200000) (1024K)]
  0x0000024d77db1380 JavaThread "Thread-9"                   daemon [_thread_in_native, id=17804, stack(0x000000839f200000,0x000000839f300000) (1024K)]
  0x0000024d76515b40 JavaThread "Thread-10"                  daemon [_thread_in_native, id=2336, stack(0x000000839f300000,0x000000839f400000) (1024K)]
  0x0000024d765161d0 JavaThread "pool-2-thread-1"                   [_thread_blocked, id=20160, stack(0x000000839f400000,0x000000839f500000) (1024K)]
  0x0000024d765154b0 JavaThread "WorkspaceEventsHandler"            [_thread_blocked, id=20908, stack(0x000000839f500000,0x000000839f600000) (1024K)]
  0x0000024d76514100 JavaThread "pool-1-thread-1"                   [_thread_in_Java, id=1936, stack(0x000000839f600000,0x000000839f700000) (1024K)]
  0x0000024d76513a70 JavaThread "ForkJoinPool.commonPool-worker-1" daemon [_thread_blocked, id=2936, stack(0x000000839e200000,0x000000839e300000) (1024K)]
  0x0000024d76516860 JavaThread "Worker-2: Building"                [_thread_blocked, id=10360, stack(0x000000839f700000,0x000000839f800000) (1024K)]
  0x0000024d76514790 JavaThread "ForkJoinPool.commonPool-worker-2" daemon [_thread_blocked, id=9540, stack(0x000000839f800000,0x000000839f900000) (1024K)]
  0x0000024d762d4060 JavaThread "C2 CompilerThread1"         daemon [_thread_in_native, id=8052, stack(0x000000839ea00000,0x000000839eb00000) (1024K)]
  0x0000024d762d7010 JavaThread "C2 CompilerThread2"         daemon [_thread_in_native, id=3384, stack(0x000000839f900000,0x000000839fa00000) (1024K)]
  0x0000024d76518fc0 JavaThread "Compiler Source File Reader" daemon [_thread_blocked, id=20848, stack(0x000000839fa00000,0x000000839fb00000) (1024K)]
  0x0000024d76516ef0 JavaThread "Compiler Source File Reader" daemon [_thread_blocked, id=23888, stack(0x000000839fb00000,0x000000839fc00000) (1024K)]
  0x0000024d7651a370 JavaThread "Compiler Source File Reader" daemon [_thread_blocked, id=19956, stack(0x000000839fc00000,0x000000839fd00000) (1024K)]
  0x0000024d76519650 JavaThread "Compiler Source File Reader" daemon [_thread_blocked, id=6736, stack(0x000000839fd00000,0x000000839fe00000) (1024K)]
  0x0000024d76517580 JavaThread "Compiler Source File Reader" daemon [_thread_blocked, id=11928, stack(0x000000839fe00000,0x000000839ff00000) (1024K)]
  0x0000024d76517c10 JavaThread "Compiler Source File Reader" daemon [_thread_blocked, id=13876, stack(0x000000839ff00000,0x00000083a0000000) (1024K)]
  0x0000024d7651aa00 JavaThread "Compiler Processing Task"   daemon [_thread_in_vm, id=1416, stack(0x00000083a0000000,0x00000083a0100000) (1024K)]
Total: 43

Other Threads:
  0x0000024d186a39f0 VMThread "VM Thread"                           [id=22656, stack(0x000000839cc00000,0x000000839cd00000) (1024K)]
  0x0000024d1879e4a0 WatcherThread "VM Periodic Task Thread"        [id=19716, stack(0x000000839cb00000,0x000000839cc00000) (1024K)]
  0x0000024d18750640 WorkerThread "GC Thread#0"                     [id=17404, stack(0x000000839ca00000,0x000000839cb00000) (1024K)]
  0x0000024d764a16c0 WorkerThread "GC Thread#1"                     [id=19388, stack(0x000000839d900000,0x000000839da00000) (1024K)]
  0x0000024d768834d0 WorkerThread "GC Thread#2"                     [id=16896, stack(0x000000839da00000,0x000000839db00000) (1024K)]
  0x0000024d76883870 WorkerThread "GC Thread#3"                     [id=8276, stack(0x000000839db00000,0x000000839dc00000) (1024K)]
  0x0000024d76883c10 WorkerThread "GC Thread#4"                     [id=21752, stack(0x000000839dc00000,0x000000839dd00000) (1024K)]
  0x0000024d76429d10 WorkerThread "GC Thread#5"                     [id=1288, stack(0x000000839dd00000,0x000000839de00000) (1024K)]
  0x0000024d7642a0b0 WorkerThread "GC Thread#6"                     [id=16908, stack(0x000000839de00000,0x000000839df00000) (1024K)]
  0x0000024d76754d10 WorkerThread "GC Thread#7"                     [id=13952, stack(0x000000839e000000,0x000000839e100000) (1024K)]
Total: 10

Threads with active compile tasks:
C2 CompilerThread0  16658 5686       4       lombok.eclipse.handlers.EclipseHandlerUtil::setGeneratedBy (10 bytes)
C1 CompilerThread0  16658 6041       3       org.eclipse.jdt.internal.compiler.classfmt.MethodInfo::createMethod (710 bytes)
C2 CompilerThread1  16658 5684   !   4       lombok.core.FieldAugment$ReflectionFieldAugment::getAndSet (80 bytes)
C2 CompilerThread2  16659 5887       4       lombok.core.AST::buildWithField (21 bytes)
Total: 4

VM state: not at safepoint (normal execution)

VM Mutex/Monitor currently owned by a thread: None

Heap address: 0x0000000080000000, size: 2048 MB, Compressed Oops mode: 32-bit

CDS archive(s) mapped at: [0x0000024d2f000000-0x0000024d2fba0000-0x0000024d2fba0000), size 12189696, SharedBaseAddress: 0x0000024d2f000000, ArchiveRelocationMode: 1.
Compressed class space mapped at: 0x0000024d30000000-0x0000024d70000000, reserved size: 1073741824
Narrow klass base: 0x0000024d2f000000, Narrow klass shift: 0, Narrow klass range: 0x100000000

GC Precious Log:
 CardTable entry size: 512
 CPUs: 8 total, 8 available
 Memory: 12010M
 Large Page Support: Disabled
 NUMA Support: Disabled
 Compressed Oops: Enabled (32-bit)
 Alignments: Space 512K, Generation 512K, Heap 2M
 Heap Min Capacity: 100M
 Heap Initial Capacity: 100M
 Heap Max Capacity: 2G
 Pre-touch: Disabled
 Parallel Workers: 8

Heap:
 PSYoungGen      total 24064K, used 10608K [0x00000000d5580000, 0x00000000d7000000, 0x0000000100000000)
  eden space 22016K, 41% used [0x00000000d5580000,0x00000000d5e54118,0x00000000d6b00000)
  from space 2048K, 76% used [0x00000000d6c80000,0x00000000d6e08000,0x00000000d6e80000)
  to   space 1536K, 0% used [0x00000000d6e80000,0x00000000d6e80000,0x00000000d7000000)
 ParOldGen       total 68608K, used 32254K [0x0000000080000000, 0x0000000084300000, 0x00000000d5580000)
  object space 68608K, 47% used [0x0000000080000000,0x0000000081f7f830,0x0000000084300000)
 Metaspace       used 42006K, committed 43072K, reserved 1114112K
  class space    used 4128K, committed 4608K, reserved 1048576K

Card table byte_map: [0x0000024d180d0000,0x0000024d184e0000] _byte_map_base: 0x0000024d17cd0000

Marking Bits: (ParMarkBitMap*) 0x00007fff148e31f0
 Begin Bits: [0x0000024d2abd0000, 0x0000024d2cbd0000)
 End Bits:   [0x0000024d2cbd0000, 0x0000024d2ebd0000)

Polling page: 0x0000024d17d00000

Metaspace:

Usage:
  Non-class:     36.99 MB used.
      Class:      4.03 MB used.
       Both:     41.02 MB used.

Virtual space:
  Non-class space:       64.00 MB reserved,      37.56 MB ( 59%) committed,  1 nodes.
      Class space:        1.00 GB reserved,       4.50 MB ( <1%) committed,  1 nodes.
             Both:        1.06 GB reserved,      42.06 MB (  4%) committed. 

Chunk freelists:
   Non-Class:  9.84 MB
       Class:  11.36 MB
        Both:  21.20 MB

MaxMetaspaceSize: unlimited
CompressedClassSpaceSize: 1.00 GB
Initial GC threshold: 21.00 MB
Current GC threshold: 58.38 MB
CDS: on
 - commit_granule_bytes: 65536.
 - commit_granule_words: 8192.
 - virtual_space_node_default_size: 8388608.
 - enlarge_chunks_in_place: 1.
 - use_allocation_guard: 0.


Internal statistics:

num_allocs_failed_limit: 6.
num_arena_births: 842.
num_arena_deaths: 14.
num_vsnodes_births: 2.
num_vsnodes_deaths: 0.
num_space_committed: 673.
num_space_uncommitted: 0.
num_chunks_returned_to_freelist: 20.
num_chunks_taken_from_freelist: 2640.
num_chunk_merges: 12.
num_chunk_splits: 1672.
num_chunks_enlarged: 1013.
num_inconsistent_stats: 0.

CodeHeap 'non-profiled nmethods': size=120000Kb used=3319Kb max_used=3319Kb free=116680Kb
 bounds [0x0000024d233f0000, 0x0000024d23730000, 0x0000024d2a920000]
CodeHeap 'profiled nmethods': size=120000Kb used=12332Kb max_used=12332Kb free=107667Kb
 bounds [0x0000024d1b920000, 0x0000024d1c530000, 0x0000024d22e50000]
CodeHeap 'non-nmethods': size=5760Kb used=1408Kb max_used=1466Kb free=4352Kb
 bounds [0x0000024d22e50000, 0x0000024d230c0000, 0x0000024d233f0000]
 total_blobs=6363 nmethods=5660 adapters=609
 compilation: enabled
              stopped_count=0, restarted_count=0
 full_count=0

Compilation events (20 events):
Event: 16.587 Thread 0x0000024d719f6270 nmethod 5993 0x0000024d1c509810 code [0x0000024d1c5099e0, 0x0000024d1c509c28]
Event: 16.589 Thread 0x0000024d719f6270 5994       1       org.eclipse.jdt.internal.compiler.ASTVisitor::visit (2 bytes)
Event: 16.589 Thread 0x0000024d719f6270 nmethod 5994 0x0000024d2371b710 code [0x0000024d2371b8a0, 0x0000024d2371b968]
Event: 16.594 Thread 0x0000024d719f6270 5995       3       java.util.stream.Nodes$FixedNodeBuilder::begin (52 bytes)
Event: 16.595 Thread 0x0000024d719f6270 nmethod 5995 0x0000024d1c509d10 code [0x0000024d1c509fc0, 0x0000024d1c50ae58]
Event: 16.595 Thread 0x0000024d719f6270 5996       3       java.util.stream.Nodes$FixedNodeBuilder::end (51 bytes)
Event: 16.597 Thread 0x0000024d719f6270 nmethod 5996 0x0000024d1c50b410 code [0x0000024d1c50b6e0, 0x0000024d1c50c7b0]
Event: 16.597 Thread 0x0000024d719f6270 5998       3       java.lang.StringBuilder::getChars (10 bytes)
Event: 16.597 Thread 0x0000024d719f6270 nmethod 5998 0x0000024d1c50ce10 code [0x0000024d1c50cfc0, 0x0000024d1c50d100]
Event: 16.597 Thread 0x0000024d719f6270 5999       3       java.lang.AbstractStringBuilder::getChars (69 bytes)
Event: 16.598 Thread 0x0000024d719f6270 nmethod 5999 0x0000024d1c50d190 code [0x0000024d1c50d3a0, 0x0000024d1c50d8e0]
Event: 16.598 Thread 0x0000024d719f6270 6000       3       org.eclipse.jdt.internal.core.SourceRefElement::closing (1 bytes)
Event: 16.598 Thread 0x0000024d719f6270 nmethod 6000 0x0000024d1c50db10 code [0x0000024d1c50dca0, 0x0000024d1c50dda8]
Event: 16.598 Thread 0x0000024d719f6270 5997       3       java.util.stream.Nodes$FixedNodeBuilder::build (52 bytes)
Event: 16.599 Thread 0x0000024d719f6270 nmethod 5997 0x0000024d1c50de10 code [0x0000024d1c50e0e0, 0x0000024d1c50f1b0]
Event: 16.604 Thread 0x0000024d719f6270 6001       3       java.lang.invoke.LambdaForm$MH/0x0000024d30480800::invoke (42 bytes)
Event: 16.605 Thread 0x0000024d719f6270 nmethod 6001 0x0000024d1c50f810 code [0x0000024d1c50faa0, 0x0000024d1c510820]
Event: 16.605 Thread 0x0000024d719f6270 6002       3       java.lang.invoke.LambdaForm$MH/0x0000024d30480c00::invoke (42 bytes)
Event: 16.606 Thread 0x0000024d719f6270 nmethod 6002 0x0000024d1c510c90 code [0x0000024d1c510f20, 0x0000024d1c511ca0]
Event: 16.606 Thread 0x0000024d719f6270 6003   !   3       org.eclipse.core.internal.jobs.JobListeners::waitAndSendEvents (445 bytes)

GC Heap History (20 events):
Event: 14.701 GC heap before
{Heap before GC invocations=16 (full 2):
 PSYoungGen      total 23552K, used 23520K [0x00000000d5580000, 0x00000000d7200000, 0x0000000100000000)
  eden space 22016K, 100% used [0x00000000d5580000,0x00000000d6b00000,0x00000000d6b00000)
  from space 1536K, 97% used [0x00000000d6e80000,0x00000000d6ff8010,0x00000000d7000000)
  to   space 2048K, 0% used [0x00000000d7000000,0x00000000d7000000,0x00000000d7200000)
 ParOldGen       total 68608K, used 16892K [0x0000000080000000, 0x0000000084300000, 0x00000000d5580000)
  object space 68608K, 24% used [0x0000000080000000,0x000000008107f350,0x0000000084300000)
 Metaspace       used 37452K, committed 38464K, reserved 1114112K
  class space    used 3690K, committed 4096K, reserved 1048576K
}
Event: 14.705 GC heap after
{Heap after GC invocations=16 (full 2):
 PSYoungGen      total 24064K, used 2018K [0x00000000d5580000, 0x00000000d7300000, 0x0000000100000000)
  eden space 22016K, 0% used [0x00000000d5580000,0x00000000d5580000,0x00000000d6b00000)
  from space 2048K, 98% used [0x00000000d7000000,0x00000000d71f8810,0x00000000d7200000)
  to   space 4096K, 0% used [0x00000000d6b00000,0x00000000d6b00000,0x00000000d6f00000)
 ParOldGen       total 68608K, used 18524K [0x0000000080000000, 0x0000000084300000, 0x00000000d5580000)
  object space 68608K, 27% used [0x0000000080000000,0x0000000081217380,0x0000000084300000)
 Metaspace       used 37452K, committed 38464K, reserved 1114112K
  class space    used 3690K, committed 4096K, reserved 1048576K
}
Event: 14.798 GC heap before
{Heap before GC invocations=17 (full 2):
 PSYoungGen      total 24064K, used 23996K [0x00000000d5580000, 0x00000000d7300000, 0x0000000100000000)
  eden space 22016K, 99% used [0x00000000d5580000,0x00000000d6af6a30,0x00000000d6b00000)
  from space 2048K, 98% used [0x00000000d7000000,0x00000000d71f8810,0x00000000d7200000)
  to   space 4096K, 0% used [0x00000000d6b00000,0x00000000d6b00000,0x00000000d6f00000)
 ParOldGen       total 68608K, used 18524K [0x0000000080000000, 0x0000000084300000, 0x00000000d5580000)
  object space 68608K, 27% used [0x0000000080000000,0x0000000081217380,0x0000000084300000)
 Metaspace       used 37689K, committed 38720K, reserved 1114112K
  class space    used 3709K, committed 4160K, reserved 1048576K
}
Event: 14.804 GC heap after
{Heap after GC invocations=17 (full 2):
 PSYoungGen      total 24064K, used 1919K [0x00000000d5580000, 0x00000000d7080000, 0x0000000100000000)
  eden space 22016K, 0% used [0x00000000d5580000,0x00000000d5580000,0x00000000d6b00000)
  from space 2048K, 93% used [0x00000000d6b00000,0x00000000d6cdffd8,0x00000000d6d00000)
  to   space 2560K, 0% used [0x00000000d6e00000,0x00000000d6e00000,0x00000000d7080000)
 ParOldGen       total 68608K, used 20547K [0x0000000080000000, 0x0000000084300000, 0x00000000d5580000)
  object space 68608K, 29% used [0x0000000080000000,0x0000000081410cb8,0x0000000084300000)
 Metaspace       used 37689K, committed 38720K, reserved 1114112K
  class space    used 3709K, committed 4160K, reserved 1048576K
}
Event: 14.923 GC heap before
{Heap before GC invocations=18 (full 2):
 PSYoungGen      total 24064K, used 23752K [0x00000000d5580000, 0x00000000d7080000, 0x0000000100000000)
  eden space 22016K, 99% used [0x00000000d5580000,0x00000000d6ad22d8,0x00000000d6b00000)
  from space 2048K, 93% used [0x00000000d6b00000,0x00000000d6cdffd8,0x00000000d6d00000)
  to   space 2560K, 0% used [0x00000000d6e00000,0x00000000d6e00000,0x00000000d7080000)
 ParOldGen       total 68608K, used 20547K [0x0000000080000000, 0x0000000084300000, 0x00000000d5580000)
  object space 68608K, 29% used [0x0000000080000000,0x0000000081410cb8,0x0000000084300000)
 Metaspace       used 37727K, committed 38720K, reserved 1114112K
  class space    used 3709K, committed 4160K, reserved 1048576K
}
Event: 14.927 GC heap after
{Heap after GC invocations=18 (full 2):
 PSYoungGen      total 24576K, used 2313K [0x00000000d5580000, 0x00000000d7080000, 0x0000000100000000)
  eden space 22016K, 0% used [0x00000000d5580000,0x00000000d5580000,0x00000000d6b00000)
  from space 2560K, 90% used [0x00000000d6e00000,0x00000000d7042508,0x00000000d7080000)
  to   space 2560K, 0% used [0x00000000d6b80000,0x00000000d6b80000,0x00000000d6e00000)
 ParOldGen       total 68608K, used 22204K [0x0000000080000000, 0x0000000084300000, 0x00000000d5580000)
  object space 68608K, 32% used [0x0000000080000000,0x00000000815af0e8,0x0000000084300000)
 Metaspace       used 37727K, committed 38720K, reserved 1114112K
  class space    used 3709K, committed 4160K, reserved 1048576K
}
Event: 14.982 GC heap before
{Heap before GC invocations=19 (full 2):
 PSYoungGen      total 24576K, used 24303K [0x00000000d5580000, 0x00000000d7080000, 0x0000000100000000)
  eden space 22016K, 99% used [0x00000000d5580000,0x00000000d6af9a80,0x00000000d6b00000)
  from space 2560K, 90% used [0x00000000d6e00000,0x00000000d7042508,0x00000000d7080000)
  to   space 2560K, 0% used [0x00000000d6b80000,0x00000000d6b80000,0x00000000d6e00000)
 ParOldGen       total 68608K, used 22204K [0x0000000080000000, 0x0000000084300000, 0x00000000d5580000)
  object space 68608K, 32% used [0x0000000080000000,0x00000000815af0e8,0x0000000084300000)
 Metaspace       used 37786K, committed 38784K, reserved 1114112K
  class space    used 3717K, committed 4160K, reserved 1048576K
}
Event: 14.987 GC heap after
{Heap after GC invocations=19 (full 2):
 PSYoungGen      total 23552K, used 1410K [0x00000000d5580000, 0x00000000d6f00000, 0x0000000100000000)
  eden space 22016K, 0% used [0x00000000d5580000,0x00000000d5580000,0x00000000d6b00000)
  from space 1536K, 91% used [0x00000000d6b80000,0x00000000d6ce0b78,0x00000000d6d00000)
  to   space 2048K, 0% used [0x00000000d6d00000,0x00000000d6d00000,0x00000000d6f00000)
 ParOldGen       total 68608K, used 23490K [0x0000000080000000, 0x0000000084300000, 0x00000000d5580000)
  object space 68608K, 34% used [0x0000000080000000,0x00000000816f0aa8,0x0000000084300000)
 Metaspace       used 37786K, committed 38784K, reserved 1114112K
  class space    used 3717K, committed 4160K, reserved 1048576K
}
Event: 15.063 GC heap before
{Heap before GC invocations=20 (full 2):
 PSYoungGen      total 23552K, used 23426K [0x00000000d5580000, 0x00000000d6f00000, 0x0000000100000000)
  eden space 22016K, 100% used [0x00000000d5580000,0x00000000d6b00000,0x00000000d6b00000)
  from space 1536K, 91% used [0x00000000d6b80000,0x00000000d6ce0b78,0x00000000d6d00000)
  to   space 2048K, 0% used [0x00000000d6d00000,0x00000000d6d00000,0x00000000d6f00000)
 ParOldGen       total 68608K, used 23490K [0x0000000080000000, 0x0000000084300000, 0x00000000d5580000)
  object space 68608K, 34% used [0x0000000080000000,0x00000000816f0aa8,0x0000000084300000)
 Metaspace       used 38101K, committed 39104K, reserved 1114112K
  class space    used 3734K, committed 4160K, reserved 1048576K
}
Event: 15.067 GC heap after
{Heap after GC invocations=20 (full 2):
 PSYoungGen      total 24064K, used 1732K [0x00000000d5580000, 0x00000000d6f00000, 0x0000000100000000)
  eden space 22016K, 0% used [0x00000000d5580000,0x00000000d5580000,0x00000000d6b00000)
  from space 2048K, 84% used [0x00000000d6d00000,0x00000000d6eb1000,0x00000000d6f00000)
  to   space 2048K, 0% used [0x00000000d6b00000,0x00000000d6b00000,0x00000000d6d00000)
 ParOldGen       total 68608K, used 24402K [0x0000000080000000, 0x0000000084300000, 0x00000000d5580000)
  object space 68608K, 35% used [0x0000000080000000,0x00000000817d4aa8,0x0000000084300000)
 Metaspace       used 38101K, committed 39104K, reserved 1114112K
  class space    used 3734K, committed 4160K, reserved 1048576K
}
Event: 15.228 GC heap before
{Heap before GC invocations=21 (full 2):
 PSYoungGen      total 24064K, used 23748K [0x00000000d5580000, 0x00000000d6f00000, 0x0000000100000000)
  eden space 22016K, 100% used [0x00000000d5580000,0x00000000d6b00000,0x00000000d6b00000)
  from space 2048K, 84% used [0x00000000d6d00000,0x00000000d6eb1000,0x00000000d6f00000)
  to   space 2048K, 0% used [0x00000000d6b00000,0x00000000d6b00000,0x00000000d6d00000)
 ParOldGen       total 68608K, used 24402K [0x0000000080000000, 0x0000000084300000, 0x00000000d5580000)
  object space 68608K, 35% used [0x0000000080000000,0x00000000817d4aa8,0x0000000084300000)
 Metaspace       used 38860K, committed 39808K, reserved 1114112K
  class space    used 3798K, committed 4224K, reserved 1048576K
}
Event: 15.233 GC heap after
{Heap after GC invocations=21 (full 2):
 PSYoungGen      total 24064K, used 2016K [0x00000000d5580000, 0x00000000d7000000, 0x0000000100000000)
  eden space 22016K, 0% used [0x00000000d5580000,0x00000000d5580000,0x00000000d6b00000)
  from space 2048K, 98% used [0x00000000d6b00000,0x00000000d6cf8010,0x00000000d6d00000)
  to   space 2560K, 0% used [0x00000000d6d80000,0x00000000d6d80000,0x00000000d7000000)
 ParOldGen       total 68608K, used 26008K [0x0000000080000000, 0x0000000084300000, 0x00000000d5580000)
  object space 68608K, 37% used [0x0000000080000000,0x00000000819660d0,0x0000000084300000)
 Metaspace       used 38860K, committed 39808K, reserved 1114112K
  class space    used 3798K, committed 4224K, reserved 1048576K
}
Event: 15.356 GC heap before
{Heap before GC invocations=22 (full 2):
 PSYoungGen      total 24064K, used 24032K [0x00000000d5580000, 0x00000000d7000000, 0x0000000100000000)
  eden space 22016K, 100% used [0x00000000d5580000,0x00000000d6b00000,0x00000000d6b00000)
  from space 2048K, 98% used [0x00000000d6b00000,0x00000000d6cf8010,0x00000000d6d00000)
  to   space 2560K, 0% used [0x00000000d6d80000,0x00000000d6d80000,0x00000000d7000000)
 ParOldGen       total 68608K, used 26008K [0x0000000080000000, 0x0000000084300000, 0x00000000d5580000)
  object space 68608K, 37% used [0x0000000080000000,0x00000000819660d0,0x0000000084300000)
 Metaspace       used 39170K, committed 40128K, reserved 1114112K
  class space    used 3821K, committed 4224K, reserved 1048576K
}
Event: 15.361 GC heap after
{Heap after GC invocations=22 (full 2):
 PSYoungGen      total 24064K, used 1912K [0x00000000d5580000, 0x00000000d6f80000, 0x0000000100000000)
  eden space 22016K, 0% used [0x00000000d5580000,0x00000000d5580000,0x00000000d6b00000)
  from space 2048K, 93% used [0x00000000d6d80000,0x00000000d6f5e200,0x00000000d6f80000)
  to   space 2048K, 0% used [0x00000000d6b00000,0x00000000d6b00000,0x00000000d6d00000)
 ParOldGen       total 68608K, used 27880K [0x0000000080000000, 0x0000000084300000, 0x00000000d5580000)
  object space 68608K, 40% used [0x0000000080000000,0x0000000081b3a0e0,0x0000000084300000)
 Metaspace       used 39170K, committed 40128K, reserved 1114112K
  class space    used 3821K, committed 4224K, reserved 1048576K
}
Event: 15.558 GC heap before
{Heap before GC invocations=23 (full 2):
 PSYoungGen      total 24064K, used 23928K [0x00000000d5580000, 0x00000000d6f80000, 0x0000000100000000)
  eden space 22016K, 100% used [0x00000000d5580000,0x00000000d6b00000,0x00000000d6b00000)
  from space 2048K, 93% used [0x00000000d6d80000,0x00000000d6f5e200,0x00000000d6f80000)
  to   space 2048K, 0% used [0x00000000d6b00000,0x00000000d6b00000,0x00000000d6d00000)
 ParOldGen       total 68608K, used 27880K [0x0000000080000000, 0x0000000084300000, 0x00000000d5580000)
  object space 68608K, 40% used [0x0000000080000000,0x0000000081b3a0e0,0x0000000084300000)
 Metaspace       used 39758K, committed 40768K, reserved 1114112K
  class space    used 3901K, committed 4352K, reserved 1048576K
}
Event: 15.562 GC heap after
{Heap after GC invocations=23 (full 2):
 PSYoungGen      total 24064K, used 2029K [0x00000000d5580000, 0x00000000d7400000, 0x0000000100000000)
  eden space 22016K, 0% used [0x00000000d5580000,0x00000000d5580000,0x00000000d6b00000)
  from space 2048K, 99% used [0x00000000d6b00000,0x00000000d6cfb510,0x00000000d6d00000)
  to   space 4608K, 0% used [0x00000000d6f80000,0x00000000d6f80000,0x00000000d7400000)
 ParOldGen       total 68608K, used 29680K [0x0000000080000000, 0x0000000084300000, 0x00000000d5580000)
  object space 68608K, 43% used [0x0000000080000000,0x0000000081cfc2e0,0x0000000084300000)
 Metaspace       used 39758K, committed 40768K, reserved 1114112K
  class space    used 3901K, committed 4352K, reserved 1048576K
}
Event: 15.960 GC heap before
{Heap before GC invocations=24 (full 2):
 PSYoungGen      total 24064K, used 24045K [0x00000000d5580000, 0x00000000d7400000, 0x0000000100000000)
  eden space 22016K, 100% used [0x00000000d5580000,0x00000000d6b00000,0x00000000d6b00000)
  from space 2048K, 99% used [0x00000000d6b00000,0x00000000d6cfb510,0x00000000d6d00000)
  to   space 4608K, 0% used [0x00000000d6f80000,0x00000000d6f80000,0x00000000d7400000)
 ParOldGen       total 68608K, used 29680K [0x0000000080000000, 0x0000000084300000, 0x00000000d5580000)
  object space 68608K, 43% used [0x0000000080000000,0x0000000081cfc2e0,0x0000000084300000)
 Metaspace       used 40921K, committed 41920K, reserved 1114112K
  class space    used 4025K, committed 4480K, reserved 1048576K
}
Event: 15.963 GC heap after
{Heap after GC invocations=24 (full 2):
 PSYoungGen      total 24064K, used 1677K [0x00000000d5580000, 0x00000000d7180000, 0x0000000100000000)
  eden space 22016K, 0% used [0x00000000d5580000,0x00000000d5580000,0x00000000d6b00000)
  from space 2048K, 81% used [0x00000000d6f80000,0x00000000d7123530,0x00000000d7180000)
  to   space 2560K, 0% used [0x00000000d6c80000,0x00000000d6c80000,0x00000000d6f00000)
 ParOldGen       total 68608K, used 30792K [0x0000000080000000, 0x0000000084300000, 0x00000000d5580000)
  object space 68608K, 44% used [0x0000000080000000,0x0000000081e122e0,0x0000000084300000)
 Metaspace       used 40921K, committed 41920K, reserved 1114112K
  class space    used 4025K, committed 4480K, reserved 1048576K
}
Event: 16.477 GC heap before
{Heap before GC invocations=25 (full 2):
 PSYoungGen      total 24064K, used 23633K [0x00000000d5580000, 0x00000000d7180000, 0x0000000100000000)
  eden space 22016K, 99% used [0x00000000d5580000,0x00000000d6af0ff8,0x00000000d6b00000)
  from space 2048K, 81% used [0x00000000d6f80000,0x00000000d7123530,0x00000000d7180000)
  to   space 2560K, 0% used [0x00000000d6c80000,0x00000000d6c80000,0x00000000d6f00000)
 ParOldGen       total 68608K, used 30792K [0x0000000080000000, 0x0000000084300000, 0x00000000d5580000)
  object space 68608K, 44% used [0x0000000080000000,0x0000000081e122e0,0x0000000084300000)
 Metaspace       used 41713K, committed 42752K, reserved 1114112K
  class space    used 4111K, committed 4544K, reserved 1048576K
}
Event: 16.480 GC heap after
{Heap after GC invocations=25 (full 2):
 PSYoungGen      total 24064K, used 1568K [0x00000000d5580000, 0x00000000d7000000, 0x0000000100000000)
  eden space 22016K, 0% used [0x00000000d5580000,0x00000000d5580000,0x00000000d6b00000)
  from space 2048K, 76% used [0x00000000d6c80000,0x00000000d6e08000,0x00000000d6e80000)
  to   space 1536K, 0% used [0x00000000d6e80000,0x00000000d6e80000,0x00000000d7000000)
 ParOldGen       total 68608K, used 32254K [0x0000000080000000, 0x0000000084300000, 0x00000000d5580000)
  object space 68608K, 47% used [0x0000000080000000,0x0000000081f7f830,0x0000000084300000)
 Metaspace       used 41713K, committed 42752K, reserved 1114112K
  class space    used 4111K, committed 4544K, reserved 1048576K
}

Dll operation events (10 events):
Event: 0.013 Loaded shared library c:\Users\Admin\.vscode\extensions\redhat.java-1.43.1-win32-x64\jre\21.0.7-win32-x86_64\bin\java.dll
Event: 0.144 Loaded shared library c:\Users\Admin\.vscode\extensions\redhat.java-1.43.1-win32-x64\jre\21.0.7-win32-x86_64\bin\zip.dll
Event: 0.180 Loaded shared library C:\Users\Admin\.vscode\extensions\redhat.java-1.43.1-win32-x64\jre\21.0.7-win32-x86_64\bin\instrument.dll
Event: 0.186 Loaded shared library C:\Users\Admin\.vscode\extensions\redhat.java-1.43.1-win32-x64\jre\21.0.7-win32-x86_64\bin\net.dll
Event: 0.190 Loaded shared library C:\Users\Admin\.vscode\extensions\redhat.java-1.43.1-win32-x64\jre\21.0.7-win32-x86_64\bin\nio.dll
Event: 0.195 Loaded shared library C:\Users\Admin\.vscode\extensions\redhat.java-1.43.1-win32-x64\jre\21.0.7-win32-x86_64\bin\zip.dll
Event: 0.218 Loaded shared library C:\Users\Admin\.vscode\extensions\redhat.java-1.43.1-win32-x64\jre\21.0.7-win32-x86_64\bin\jimage.dll
Event: 0.356 Loaded shared library c:\Users\Admin\.vscode\extensions\redhat.java-1.43.1-win32-x64\jre\21.0.7-win32-x86_64\bin\verify.dll
Event: 2.690 Loaded shared library C:\Users\Admin\AppData\Roaming\Code\User\globalStorage\redhat.java\1.43.1\config_ss_win\org.eclipse.equinox.launcher\org.eclipse.equinox.launcher.win32.win32.x86_64_1.2.1300.v20250331-1702\eclipse_11911.dll
Event: 7.729 Loaded shared library C:\Users\Admin\AppData\Local\Temp\jna-63116079\jna14486019009008494642.dll

Deoptimization events (20 events):
Event: 16.273 Thread 0x0000024d76516860 Uncommon trap: trap_request=0xffffffde fr.pc=0x0000024d236f1c5c relative=0x0000000000000a3c
Event: 16.273 Thread 0x0000024d76516860 Uncommon trap: reason=class_check action=maybe_recompile pc=0x0000024d236f1c5c method=org.eclipse.jdt.internal.compiler.parser.Parser.consumeRule(I)V @ 4689 c2
Event: 16.273 Thread 0x0000024d76516860 DEOPT PACKING pc=0x0000024d236f1c5c sp=0x000000839f7fe0f0
Event: 16.273 Thread 0x0000024d76516860 DEOPT UNPACKING pc=0x0000024d22ea6da2 sp=0x000000839f7fe090 mode 2
Event: 16.273 Thread 0x0000024d76516860 Uncommon trap: trap_request=0xffffffde fr.pc=0x0000024d236f1c28 relative=0x0000000000000a08
Event: 16.273 Thread 0x0000024d76516860 Uncommon trap: reason=class_check action=maybe_recompile pc=0x0000024d236f1c28 method=org.eclipse.jdt.internal.compiler.parser.Parser.consumeRule(I)V @ 4675 c2
Event: 16.273 Thread 0x0000024d76516860 DEOPT PACKING pc=0x0000024d236f1c28 sp=0x000000839f7fe0f0
Event: 16.273 Thread 0x0000024d76516860 DEOPT UNPACKING pc=0x0000024d22ea6da2 sp=0x000000839f7fe090 mode 2
Event: 16.422 Thread 0x0000024d76514100 Uncommon trap: trap_request=0xffffff45 fr.pc=0x0000024d236aa79c relative=0x00000000000003bc
Event: 16.422 Thread 0x0000024d76514100 Uncommon trap: reason=unstable_if action=reinterpret pc=0x0000024d236aa79c method=java.util.IdentityHashMap.maskNull(Ljava/lang/Object;)Ljava/lang/Object; @ 1 c2
Event: 16.422 Thread 0x0000024d76514100 DEOPT PACKING pc=0x0000024d236aa79c sp=0x000000839f6fbe00
Event: 16.422 Thread 0x0000024d76514100 DEOPT UNPACKING pc=0x0000024d22ea6da2 sp=0x000000839f6fbd18 mode 2
Event: 16.424 Thread 0x0000024d76514100 Uncommon trap: trap_request=0xffffff45 fr.pc=0x0000024d236b41a0 relative=0x0000000000000700
Event: 16.424 Thread 0x0000024d76514100 Uncommon trap: reason=unstable_if action=reinterpret pc=0x0000024d236b41a0 method=lombok.eclipse.handlers.EclipseHandlerUtil.typeMatches(Ljava/lang/String;Llombok/eclipse/EclipseNode;Lorg/eclipse/jdt/internal/compiler/ast/TypeReference;)Z @ 1 c2
Event: 16.424 Thread 0x0000024d76514100 DEOPT PACKING pc=0x0000024d236b41a0 sp=0x000000839f6fd6f0
Event: 16.424 Thread 0x0000024d76514100 DEOPT UNPACKING pc=0x0000024d22ea6da2 sp=0x000000839f6fd690 mode 2
Event: 16.432 Thread 0x0000024d76516860 Uncommon trap: trap_request=0xffffff6e fr.pc=0x0000024d2364c1ac relative=0x00000000000003ec
Event: 16.432 Thread 0x0000024d76516860 Uncommon trap: reason=loop_limit_check action=maybe_recompile pc=0x0000024d2364c1ac method=org.eclipse.jdt.internal.compiler.classfmt.ClassFileStruct.utf8At(II)[C @ 143 c2
Event: 16.432 Thread 0x0000024d76516860 DEOPT PACKING pc=0x0000024d2364c1ac sp=0x000000839f7fd4b0
Event: 16.432 Thread 0x0000024d76516860 DEOPT UNPACKING pc=0x0000024d22ea6da2 sp=0x000000839f7fd448 mode 2

Classes loaded (20 events):
Event: 15.488 Loading class java/util/stream/Nodes$ToArrayTask$OfRef
Event: 15.488 Loading class java/util/stream/Nodes$ToArrayTask
Event: 15.488 Loading class java/util/stream/Nodes$ToArrayTask done
Event: 15.488 Loading class java/util/stream/Nodes$ToArrayTask$OfRef done
Event: 15.565 Loading class java/lang/Throwable$WrappedPrintWriter
Event: 15.566 Loading class java/lang/Throwable$PrintStreamOrWriter
Event: 15.566 Loading class java/lang/Throwable$PrintStreamOrWriter done
Event: 15.566 Loading class java/lang/Throwable$WrappedPrintWriter done
Event: 15.629 Loading class java/util/Hashtable$ValueCollection
Event: 15.629 Loading class java/util/Hashtable$ValueCollection done
Event: 15.653 Loading class java/util/concurrent/locks/ReentrantReadWriteLock$Sync$HoldCounter
Event: 15.653 Loading class java/util/concurrent/locks/ReentrantReadWriteLock$Sync$HoldCounter done
Event: 15.665 Loading class java/util/regex/PatternSyntaxException
Event: 15.665 Loading class java/util/regex/PatternSyntaxException done
Event: 16.344 Loading class java/util/stream/ReduceOps$4
Event: 16.344 Loading class java/util/stream/ReduceOps$4 done
Event: 16.344 Loading class java/util/stream/ReduceOps$4ReducingSink
Event: 16.347 Loading class java/util/stream/ReduceOps$4ReducingSink done
Event: 16.349 Loading class java/nio/file/Files$2
Event: 16.349 Loading class java/nio/file/Files$2 done

Classes unloaded (7 events):
Event: 6.873 Thread 0x0000024d186a39f0 Unloading class 0x0000024d30182c00 'java/lang/invoke/LambdaForm$MH+0x0000024d30182c00'
Event: 6.873 Thread 0x0000024d186a39f0 Unloading class 0x0000024d30182800 'java/lang/invoke/LambdaForm$MH+0x0000024d30182800'
Event: 6.873 Thread 0x0000024d186a39f0 Unloading class 0x0000024d30182400 'java/lang/invoke/LambdaForm$MH+0x0000024d30182400'
Event: 6.873 Thread 0x0000024d186a39f0 Unloading class 0x0000024d30182000 'java/lang/invoke/LambdaForm$MH+0x0000024d30182000'
Event: 6.873 Thread 0x0000024d186a39f0 Unloading class 0x0000024d30181c00 'java/lang/invoke/LambdaForm$BMH+0x0000024d30181c00'
Event: 6.873 Thread 0x0000024d186a39f0 Unloading class 0x0000024d30181800 'java/lang/invoke/LambdaForm$DMH+0x0000024d30181800'
Event: 6.873 Thread 0x0000024d186a39f0 Unloading class 0x0000024d30180400 'java/lang/invoke/LambdaForm$DMH+0x0000024d30180400'

Classes redefined (0 events):
No events

Internal exceptions (20 events):
Event: 14.944 Thread 0x0000024d76bc30a0 Exception <a 'java/lang/NoSuchMethodError'{0x00000000d5bf75f0}: 'int java.lang.invoke.DirectMethodHandle$Holder.invokeSpecial(java.lang.Object, java.lang.Object, java.lang.Object, java.lang.Object)'> (0x00000000d5bf75f0) 
thrown [s\src\hotspot\share\interpreter\linkResolver.cpp, line 773]
Event: 14.947 Thread 0x0000024d76bc30a0 Exception <a 'java/lang/NoSuchMethodError'{0x00000000d5d04a30}: 'java.lang.Object java.lang.invoke.DirectMethodHandle$Holder.invokeStatic(java.lang.Object, int, java.lang.Object, java.lang.Object)'> (0x00000000d5d04a30) 
thrown [s\src\hotspot\share\interpreter\linkResolver.cpp, line 773]
Event: 14.948 Thread 0x0000024d76bc30a0 Exception <a 'java/lang/NoSuchMethodError'{0x00000000d5e00ad0}: 'java.lang.Object java.lang.invoke.DelegatingMethodHandle$Holder.delegate(java.lang.Object, int, java.lang.Object, java.lang.Object)'> (0x00000000d5e00ad0) 
thrown [s\src\hotspot\share\interpreter\linkResolver.cpp, line 773]
Event: 14.951 Thread 0x0000024d76bc30a0 Exception <a 'java/lang/NoSuchMethodError'{0x00000000d5ed0680}: 'int java.lang.invoke.Invokers$Holder.linkToTargetMethod(java.lang.Object, java.lang.Object, java.lang.Object)'> (0x00000000d5ed0680) 
thrown [s\src\hotspot\share\interpreter\linkResolver.cpp, line 773]
Event: 15.259 Thread 0x0000024d76514790 Exception <a 'java/lang/LinkageError'{0x00000000d5936be0}: loader lombok.launch.ShadowClassLoader @55fb449c attempted duplicate class definition for lombok.eclipse.EcjAugments. (lombok.eclipse.EcjAugments is in unnamed module of loader lombok.launch.ShadowClassLoader @55fb449c, parent loader org.eclipse.osgi.internal.loader.EquinoxClassLoader @646c8584)> (0x00000000d5936be0) 
thrown [s\src\hotspot\share\classfile\systemDictionary.cpp, line 1682]
Event: 15.292 Thread 0x0000024d76514790 Exception <a 'java/lang/LinkageError'{0x00000000d5d4e568}: loader lombok.launch.ShadowClassLoader @55fb449c attempted duplicate class definition for lombok.eclipse.agent.PatchDiagnostics. (lombok.eclipse.agent.PatchDiagnostics is in unnamed module of loader lombok.launch.ShadowClassLoader @55fb449c, parent loader org.eclipse.osgi.internal.loader.EquinoxClassLoader @646c8584)> (0x00000000d5d4e568) 
thrown [s\src\hotspot\share\classfile\systemDictionary.cpp, line 1682]
Event: 15.330 Thread 0x0000024d76513a70 Exception <a 'java/lang/LinkageError'{0x00000000d62f5f20}: loader lombok.launch.ShadowClassLoader @55fb449c attempted duplicate class definition for lombok.launch.PatchFixesHider$PatchFixes. (lombok.launch.PatchFixesHider$PatchFixes is in unnamed module of loader lombok.launch.ShadowClassLoader @55fb449c, parent loader org.eclipse.osgi.internal.loader.EquinoxClassLoader @646c8584)> (0x00000000d62f5f20) 
thrown [s\src\hotspot\share\classfile\systemDictionary.cpp, line 1682]
Event: 15.448 Thread 0x0000024d76bc30a0 Exception <a 'java/io/FileNotFoundException'{0x00000000d66f5a58}> (0x00000000d66f5a58) 
thrown [s\src\hotspot\share\prims\jni.cpp, line 520]
Event: 15.448 Thread 0x0000024d76bc30a0 Exception <a 'java/io/FileNotFoundException'{0x00000000d66f6a48}> (0x00000000d66f6a48) 
thrown [s\src\hotspot\share\prims\jni.cpp, line 520]
Event: 15.448 Thread 0x0000024d76bc30a0 Exception <a 'java/io/FileNotFoundException'{0x00000000d66f77b0}> (0x00000000d66f77b0) 
thrown [s\src\hotspot\share\prims\jni.cpp, line 520]
Event: 15.554 Thread 0x0000024d76513a70 Exception <a 'sun/nio/fs/WindowsException'{0x00000000d6aa8560}> (0x00000000d6aa8560) 
thrown [s\src\hotspot\share\prims\jni.cpp, line 520]
Event: 15.565 Thread 0x0000024d76513a70 Exception <a 'sun/nio/fs/WindowsException'{0x00000000d55d8e50}> (0x00000000d55d8e50) 
thrown [s\src\hotspot\share\prims\jni.cpp, line 520]
Event: 15.616 Thread 0x0000024d76513a70 Exception <a 'java/lang/LinkageError'{0x00000000d5998840}: loader lombok.launch.ShadowClassLoader @55fb449c attempted duplicate class definition for lombok.launch.PatchFixesHider$FieldInitializer. (lombok.launch.PatchFixesHider$FieldInitializer is in unnamed module of loader lombok.launch.ShadowClassLoader @55fb449c, parent loader org.eclipse.osgi.internal.loader.EquinoxClassLoader @646c8584)> (0x00000000d5998840) 
thrown [s\src\hotspot\share\classfile\systemDictionary.cpp, line 1682]
Event: 15.628 Thread 0x0000024d76514100 Exception <a 'java/lang/NoSuchMethodError'{0x00000000d5a37df8}: 'java.lang.Object java.lang.invoke.DirectMethodHandle$Holder.invokeStatic(java.lang.Object, java.lang.Object, int, int)'> (0x00000000d5a37df8) 
thrown [s\src\hotspot\share\interpreter\linkResolver.cpp, line 773]
Event: 15.630 Thread 0x0000024d76514100 Exception <a 'java/lang/NoSuchMethodError'{0x00000000d5a3c1f8}: 'java.lang.Object java.lang.invoke.DirectMethodHandle$Holder.invokeSpecial(java.lang.Object, java.lang.Object, java.lang.Object, int, int)'> (0x00000000d5a3c1f8) 
thrown [s\src\hotspot\share\interpreter\linkResolver.cpp, line 773]
Event: 15.632 Thread 0x0000024d76514790 Exception <a 'java/lang/NoSuchMethodError'{0x00000000d5a772e0}: 'java.lang.Object java.lang.invoke.DirectMethodHandle$Holder.invokeSpecial(java.lang.Object, java.lang.Object, java.lang.Object, java.lang.Object, int, java.lang.Object, java.lang.Object)'> (0x00000000d5a772e0) 
thrown [s\src\hotspot\share\interpreter\linkResolver.cpp, line 773]
Event: 15.632 Thread 0x0000024d76513a70 Exception <a 'java/lang/NoSuchMethodError'{0x00000000d5a717e0}: 'java.lang.Object java.lang.invoke.DirectMethodHandle$Holder.invokeSpecial(java.lang.Object, java.lang.Object, java.lang.Object, java.lang.Object, int, java.lang.Object, java.lang.Object)'> (0x00000000d5a717e0) 
thrown [s\src\hotspot\share\interpreter\linkResolver.cpp, line 773]
Event: 16.354 Thread 0x0000024d76516860 Exception <a 'java/lang/NoSuchMethodError'{0x00000000d677e9c0}: 'int java.lang.invoke.DirectMethodHandle$Holder.invokeSpecialIFC(java.lang.Object, java.lang.Object, java.lang.Object)'> (0x00000000d677e9c0) 
thrown [s\src\hotspot\share\interpreter\linkResolver.cpp, line 773]
Event: 16.422 Thread 0x0000024d76514100 Implicit null exception at 0x0000024d236aa423 to 0x0000024d236aa788
Event: 16.424 Thread 0x0000024d76514100 Implicit null exception at 0x0000024d236b3ac4 to 0x0000024d236b418c

ZGC Phase Switch (0 events):
No events

VM Operations (20 events):
Event: 15.063 Executing VM operation: ParallelGCFailedAllocation (Allocation Failure)
Event: 15.068 Executing VM operation: ParallelGCFailedAllocation (Allocation Failure) done
Event: 15.193 Executing VM operation: HandshakeAllThreads (Deoptimize)
Event: 15.196 Executing VM operation: HandshakeAllThreads (Deoptimize) done
Event: 15.220 Executing VM operation: ParallelGCFailedAllocation (Allocation Failure)
Event: 15.233 Executing VM operation: ParallelGCFailedAllocation (Allocation Failure) done
Event: 15.356 Executing VM operation: ParallelGCFailedAllocation (Allocation Failure)
Event: 15.361 Executing VM operation: ParallelGCFailedAllocation (Allocation Failure) done
Event: 15.492 Executing VM operation: HandshakeAllThreads (Deoptimize)
Event: 15.492 Executing VM operation: HandshakeAllThreads (Deoptimize) done
Event: 15.558 Executing VM operation: ParallelGCFailedAllocation (Allocation Failure)
Event: 15.563 Executing VM operation: ParallelGCFailedAllocation (Allocation Failure) done
Event: 15.932 Executing VM operation: ICBufferFull
Event: 15.933 Executing VM operation: ICBufferFull done
Event: 15.960 Executing VM operation: ParallelGCFailedAllocation (Allocation Failure)
Event: 15.963 Executing VM operation: ParallelGCFailedAllocation (Allocation Failure) done
Event: 16.422 Executing VM operation: ICBufferFull
Event: 16.422 Executing VM operation: ICBufferFull done
Event: 16.477 Executing VM operation: ParallelGCFailedAllocation (Allocation Failure)
Event: 16.480 Executing VM operation: ParallelGCFailedAllocation (Allocation Failure) done

Memory protections (0 events):
No events

Nmethod flushes (20 events):
Event: 14.115 Thread 0x0000024d186a39f0 flushing  nmethod 0x0000024d1bd1ef10
Event: 14.115 Thread 0x0000024d186a39f0 flushing  nmethod 0x0000024d1bd2ec90
Event: 14.115 Thread 0x0000024d186a39f0 flushing  nmethod 0x0000024d1bd2fc10
Event: 14.115 Thread 0x0000024d186a39f0 flushing  nmethod 0x0000024d1bd44490
Event: 14.115 Thread 0x0000024d186a39f0 flushing  nmethod 0x0000024d1bd45790
Event: 14.115 Thread 0x0000024d186a39f0 flushing  nmethod 0x0000024d1bd45b90
Event: 14.115 Thread 0x0000024d186a39f0 flushing  nmethod 0x0000024d1bd64a90
Event: 14.115 Thread 0x0000024d186a39f0 flushing  nmethod 0x0000024d1bd65410
Event: 14.115 Thread 0x0000024d186a39f0 flushing  nmethod 0x0000024d1bd69d90
Event: 14.115 Thread 0x0000024d186a39f0 flushing  nmethod 0x0000024d1bda6490
Event: 14.115 Thread 0x0000024d186a39f0 flushing  nmethod 0x0000024d1bda6890
Event: 14.115 Thread 0x0000024d186a39f0 flushing  nmethod 0x0000024d1bda7310
Event: 14.115 Thread 0x0000024d186a39f0 flushing  nmethod 0x0000024d1bdbd210
Event: 14.115 Thread 0x0000024d186a39f0 flushing  nmethod 0x0000024d1bdbfc10
Event: 14.115 Thread 0x0000024d186a39f0 flushing  nmethod 0x0000024d1bdc1210
Event: 14.115 Thread 0x0000024d186a39f0 flushing  nmethod 0x0000024d1bdc1c90
Event: 14.115 Thread 0x0000024d186a39f0 flushing  nmethod 0x0000024d1bdc2b90
Event: 14.115 Thread 0x0000024d186a39f0 flushing  nmethod 0x0000024d1bdc3e10
Event: 14.115 Thread 0x0000024d186a39f0 flushing  nmethod 0x0000024d1bde7790
Event: 14.115 Thread 0x0000024d186a39f0 flushing osr nmethod 0x0000024d1be23910

Events (20 events):
Event: 12.902 Thread 0x0000024d719f6270 Thread added: 0x0000024d762d76e0
Event: 12.936 Thread 0x0000024d76513a70 Thread added: 0x0000024d76516860
Event: 12.942 Thread 0x0000024d76bc30a0 Thread added: 0x0000024d765133e0
Event: 12.946 Thread 0x0000024d765133e0 Thread exited: 0x0000024d765133e0
Event: 13.202 Thread 0x0000024d76514100 Thread added: 0x0000024d76514790
Event: 14.181 Thread 0x0000024d762d76e0 Thread exited: 0x0000024d762d76e0
Event: 14.248 Thread 0x0000024d719f6270 Thread added: 0x0000024d762d4060
Event: 14.424 Thread 0x0000024d186b6270 Thread added: 0x0000024d762d7010
Event: 15.470 Thread 0x0000024d76516860 Thread added: 0x0000024d765133e0
Event: 15.488 Thread 0x0000024d765133e0 Thread added: 0x0000024d76519ce0
Event: 15.489 Thread 0x0000024d765133e0 Thread added: 0x0000024d76516ef0
Event: 15.490 Thread 0x0000024d76516ef0 Thread exited: 0x0000024d76516ef0
Event: 15.490 Thread 0x0000024d76519ce0 Thread exited: 0x0000024d76519ce0
Event: 15.490 Thread 0x0000024d765133e0 Thread exited: 0x0000024d765133e0
Event: 15.980 Thread 0x0000024d76516860 Thread added: 0x0000024d76518fc0
Event: 15.980 Thread 0x0000024d76516860 Thread added: 0x0000024d76516ef0
Event: 15.980 Thread 0x0000024d76516860 Thread added: 0x0000024d7651a370
Event: 15.980 Thread 0x0000024d76516860 Thread added: 0x0000024d76519650
Event: 15.980 Thread 0x0000024d76516860 Thread added: 0x0000024d76517580
Event: 15.981 Thread 0x0000024d76516860 Thread added: 0x0000024d76517c10


Dynamic libraries:
0x00007ff683310000 - 0x00007ff68331e000 	c:\Users\Admin\.vscode\extensions\redhat.java-1.43.1-win32-x64\jre\21.0.7-win32-x86_64\bin\java.exe
0x00007fff86820000 - 0x00007fff86a88000 	C:\WINDOWS\SYSTEM32\ntdll.dll
0x00007fff86660000 - 0x00007fff86729000 	C:\WINDOWS\System32\KERNEL32.DLL
0x00007fff83dc0000 - 0x00007fff841ad000 	C:\WINDOWS\System32\KERNELBASE.dll
0x00007fff84330000 - 0x00007fff8447b000 	C:\WINDOWS\System32\ucrtbase.dll
0x00007fff70900000 - 0x00007fff7091e000 	c:\Users\Admin\.vscode\extensions\redhat.java-1.43.1-win32-x64\jre\21.0.7-win32-x86_64\bin\VCRUNTIME140.dll
0x00007fff6cdf0000 - 0x00007fff6ce08000 	c:\Users\Admin\.vscode\extensions\redhat.java-1.43.1-win32-x64\jre\21.0.7-win32-x86_64\bin\jli.dll
0x00007fff860a0000 - 0x00007fff8626c000 	C:\WINDOWS\System32\USER32.dll
0x00007fff6b360000 - 0x00007fff6b5fa000 	C:\WINDOWS\WinSxS\amd64_microsoft.windows.common-controls_6595b64144ccf1df_6.0.26100.4484_none_3e0e6d4ce32ef3b3\COMCTL32.dll
0x00007fff83c10000 - 0x00007fff83c37000 	C:\WINDOWS\System32\win32u.dll
0x00007fff845c0000 - 0x00007fff84669000 	C:\WINDOWS\System32\msvcrt.dll
0x00007fff85100000 - 0x00007fff8512b000 	C:\WINDOWS\System32\GDI32.dll
0x00007fff84480000 - 0x00007fff845b7000 	C:\WINDOWS\System32\gdi32full.dll
0x00007fff83a10000 - 0x00007fff83ab3000 	C:\WINDOWS\System32\msvcp_win.dll
0x00007fff85d00000 - 0x00007fff85d2f000 	C:\WINDOWS\System32\IMM32.DLL
0x00007fff7e0b0000 - 0x00007fff7e0bc000 	c:\Users\Admin\.vscode\extensions\redhat.java-1.43.1-win32-x64\jre\21.0.7-win32-x86_64\bin\vcruntime140_1.dll
0x00007fff3a400000 - 0x00007fff3a48d000 	c:\Users\Admin\.vscode\extensions\redhat.java-1.43.1-win32-x64\jre\21.0.7-win32-x86_64\bin\msvcp140.dll
0x00007fff13c30000 - 0x00007fff149c0000 	c:\Users\Admin\.vscode\extensions\redhat.java-1.43.1-win32-x64\jre\21.0.7-win32-x86_64\bin\server\jvm.dll
0x00007fff85d40000 - 0x00007fff85df4000 	C:\WINDOWS\System32\ADVAPI32.dll
0x00007fff85320000 - 0x00007fff853c6000 	C:\WINDOWS\System32\sechost.dll
0x00007fff85e00000 - 0x00007fff85f18000 	C:\WINDOWS\System32\RPCRT4.dll
0x00007fff852a0000 - 0x00007fff85314000 	C:\WINDOWS\System32\WS2_32.dll
0x00007fff837c0000 - 0x00007fff8381e000 	C:\WINDOWS\SYSTEM32\POWRPROF.dll
0x00007fff7ad20000 - 0x00007fff7ad55000 	C:\WINDOWS\SYSTEM32\WINMM.dll
0x00007fff71780000 - 0x00007fff7178b000 	C:\WINDOWS\SYSTEM32\VERSION.dll
0x00007fff837a0000 - 0x00007fff837b4000 	C:\WINDOWS\SYSTEM32\UMPDC.dll
0x00007fff826d0000 - 0x00007fff826eb000 	C:\WINDOWS\SYSTEM32\kernel.appcore.dll
0x00007fff7d300000 - 0x00007fff7d30a000 	c:\Users\Admin\.vscode\extensions\redhat.java-1.43.1-win32-x64\jre\21.0.7-win32-x86_64\bin\jimage.dll
0x00007fff81000000 - 0x00007fff81241000 	C:\WINDOWS\SYSTEM32\DBGHELP.DLL
0x00007fff862d0000 - 0x00007fff86656000 	C:\WINDOWS\System32\combase.dll
0x00007fff85580000 - 0x00007fff85660000 	C:\WINDOWS\System32\OLEAUT32.dll
0x00007fff680d0000 - 0x00007fff68113000 	C:\WINDOWS\SYSTEM32\dbgcore.DLL
0x00007fff83970000 - 0x00007fff83a09000 	C:\WINDOWS\System32\bcryptPrimitives.dll
0x00007fff7a840000 - 0x00007fff7a84f000 	c:\Users\Admin\.vscode\extensions\redhat.java-1.43.1-win32-x64\jre\21.0.7-win32-x86_64\bin\instrument.dll
0x00007fff6cdd0000 - 0x00007fff6cdef000 	c:\Users\Admin\.vscode\extensions\redhat.java-1.43.1-win32-x64\jre\21.0.7-win32-x86_64\bin\java.dll
0x00007fff84680000 - 0x00007fff84dca000 	C:\WINDOWS\System32\SHELL32.dll
0x00007fff841b0000 - 0x00007fff84324000 	C:\WINDOWS\System32\wintypes.dll
0x00007fff81570000 - 0x00007fff81dcb000 	C:\WINDOWS\SYSTEM32\windows.storage.dll
0x00007fff84f70000 - 0x00007fff85065000 	C:\WINDOWS\System32\SHCORE.dll
0x00007fff85f20000 - 0x00007fff85f8a000 	C:\WINDOWS\System32\shlwapi.dll
0x00007fff83880000 - 0x00007fff838af000 	C:\WINDOWS\SYSTEM32\profapi.dll
0x00007fff69ab0000 - 0x00007fff69ac8000 	c:\Users\Admin\.vscode\extensions\redhat.java-1.43.1-win32-x64\jre\21.0.7-win32-x86_64\bin\zip.dll
0x00007fff739c0000 - 0x00007fff739d0000 	C:\Users\Admin\.vscode\extensions\redhat.java-1.43.1-win32-x64\jre\21.0.7-win32-x86_64\bin\net.dll
0x00007fff7a680000 - 0x00007fff7a79e000 	C:\WINDOWS\SYSTEM32\WINHTTP.dll
0x00007fff82c40000 - 0x00007fff82caa000 	C:\WINDOWS\system32\mswsock.dll
0x00007fff60790000 - 0x00007fff607a6000 	C:\Users\Admin\.vscode\extensions\redhat.java-1.43.1-win32-x64\jre\21.0.7-win32-x86_64\bin\nio.dll
0x00007fff734b0000 - 0x00007fff734c0000 	c:\Users\Admin\.vscode\extensions\redhat.java-1.43.1-win32-x64\jre\21.0.7-win32-x86_64\bin\verify.dll
0x00007fff4f340000 - 0x00007fff4f385000 	C:\Users\Admin\AppData\Roaming\Code\User\globalStorage\redhat.java\1.43.1\config_ss_win\org.eclipse.equinox.launcher\org.eclipse.equinox.launcher.win32.win32.x86_64_1.2.1300.v20250331-1702\eclipse_11911.dll
0x00007fff853d0000 - 0x00007fff8556e000 	C:\WINDOWS\System32\ole32.dll
0x00007fff83020000 - 0x00007fff8303b000 	C:\WINDOWS\SYSTEM32\CRYPTSP.dll
0x00007fff82630000 - 0x00007fff8266b000 	C:\WINDOWS\system32\rsaenh.dll
0x00007fff82ce0000 - 0x00007fff82d0b000 	C:\WINDOWS\SYSTEM32\USERENV.dll
0x00007fff83850000 - 0x00007fff83876000 	C:\WINDOWS\SYSTEM32\bcrypt.dll
0x00007fff82e80000 - 0x00007fff82e8c000 	C:\WINDOWS\SYSTEM32\CRYPTBASE.dll
0x00007fff82130000 - 0x00007fff82163000 	C:\WINDOWS\SYSTEM32\IPHLPAPI.DLL
0x00007fff86090000 - 0x00007fff8609a000 	C:\WINDOWS\System32\NSI.dll
0x00007fff3cf10000 - 0x00007fff3cf59000 	C:\Users\Admin\AppData\Local\Temp\jna-63116079\jna14486019009008494642.dll
0x00007fff862c0000 - 0x00007fff862c8000 	C:\WINDOWS\System32\PSAPI.DLL
0x00007fff7a900000 - 0x00007fff7a91f000 	C:\WINDOWS\SYSTEM32\dhcpcsvc6.DLL
0x00007fff7a870000 - 0x00007fff7a895000 	C:\WINDOWS\SYSTEM32\dhcpcsvc.DLL

dbghelp: loaded successfully - version: 4.0.5 - missing functions: none
symbol engine: initialized successfully - sym options: 0x614 - pdb path: .;c:\Users\Admin\.vscode\extensions\redhat.java-1.43.1-win32-x64\jre\21.0.7-win32-x86_64\bin;C:\WINDOWS\SYSTEM32;C:\WINDOWS\WinSxS\amd64_microsoft.windows.common-controls_6595b64144ccf1df_6.0.26100.4484_none_3e0e6d4ce32ef3b3;c:\Users\Admin\.vscode\extensions\redhat.java-1.43.1-win32-x64\jre\21.0.7-win32-x86_64\bin\server;C:\Users\Admin\AppData\Roaming\Code\User\globalStorage\redhat.java\1.43.1\config_ss_win\org.eclipse.equinox.launcher\org.eclipse.equinox.launcher.win32.win32.x86_64_1.2.1300.v20250331-1702;C:\Users\Admin\AppData\Local\Temp\jna-63116079

VM Arguments:
jvm_args: --add-modules=ALL-SYSTEM --add-opens=java.base/java.util=ALL-UNNAMED --add-opens=java.base/java.lang=ALL-UNNAMED --add-opens=java.base/sun.nio.fs=ALL-UNNAMED -Declipse.application=org.eclipse.jdt.ls.core.id1 -Dosgi.bundles.defaultStartLevel=4 -Declipse.product=org.eclipse.jdt.ls.core.product -Djava.import.generatesMetadataFilesAtProjectRoot=false -DDetectVMInstallationsJob.disabled=true -Dfile.encoding=utf8 -XX:+UseParallelGC -XX:GCTimeRatio=4 -XX:AdaptiveSizePolicyWeight=90 -Dsun.zip.disableMemoryMapping=true -Xmx2G -Xms100m -Xlog:disable -javaagent:c:\Users\Admin\.vscode\extensions\redhat.java-1.43.1-win32-x64\lombok\lombok-1.18.39-4050.jar 
java_command: c:\Users\Admin\.vscode\extensions\redhat.java-1.43.1-win32-x64\server\plugins\org.eclipse.equinox.launcher_1.7.0.v20250519-0528.jar -configuration c:\Users\Admin\AppData\Roaming\Code\User\globalStorage\redhat.java\1.43.1\config_ss_win -data c:\Users\Admin\AppData\Roaming\Code\User\workspaceStorage\2a8215986621d579e6b417848d7ee4b7\redhat.java\ss_ws --pipe=\\.\pipe\lsp-d57c3a4e5e340661a96a0b40dfa1b53f-sock
java_class_path (initial): c:\Users\Admin\.vscode\extensions\redhat.java-1.43.1-win32-x64\server\plugins\org.eclipse.equinox.launcher_1.7.0.v20250519-0528.jar
Launcher Type: SUN_STANDARD

[Global flags]
    uintx AdaptiveSizePolicyWeight                 = 90                                        {product} {command line}
     intx CICompilerCount                          = 4                                         {product} {ergonomic}
    uintx GCTimeRatio                              = 4                                         {product} {command line}
   size_t InitialHeapSize                          = 104857600                                 {product} {command line}
   size_t MaxHeapSize                              = 2147483648                                {product} {command line}
   size_t MaxNewSize                               = 715653120                                 {product} {ergonomic}
   size_t MinHeapDeltaBytes                        = 524288                                    {product} {ergonomic}
   size_t MinHeapSize                              = 104857600                                 {product} {command line}
   size_t NewSize                                  = 34603008                                  {product} {ergonomic}
    uintx NonNMethodCodeHeapSize                   = 5839372                                {pd product} {ergonomic}
    uintx NonProfiledCodeHeapSize                  = 122909434                              {pd product} {ergonomic}
   size_t OldSize                                  = 70254592                                  {product} {ergonomic}
    uintx ProfiledCodeHeapSize                     = 122909434                              {pd product} {ergonomic}
    uintx ReservedCodeCacheSize                    = 251658240                              {pd product} {ergonomic}
     bool SegmentedCodeCache                       = true                                      {product} {ergonomic}
   size_t SoftMaxHeapSize                          = 2147483648                             {manageable} {ergonomic}
     bool UseCompressedOops                        = true                           {product lp64_product} {ergonomic}
     bool UseLargePagesIndividualAllocation        = false                                  {pd product} {ergonomic}
     bool UseParallelGC                            = true                                      {product} {command line}

Logging:
Log output configuration:
 #0: stdout all=off uptime,level,tags foldmultilines=false
 #1: stderr all=off uptime,level,tags foldmultilines=false

Environment Variables:
JAVA_HOME=C:\Program Files\Java\jdk-21
PATH=C:\Program Files\Common Files\Oracle\Java\javapath;C:\Program Files (x86)\Common Files\Oracle\Java\javapath;C:\Program Files (x86)\VMware\VMware Workstation\bin\;C:\app\Admin\product\18.0.0\dbhomeXE\bin;C:\WINDOWS\system32;C:\WINDOWS;C:\WINDOWS\System32\Wbem;C:\WINDOWS\System32\WindowsPowerShell\v1.0\;C:\WINDOWS\System32\OpenSSH\;C:\Users\Admin\AppData\Roaming\nvm;C:\Program Files\nodejs;C:\xampp\php;C:\ProgramData\ComposerSetup\bin;C:\Program Files\MySQL\MySQL Server 8.0\bin;C:\Program Files (x86)\Java\jre1.8.0_361\bin;C:\Program Files\PuTTY\;C:\Program Files\apache-maven-3.9.0\bin;C:\Program Files\Azure Data Studio\bin;C:\Program Files (x86)\Microsoft SQL Server\160\Tools\Binn\;C:\Program Files\Microsoft SQL Server\160\Tools\Binn\;C:\Program Files\Microsoft SQL Server\Client SDK\ODBC\170\Tools\Binn\;C:\Program Files\Microsoft SQL Server\160\DTS\Binn\;C:\Program Files\Java\jdk-21\bin;C:\Program Files (x86)\Microsoft SQL Server\160\DTS\Binn\;C:\Program Files\dotnet\;C:\Program Files\Java\jdk-21\bin;C:\Program Files\PostgreSQL\17\bin;C:\Program Files\Java\jdk-21\bin;C:\Program Files\Git\cmd;C:\Users\Admin\AppData\Local\Android\Sdk\tools\bin;C:\Users\Admin\AppData\Local\Android\Sdk\tools;C:\Users\Admin\AppData\Local\Android\Sdk\platform-tools;;C:\Program Files\Docker\Docker\resources\bin;C:\Program Files\Amazon\AWSCLIV2\;C:\Users\Admin\AppData\Local\Programs\Python\Launcher\;C:\Program Files\MySQL\MySQL Shell 8.0\bin\;C:\Users\Admin\AppData\Local\Microsoft\WindowsApps;C:\Users\Admin\AppData\Local\Programs\Microsoft VS Code\bin;C:\Users\Admin\AppData\Roaming\nvm;C:\Program Files\nodejs;C:\xampp\php;C:\Users\Admin\AppData\Roaming\Composer\vendor\bin;C:\Program Files (x86)\Java\jre1.8.0_361\bin;C:\Program Files\Azure Data Studio\bin;C:\Users\Admin\AppData\Roaming\npm;C:\Users\Admin\.dotnet\tools;C:\Program Files\Java\jdk-21;C:\Users\Admin\AppData\Local\Android\Sdk\tools;C:\Users\Admin\AppData\Local\Android\Sdk\tools\bin;
USERNAME=Admin
OS=Windows_NT
PROCESSOR_IDENTIFIER=Intel64 Family 6 Model 140 Stepping 1, GenuineIntel
TMP=C:\Users\Admin\AppData\Local\Temp
TEMP=C:\Users\Admin\AppData\Local\Temp




Periodic native trim disabled

---------------  S Y S T E M  ---------------

OS:
 Windows 11 , 64 bit Build 26100 (10.0.26100.4484)
OS uptime: 0 days 18:00 hours
Hyper-V role detected

CPU: total 8 (initial active 8) (4 cores per cpu, 2 threads per core) family 6 model 140 stepping 1 microcode 0xbc, cx8, cmov, fxsr, ht, mmx, 3dnowpref, sse, sse2, sse3, ssse3, sse4.1, sse4.2, popcnt, lzcnt, tsc, tscinvbit, avx, avx2, aes, erms, clmul, bmi1, bmi2, adx, avx512f, avx512dq, avx512cd, avx512bw, avx512vl, sha, fma, vzeroupper, avx512_vpopcntdq, avx512_vpclmulqdq, avx512_vaes, avx512_vnni, clflush, clflushopt, clwb, avx512_vbmi2, avx512_vbmi, hv, rdtscp, rdpid, fsrm, gfni, avx512_bitalg, f16c, cet_ibt, cet_ss, avx512_ifma
Processor Information for the first 8 processors :
  Max Mhz: 2419, Current Mhz: 2419, Mhz Limit: 2419

Memory: 4k page, system-wide physical 12010M (1608M free)
TotalPageFile size 28465M (AvailPageFile size 5M)
current process WorkingSet (physical memory assigned to process): 260M, peak: 260M
current process commit charge ("private bytes"): 368M, peak: 370M

vm_info: OpenJDK 64-Bit Server VM (21.0.7+6-LTS) for windows-amd64 JRE (21.0.7+6-LTS), built on 2025-04-15T00:00:00Z by "admin" with MS VC++ 17.7 (VS2022)

END.
