#
# There is insufficient memory for the Java Runtime Environment to continue.
# Native memory allocation (malloc) failed to allocate 747216 bytes. Error detail: Chunk::new
# Possible reasons:
#   The system is out of physical RAM or swap space
#   This process is running with CompressedOops enabled, and the Java Heap may be blocking the growth of the native heap
# Possible solutions:
#   Reduce memory load on the system
#   Increase physical memory or swap space
#   Check if swap backing store is full
#   Decrease Java heap size (-Xmx/-Xms)
#   Decrease number of Java threads
#   Decrease Java thread stack sizes (-Xss)
#   Set larger code cache with -XX:ReservedCodeCacheSize=
#   JVM is running with Unscaled Compressed Oops mode in which the Java heap is
#     placed in the first 4GB address space. The Java Heap base address is the
#     maximum limit for the native heap growth. Please use -XX:HeapBaseMinAddress
#     to set the Java Heap base and to place the Java Heap above 4GB virtual address.
# This output file may be truncated or incomplete.
#
#  Out of Memory Error (arena.cpp:168), pid=18092, tid=11764
#
# JRE version: OpenJDK Runtime Environment Temurin-21.0.7+6 (21.0.7+6) (build 21.0.7+6-LTS)
# Java VM: OpenJDK 64-Bit Server VM Temurin-21.0.7+6 (21.0.7+6-LTS, mixed mode, sharing, tiered, compressed oops, compressed class ptrs, parallel gc, windows-amd64)
# No core dump will be written. Minidumps are not enabled by default on client versions of Windows
#

---------------  S U M M A R Y ------------

Command Line: --add-modules=ALL-SYSTEM --add-opens=java.base/java.util=ALL-UNNAMED --add-opens=java.base/java.lang=ALL-UNNAMED --add-opens=java.base/sun.nio.fs=ALL-UNNAMED -Declipse.application=org.eclipse.jdt.ls.core.id1 -Dosgi.bundles.defaultStartLevel=4 -Declipse.product=org.eclipse.jdt.ls.core.product -Djava.import.generatesMetadataFilesAtProjectRoot=false -DDetectVMInstallationsJob.disabled=true -Dfile.encoding=utf8 -XX:+UseParallelGC -XX:GCTimeRatio=4 -XX:AdaptiveSizePolicyWeight=90 -Dsun.zip.disableMemoryMapping=true -Xmx2G -Xms100m -Xlog:disable -javaagent:c:\Users\Admin\.vscode\extensions\redhat.java-1.43.1-win32-x64\lombok\lombok-1.18.39-4050.jar -XX:+HeapDumpOnOutOfMemoryError -XX:HeapDumpPath=c:\Users\Admin\AppData\Roaming\Code\User\workspaceStorage\2a8215986621d579e6b417848d7ee4b7\redhat.java -Daether.dependencyCollector.impl=bf c:\Users\Admin\.vscode\extensions\redhat.java-1.43.1-win32-x64\server\plugins\org.eclipse.equinox.launcher_1.7.0.v20250519-0528.jar -configuration c:\Users\Admin\AppData\Roaming\Code\User\globalStorage\redhat.java\1.43.1\config_win -data c:\Users\Admin\AppData\Roaming\Code\User\workspaceStorage\2a8215986621d579e6b417848d7ee4b7\redhat.java\jdt_ws --pipe=\\.\pipe\lsp-87213cab9973d881c641775e36fd6e01-sock

Host: 11th Gen Intel(R) Core(TM) i5-1135G7 @ 2.40GHz, 8 cores, 11G,  Windows 11 , 64 bit Build 26100 (10.0.26100.4484)
Time: Tue Jul 22 13:24:19 2025 Sri Lanka Standard Time elapsed time: 19.899087 seconds (0d 0h 0m 19s)

---------------  T H R E A D  ---------------

Current thread (0x0000027304ce1f70):  JavaThread "C2 CompilerThread1" daemon [_thread_in_native, id=11764, stack(0x000000d374b00000,0x000000d374c00000) (1024K)]


Current CompileTask:
C2:19899 14193   !   4       org.eclipse.jdt.internal.core.search.indexing.BinaryIndexer::indexDocument (1168 bytes)

Stack: [0x000000d374b00000,0x000000d374c00000]
Native frames: (J=compiled Java code, j=interpreted, Vv=VM code, C=native code)
V  [jvm.dll+0x6ce119]
V  [jvm.dll+0x8a84a1]
V  [jvm.dll+0x8aa9ce]
V  [jvm.dll+0x8ab0b3]
V  [jvm.dll+0x27f8a6]
V  [jvm.dll+0xc507d]
V  [jvm.dll+0xc55b3]
V  [jvm.dll+0x3b68f2]
V  [jvm.dll+0x1dfaab]
V  [jvm.dll+0x247c42]
V  [jvm.dll+0x2470cf]
V  [jvm.dll+0x1c760e]
V  [jvm.dll+0x25695a]
V  [jvm.dll+0x254efa]
V  [jvm.dll+0x3f03f6]
V  [jvm.dll+0x851f6b]
V  [jvm.dll+0x6cc7dd]
C  [ucrtbase.dll+0x37b0]
C  [KERNEL32.DLL+0x2e8d7]
C  [ntdll.dll+0x3c34c]


---------------  P R O C E S S  ---------------

Threads class SMR info:
_java_thread_list=0x000002735e949b30, length=64, elements={
0x0000027302a7e320, 0x0000027304dfdc90, 0x0000027304cba4a0, 0x0000027304cbf130,
0x0000027304cbfd80, 0x0000027304cc4080, 0x0000027304cc0d50, 0x0000027304cd0c80,
0x0000027304ce0b00, 0x0000027304db01c0, 0x000002735e324810, 0x00000273631ea110,
0x000002735e784610, 0x00000273630cf890, 0x000002735ea2ab90, 0x00000273633ad5c0,
0x000002736366dcb0, 0x000002736316ff00, 0x0000027363171940, 0x0000027363171fd0,
0x0000027363172cf0, 0x0000027304ce1f70, 0x0000027304ce2640, 0x0000027363173380,
0x00000273650f2e20, 0x00000273650f4ef0, 0x00000273650f5580, 0x00000273650f4860,
0x00000273650f34b0, 0x00000273650f6fc0, 0x00000273650f5c10, 0x00000273650f6930,
0x00000273650f62a0, 0x00000273650f3b40, 0x00000273650f7650, 0x00000273650f41d0,
0x00000273650f7ce0, 0x00000273650f9720, 0x00000273650f9db0, 0x00000273650f8370,
0x0000027364f9e7f0, 0x0000027364f9ee80, 0x0000027364f9cdb0, 0x0000027364f9dad0,
0x0000027364f9d440, 0x0000027364f9f510, 0x0000027364f9c090, 0x0000027364f9e160,
0x0000027364f9fba0, 0x0000027364f9c720, 0x0000027364fa2300, 0x0000027364fa0f50,
0x0000027364fa2990, 0x0000027364fa15e0, 0x0000027364fa0230, 0x0000027364fa3020,
0x0000027364fa36b0, 0x0000027363172660, 0x000002736607ebf0, 0x000002736607ded0,
0x000002736607d840, 0x000002736607e560, 0x000002736607cb20, 0x0000027366083420
}

Java Threads: ( => current thread )
  0x0000027302a7e320 JavaThread "main"                              [_thread_blocked, id=20476, stack(0x000000d373e00000,0x000000d373f00000) (1024K)]
  0x0000027304dfdc90 JavaThread "Reference Handler"          daemon [_thread_blocked, id=23988, stack(0x000000d374200000,0x000000d374300000) (1024K)]
  0x0000027304cba4a0 JavaThread "Finalizer"                  daemon [_thread_blocked, id=19816, stack(0x000000d374300000,0x000000d374400000) (1024K)]
  0x0000027304cbf130 JavaThread "Signal Dispatcher"          daemon [_thread_blocked, id=22976, stack(0x000000d374400000,0x000000d374500000) (1024K)]
  0x0000027304cbfd80 JavaThread "Attach Listener"            daemon [_thread_blocked, id=7996, stack(0x000000d374500000,0x000000d374600000) (1024K)]
  0x0000027304cc4080 JavaThread "Service Thread"             daemon [_thread_blocked, id=1952, stack(0x000000d374600000,0x000000d374700000) (1024K)]
  0x0000027304cc0d50 JavaThread "Monitor Deflation Thread"   daemon [_thread_blocked, id=19288, stack(0x000000d374700000,0x000000d374800000) (1024K)]
  0x0000027304cd0c80 JavaThread "C2 CompilerThread0"         daemon [_thread_in_native, id=18900, stack(0x000000d374800000,0x000000d374900000) (1024K)]
  0x0000027304ce0b00 JavaThread "C1 CompilerThread0"         daemon [_thread_blocked, id=2152, stack(0x000000d374900000,0x000000d374a00000) (1024K)]
  0x0000027304db01c0 JavaThread "Common-Cleaner"             daemon [_thread_blocked, id=17216, stack(0x000000d374a00000,0x000000d374b00000) (1024K)]
  0x000002735e324810 JavaThread "Notification Thread"        daemon [_thread_blocked, id=8228, stack(0x000000d374c00000,0x000000d374d00000) (1024K)]
  0x00000273631ea110 JavaThread "Active Thread: Equinox Container: aaf7a3e9-139a-46da-8bbd-f03a8f5682f5"        [_thread_blocked, id=14296, stack(0x000000d375400000,0x000000d375500000) (1024K)]
  0x000002735e784610 JavaThread "Refresh Thread: Equinox Container: aaf7a3e9-139a-46da-8bbd-f03a8f5682f5" daemon [_thread_blocked, id=19372, stack(0x000000d375600000,0x000000d375700000) (1024K)]
  0x00000273630cf890 JavaThread "Framework Event Dispatcher: Equinox Container: aaf7a3e9-139a-46da-8bbd-f03a8f5682f5" daemon [_thread_blocked, id=11648, stack(0x000000d375700000,0x000000d375800000) (1024K)]
  0x000002735ea2ab90 JavaThread "Start Level: Equinox Container: aaf7a3e9-139a-46da-8bbd-f03a8f5682f5" daemon [_thread_blocked, id=18896, stack(0x000000d375800000,0x000000d375900000) (1024K)]
  0x00000273633ad5c0 JavaThread "Bundle File Closer"         daemon [_thread_blocked, id=20704, stack(0x000000d375900000,0x000000d375a00000) (1024K)]
  0x000002736366dcb0 JavaThread "SCR Component Actor"        daemon [_thread_blocked, id=21688, stack(0x000000d375a00000,0x000000d375b00000) (1024K)]
  0x000002736316ff00 JavaThread "Worker-JM"                         [_thread_blocked, id=13256, stack(0x000000d375c00000,0x000000d375d00000) (1024K)]
  0x0000027363171940 JavaThread "JNA Cleaner"                daemon [_thread_blocked, id=6336, stack(0x000000d375d00000,0x000000d375e00000) (1024K)]
  0x0000027363171fd0 JavaThread "Worker-0: Java indexing... "        [_thread_blocked, id=24048, stack(0x000000d375e00000,0x000000d375f00000) (1024K)]
  0x0000027363172cf0 JavaThread "Worker-1"                          [_thread_blocked, id=16448, stack(0x000000d375f00000,0x000000d376000000) (1024K)]
=>0x0000027304ce1f70 JavaThread "C2 CompilerThread1"         daemon [_thread_in_native, id=11764, stack(0x000000d374b00000,0x000000d374c00000) (1024K)]
  0x0000027304ce2640 JavaThread "C2 CompilerThread2"         daemon [_thread_in_native, id=2472, stack(0x000000d374d00000,0x000000d374e00000) (1024K)]
  0x0000027363173380 JavaThread "Java indexing"              daemon [_thread_in_native, id=21000, stack(0x000000d376000000,0x000000d376100000) (1024K)]
  0x00000273650f2e20 JavaThread "Worker-2"                          [_thread_blocked, id=15436, stack(0x000000d376400000,0x000000d376500000) (1024K)]
  0x00000273650f4ef0 JavaThread "Worker-3: Check JDK Index"         [_thread_blocked, id=7844, stack(0x000000d376500000,0x000000d376600000) (1024K)]
  0x00000273650f5580 JavaThread "Worker-4"                          [_thread_blocked, id=11836, stack(0x000000d376600000,0x000000d376700000) (1024K)]
  0x00000273650f4860 JavaThread "Thread-2"                   daemon [_thread_in_native, id=23092, stack(0x000000d376700000,0x000000d376800000) (1024K)]
  0x00000273650f34b0 JavaThread "Thread-3"                   daemon [_thread_in_native, id=20524, stack(0x000000d376800000,0x000000d376900000) (1024K)]
  0x00000273650f6fc0 JavaThread "Thread-4"                   daemon [_thread_in_native, id=1416, stack(0x000000d376900000,0x000000d376a00000) (1024K)]
  0x00000273650f5c10 JavaThread "Thread-5"                   daemon [_thread_in_native, id=2488, stack(0x000000d376a00000,0x000000d376b00000) (1024K)]
  0x00000273650f6930 JavaThread "Thread-6"                   daemon [_thread_in_native, id=2460, stack(0x000000d376b00000,0x000000d376c00000) (1024K)]
  0x00000273650f62a0 JavaThread "Thread-7"                   daemon [_thread_in_native, id=11016, stack(0x000000d376c00000,0x000000d376d00000) (1024K)]
  0x00000273650f3b40 JavaThread "Thread-8"                   daemon [_thread_in_native, id=15444, stack(0x000000d376d00000,0x000000d376e00000) (1024K)]
  0x00000273650f7650 JavaThread "Thread-9"                   daemon [_thread_in_native, id=1076, stack(0x000000d376e00000,0x000000d376f00000) (1024K)]
  0x00000273650f41d0 JavaThread "Thread-10"                  daemon [_thread_in_native, id=20948, stack(0x000000d376f00000,0x000000d377000000) (1024K)]
  0x00000273650f7ce0 JavaThread "pool-2-thread-1"                   [_thread_blocked, id=22152, stack(0x000000d377000000,0x000000d377100000) (1024K)]
  0x00000273650f9720 JavaThread "Worker-5"                          [_thread_blocked, id=24348, stack(0x000000d377100000,0x000000d377200000) (1024K)]
  0x00000273650f9db0 JavaThread "WorkspaceEventsHandler"            [_thread_blocked, id=19660, stack(0x000000d377200000,0x000000d377300000) (1024K)]
  0x00000273650f8370 JavaThread "pool-1-thread-1"                   [_thread_blocked, id=3496, stack(0x000000d377300000,0x000000d377400000) (1024K)]
  0x0000027364f9e7f0 JavaThread "LocalFile Deleter"          daemon [_thread_blocked, id=10632, stack(0x000000d377400000,0x000000d377500000) (1024K)]
  0x0000027364f9ee80 JavaThread "LocalFile Deleter"          daemon [_thread_blocked, id=7772, stack(0x000000d377500000,0x000000d377600000) (1024K)]
  0x0000027364f9cdb0 JavaThread "LocalFile Deleter"          daemon [_thread_blocked, id=16652, stack(0x000000d377600000,0x000000d377700000) (1024K)]
  0x0000027364f9dad0 JavaThread "LocalFile Deleter"          daemon [_thread_blocked, id=21916, stack(0x000000d377700000,0x000000d377800000) (1024K)]
  0x0000027364f9d440 JavaThread "LocalFile Deleter"          daemon [_thread_blocked, id=13400, stack(0x000000d377800000,0x000000d377900000) (1024K)]
  0x0000027364f9f510 JavaThread "LocalFile Deleter"          daemon [_thread_blocked, id=17828, stack(0x000000d377900000,0x000000d377a00000) (1024K)]
  0x0000027364f9c090 JavaThread "LocalFile Deleter"          daemon [_thread_blocked, id=14004, stack(0x000000d377a00000,0x000000d377b00000) (1024K)]
  0x0000027364f9e160 JavaThread "LocalFile Deleter"          daemon [_thread_blocked, id=17132, stack(0x000000d377b00000,0x000000d377c00000) (1024K)]
  0x0000027364f9fba0 JavaThread "Compiler Source File Reader" daemon [_thread_blocked, id=16080, stack(0x000000d377c00000,0x000000d377d00000) (1024K)]
  0x0000027364f9c720 JavaThread "Compiler Source File Reader" daemon [_thread_blocked, id=21800, stack(0x000000d377d00000,0x000000d377e00000) (1024K)]
  0x0000027364fa2300 JavaThread "Compiler Source File Reader" daemon [_thread_blocked, id=14968, stack(0x000000d377e00000,0x000000d377f00000) (1024K)]
  0x0000027364fa0f50 JavaThread "Compiler Source File Reader" daemon [_thread_blocked, id=21400, stack(0x000000d377f00000,0x000000d378000000) (1024K)]
  0x0000027364fa2990 JavaThread "Compiler Source File Reader" daemon [_thread_blocked, id=9940, stack(0x000000d378000000,0x000000d378100000) (1024K)]
  0x0000027364fa15e0 JavaThread "Compiler Source File Reader" daemon [_thread_blocked, id=4248, stack(0x000000d378100000,0x000000d378200000) (1024K)]
  0x0000027364fa0230 JavaThread "Compiler Processing Task"   daemon [_thread_blocked, id=17900, stack(0x000000d375b00000,0x000000d375c00000) (1024K)]
  0x0000027364fa3020 JavaThread "Compiler Class File Writer" daemon [_thread_blocked, id=24524, stack(0x000000d378200000,0x000000d378300000) (1024K)]
  0x0000027364fa36b0 JavaThread "Compiler Class File Writer" daemon [_thread_blocked, id=24476, stack(0x000000d378300000,0x000000d378400000) (1024K)]
  0x0000027363172660 JavaThread "Compiler Class File Writer" daemon [_thread_blocked, id=21664, stack(0x000000d378400000,0x000000d378500000) (1024K)]
  0x000002736607ebf0 JavaThread "Compiler Class File Writer" daemon [_thread_blocked, id=21076, stack(0x000000d378500000,0x000000d378600000) (1024K)]
  0x000002736607ded0 JavaThread "Compiler Class File Writer" daemon [_thread_blocked, id=20568, stack(0x000000d378600000,0x000000d378700000) (1024K)]
  0x000002736607d840 JavaThread "Compiler Class File Writer" daemon [_thread_blocked, id=2156, stack(0x000000d378700000,0x000000d378800000) (1024K)]
  0x000002736607e560 JavaThread "ForkJoinPool.commonPool-worker-1" daemon [_thread_blocked, id=8276, stack(0x000000d378800000,0x000000d378900000) (1024K)]
  0x000002736607cb20 JavaThread "ForkJoinPool.commonPool-worker-3" daemon [_thread_blocked, id=23720, stack(0x000000d378a00000,0x000000d378b00000) (1024K)]
  0x0000027366083420 JavaThread "ForkJoinPool.commonPool-worker-2" daemon [_thread_blocked, id=20160, stack(0x000000d378b00000,0x000000d378c00000) (1024K)]
Total: 64

Other Threads:
  0x0000027304de2740 VMThread "VM Thread"                           [id=8532, stack(0x000000d374100000,0x000000d374200000) (1024K)]
  0x0000027304daf120 WatcherThread "VM Periodic Task Thread"        [id=19864, stack(0x000000d374000000,0x000000d374100000) (1024K)]
  0x0000027304d60480 WorkerThread "GC Thread#0"                     [id=22760, stack(0x000000d373f00000,0x000000d374000000) (1024K)]
  0x000002735ec0e8b0 WorkerThread "GC Thread#1"                     [id=18628, stack(0x000000d374e00000,0x000000d374f00000) (1024K)]
  0x00000273631ff660 WorkerThread "GC Thread#2"                     [id=17772, stack(0x000000d374f00000,0x000000d375000000) (1024K)]
  0x00000273631ffa00 WorkerThread "GC Thread#3"                     [id=5064, stack(0x000000d375000000,0x000000d375100000) (1024K)]
  0x000002735e587310 WorkerThread "GC Thread#4"                     [id=19316, stack(0x000000d375100000,0x000000d375200000) (1024K)]
  0x000002735e5876b0 WorkerThread "GC Thread#5"                     [id=1884, stack(0x000000d375200000,0x000000d375300000) (1024K)]
  0x000002735e588260 WorkerThread "GC Thread#6"                     [id=19264, stack(0x000000d375300000,0x000000d375400000) (1024K)]
  0x000002735ea2f560 WorkerThread "GC Thread#7"                     [id=19732, stack(0x000000d375500000,0x000000d375600000) (1024K)]
Total: 10

Threads with active compile tasks:
C2 CompilerThread0  19925 14223       4       org.eclipse.jdt.internal.core.search.indexing.AbstractIndexer::addClassDeclaration (129 bytes)
C2 CompilerThread1  19925 14193   !   4       org.eclipse.jdt.internal.core.search.indexing.BinaryIndexer::indexDocument (1168 bytes)
C2 CompilerThread2  19925 14200   !   4       org.eclipse.jdt.internal.compiler.classfmt.ClassFileReader::<init> (2135 bytes)
Total: 3

VM state: not at safepoint (normal execution)

VM Mutex/Monitor currently owned by a thread: None

Heap address: 0x0000000080000000, size: 2048 MB, Compressed Oops mode: 32-bit

CDS archive(s) mapped at: [0x000002731c000000-0x000002731cba0000-0x000002731cba0000), size 12189696, SharedBaseAddress: 0x000002731c000000, ArchiveRelocationMode: 1.
Compressed class space mapped at: 0x000002731d000000-0x000002735d000000, reserved size: 1073741824
Narrow klass base: 0x000002731c000000, Narrow klass shift: 0, Narrow klass range: 0x100000000

GC Precious Log:
 CardTable entry size: 512
 CPUs: 8 total, 8 available
 Memory: 12010M
 Large Page Support: Disabled
 NUMA Support: Disabled
 Compressed Oops: Enabled (32-bit)
 Alignments: Space 512K, Generation 512K, Heap 2M
 Heap Min Capacity: 100M
 Heap Initial Capacity: 100M
 Heap Max Capacity: 2G
 Pre-touch: Disabled
 Parallel Workers: 8

Heap:
 PSYoungGen      total 23552K, used 6164K [0x00000000d5580000, 0x00000000d7180000, 0x0000000100000000)
  eden space 20480K, 15% used [0x00000000d5580000,0x00000000d5894178,0x00000000d6980000)
  from space 3072K, 98% used [0x00000000d6980000,0x00000000d6c71100,0x00000000d6c80000)
  to   space 4096K, 0% used [0x00000000d6d80000,0x00000000d6d80000,0x00000000d7180000)
 ParOldGen       total 437760K, used 437629K [0x0000000080000000, 0x000000009ab80000, 0x00000000d5580000)
  object space 437760K, 99% used [0x0000000080000000,0x000000009ab5f720,0x000000009ab80000)
 Metaspace       used 67863K, committed 69376K, reserved 1114112K
  class space    used 6839K, committed 7552K, reserved 1048576K

Card table byte_map: [0x00000273046e0000,0x0000027304af0000] _byte_map_base: 0x00000273042e0000

Marking Bits: (ParMarkBitMap*) 0x00007fff148e31f0
 Begin Bits: [0x00000273171e0000, 0x00000273191e0000)
 End Bits:   [0x00000273191e0000, 0x000002731b1e0000)

Polling page: 0x0000027302b90000

Metaspace:

Usage:
  Non-class:     59.59 MB used.
      Class:      6.68 MB used.
       Both:     66.27 MB used.

Virtual space:
  Non-class space:       64.00 MB reserved,      60.38 MB ( 94%) committed,  1 nodes.
      Class space:        1.00 GB reserved,       7.38 MB ( <1%) committed,  1 nodes.
             Both:        1.06 GB reserved,      67.75 MB (  6%) committed. 

Chunk freelists:
   Non-Class:  3.27 MB
       Class:  8.66 MB
        Both:  11.92 MB

MaxMetaspaceSize: unlimited
CompressedClassSpaceSize: 1.00 GB
Initial GC threshold: 21.00 MB
Current GC threshold: 97.31 MB
CDS: on
 - commit_granule_bytes: 65536.
 - commit_granule_words: 8192.
 - virtual_space_node_default_size: 8388608.
 - enlarge_chunks_in_place: 1.
 - use_allocation_guard: 0.


Internal statistics:

num_allocs_failed_limit: 9.
num_arena_births: 1340.
num_arena_deaths: 14.
num_vsnodes_births: 2.
num_vsnodes_deaths: 0.
num_space_committed: 1084.
num_space_uncommitted: 0.
num_chunks_returned_to_freelist: 23.
num_chunks_taken_from_freelist: 4668.
num_chunk_merges: 13.
num_chunk_splits: 2828.
num_chunks_enlarged: 1547.
num_inconsistent_stats: 0.

CodeHeap 'non-profiled nmethods': size=120000Kb used=10119Kb max_used=10119Kb free=109880Kb
 bounds [0x000002730fa00000, 0x00000273103f0000, 0x0000027316f30000]
CodeHeap 'profiled nmethods': size=120000Kb used=31063Kb max_used=31063Kb free=88936Kb
 bounds [0x0000027307f30000, 0x0000027309d90000, 0x000002730f460000]
CodeHeap 'non-nmethods': size=5760Kb used=1458Kb max_used=1583Kb free=4301Kb
 bounds [0x000002730f460000, 0x000002730f6d0000, 0x000002730fa00000]
 total_blobs=14184 nmethods=13418 adapters=670
 compilation: enabled
              stopped_count=0, restarted_count=0
 full_count=0

Compilation events (20 events):
Event: 19.562 Thread 0x0000027304ce0b00 nmethod 14202 0x0000027309d7af10 code [0x0000027309d7b0c0, 0x0000027309d7b3f8]
Event: 19.565 Thread 0x0000027304ce0b00 14203       3       org.eclipse.jdt.internal.compiler.classfmt.AnnotationInfo::scanAnnotation (330 bytes)
Event: 19.567 Thread 0x0000027304ce0b00 nmethod 14203 0x0000027309d7b590 code [0x0000027309d7b8a0, 0x0000027309d7c928]
Event: 19.571 Thread 0x0000027304ce2640 nmethod 14199 0x00000273103ca110 code [0x00000273103ca360, 0x00000273103cafb0]
Event: 19.571 Thread 0x0000027304ce2640 14200   !   4       org.eclipse.jdt.internal.compiler.classfmt.ClassFileReader::<init> (2135 bytes)
Event: 19.575 Thread 0x0000027304cd0c80 nmethod 14152% 0x00000273103cb610 code [0x00000273103cbdc0, 0x00000273103d4cd8]
Event: 19.584 Thread 0x0000027304cd0c80 14201       4       org.eclipse.jdt.internal.core.util.Util::indexOfJavaLikeExtension (116 bytes)
Event: 19.589 Thread 0x0000027304ce0b00 14206       3       org.eclipse.jdt.internal.compiler.classfmt.AnnotationMethodInfo::createAnnotationMethod (575 bytes)
Event: 19.591 Thread 0x0000027304ce0b00 nmethod 14206 0x0000027309d7cf10 code [0x0000027309d7d380, 0x0000027309d7f738]
Event: 19.592 Thread 0x0000027304cd0c80 nmethod 14201 0x00000273103d9110 code [0x00000273103d92e0, 0x00000273103d97b8]
Event: 19.592 Thread 0x0000027304cd0c80 14205 %     4       org.eclipse.jdt.internal.core.search.indexing.BinaryIndexer::extractReferenceFromConstantPool @ 15 (358 bytes)
Event: 19.594 Thread 0x0000027304ce0b00 14208   !   3       org.eclipse.jdt.internal.compiler.util.Util::getZipEntryByteContent (84 bytes)
Event: 19.595 Thread 0x0000027304ce0b00 nmethod 14208 0x0000027309d80610 code [0x0000027309d80860, 0x0000027309d81010]
Event: 19.647 Thread 0x0000027304ce0b00 14215       3       org.eclipse.jdt.internal.core.search.indexing.AbstractIndexer::addDefaultConstructorDeclaration (21 bytes)
Event: 19.647 Thread 0x0000027304ce0b00 nmethod 14215 0x0000027309d81490 code [0x0000027309d816c0, 0x0000027309d81d78]
Event: 19.664 Thread 0x0000027304ce0b00 14219       3       org.eclipse.jdt.internal.core.search.JavaSearchDocument::<init> (21 bytes)
Event: 19.667 Thread 0x0000027304ce0b00 nmethod 14219 0x0000027309d82090 code [0x0000027309d824a0, 0x0000027309d84680]
Event: 19.678 Thread 0x0000027304ce0b00 14220       1       org.eclipse.jdt.internal.compiler.classfmt.RecordComponentInfo::sizeInBytes (5 bytes)
Event: 19.678 Thread 0x0000027304ce0b00 nmethod 14220 0x00000273103d9c90 code [0x00000273103d9e20, 0x00000273103d9ee8]
Event: 19.897 Thread 0x0000027304cd0c80 nmethod 14205% 0x00000273103d9f90 code [0x00000273103da480, 0x00000273103df5a8]

GC Heap History (20 events):
Event: 18.401 GC heap before
{Heap before GC invocations=367 (full 3):
 PSYoungGen      total 25600K, used 25220K [0x00000000d5580000, 0x00000000d7580000, 0x0000000100000000)
  eden space 22016K, 100% used [0x00000000d5580000,0x00000000d6b00000,0x00000000d6b00000)
  from space 3584K, 89% used [0x00000000d6e80000,0x00000000d71a1210,0x00000000d7200000)
  to   space 3584K, 0% used [0x00000000d7200000,0x00000000d7200000,0x00000000d7580000)
 ParOldGen       total 413696K, used 413348K [0x0000000080000000, 0x0000000099400000, 0x00000000d5580000)
  object space 413696K, 99% used [0x0000000080000000,0x00000000993a9240,0x0000000099400000)
 Metaspace       used 67616K, committed 69184K, reserved 1114112K
  class space    used 6831K, committed 7552K, reserved 1048576K
}
Event: 18.409 GC heap after
{Heap after GC invocations=367 (full 3):
 PSYoungGen      total 24576K, used 2148K [0x00000000d5580000, 0x00000000d7480000, 0x0000000100000000)
  eden space 22016K, 0% used [0x00000000d5580000,0x00000000d5580000,0x00000000d6b00000)
  from space 2560K, 83% used [0x00000000d7200000,0x00000000d7419210,0x00000000d7480000)
  to   space 3072K, 0% used [0x00000000d6e80000,0x00000000d6e80000,0x00000000d7180000)
 ParOldGen       total 416768K, used 416407K [0x0000000080000000, 0x0000000099700000, 0x00000000d5580000)
  object space 416768K, 99% used [0x0000000080000000,0x00000000996a5c30,0x0000000099700000)
 Metaspace       used 67616K, committed 69184K, reserved 1114112K
  class space    used 6831K, committed 7552K, reserved 1048576K
}
Event: 18.584 GC heap before
{Heap before GC invocations=368 (full 3):
 PSYoungGen      total 24576K, used 24164K [0x00000000d5580000, 0x00000000d7480000, 0x0000000100000000)
  eden space 22016K, 100% used [0x00000000d5580000,0x00000000d6b00000,0x00000000d6b00000)
  from space 2560K, 83% used [0x00000000d7200000,0x00000000d7419210,0x00000000d7480000)
  to   space 3072K, 0% used [0x00000000d6e80000,0x00000000d6e80000,0x00000000d7180000)
 ParOldGen       total 416768K, used 416407K [0x0000000080000000, 0x0000000099700000, 0x00000000d5580000)
  object space 416768K, 99% used [0x0000000080000000,0x00000000996a5c30,0x0000000099700000)
 Metaspace       used 67710K, committed 69248K, reserved 1114112K
  class space    used 6832K, committed 7552K, reserved 1048576K
}
Event: 18.591 GC heap after
{Heap after GC invocations=368 (full 3):
 PSYoungGen      total 23552K, used 1428K [0x00000000d5580000, 0x00000000d7280000, 0x0000000100000000)
  eden space 22016K, 0% used [0x00000000d5580000,0x00000000d5580000,0x00000000d6b00000)
  from space 1536K, 93% used [0x00000000d6e80000,0x00000000d6fe5200,0x00000000d7000000)
  to   space 2048K, 0% used [0x00000000d7080000,0x00000000d7080000,0x00000000d7280000)
 ParOldGen       total 418816K, used 418471K [0x0000000080000000, 0x0000000099900000, 0x00000000d5580000)
  object space 418816K, 99% used [0x0000000080000000,0x00000000998a9e70,0x0000000099900000)
 Metaspace       used 67710K, committed 69248K, reserved 1114112K
  class space    used 6832K, committed 7552K, reserved 1048576K
}
Event: 18.791 GC heap before
{Heap before GC invocations=369 (full 3):
 PSYoungGen      total 23552K, used 23444K [0x00000000d5580000, 0x00000000d7280000, 0x0000000100000000)
  eden space 22016K, 100% used [0x00000000d5580000,0x00000000d6b00000,0x00000000d6b00000)
  from space 1536K, 93% used [0x00000000d6e80000,0x00000000d6fe5200,0x00000000d7000000)
  to   space 2048K, 0% used [0x00000000d7080000,0x00000000d7080000,0x00000000d7280000)
 ParOldGen       total 418816K, used 418471K [0x0000000080000000, 0x0000000099900000, 0x00000000d5580000)
  object space 418816K, 99% used [0x0000000080000000,0x00000000998a9e70,0x0000000099900000)
 Metaspace       used 67810K, committed 69312K, reserved 1114112K
  class space    used 6836K, committed 7552K, reserved 1048576K
}
Event: 18.795 GC heap after
{Heap after GC invocations=369 (full 3):
 PSYoungGen      total 24064K, used 1604K [0x00000000d5580000, 0x00000000d7280000, 0x0000000100000000)
  eden space 22016K, 0% used [0x00000000d5580000,0x00000000d5580000,0x00000000d6b00000)
  from space 2048K, 78% used [0x00000000d7080000,0x00000000d7211210,0x00000000d7280000)
  to   space 2048K, 0% used [0x00000000d6e80000,0x00000000d6e80000,0x00000000d7080000)
 ParOldGen       total 419840K, used 419702K [0x0000000080000000, 0x0000000099a00000, 0x00000000d5580000)
  object space 419840K, 99% used [0x0000000080000000,0x00000000999dd868,0x0000000099a00000)
 Metaspace       used 67810K, committed 69312K, reserved 1114112K
  class space    used 6836K, committed 7552K, reserved 1048576K
}
Event: 19.028 GC heap before
{Heap before GC invocations=370 (full 3):
 PSYoungGen      total 24064K, used 23620K [0x00000000d5580000, 0x00000000d7280000, 0x0000000100000000)
  eden space 22016K, 100% used [0x00000000d5580000,0x00000000d6b00000,0x00000000d6b00000)
  from space 2048K, 78% used [0x00000000d7080000,0x00000000d7211210,0x00000000d7280000)
  to   space 2048K, 0% used [0x00000000d6e80000,0x00000000d6e80000,0x00000000d7080000)
 ParOldGen       total 419840K, used 419702K [0x0000000080000000, 0x0000000099a00000, 0x00000000d5580000)
  object space 419840K, 99% used [0x0000000080000000,0x00000000999dd868,0x0000000099a00000)
 Metaspace       used 67859K, committed 69376K, reserved 1114112K
  class space    used 6839K, committed 7552K, reserved 1048576K
}
Event: 19.036 GC heap after
{Heap after GC invocations=370 (full 3):
 PSYoungGen      total 24064K, used 2022K [0x00000000d5580000, 0x00000000d7800000, 0x0000000100000000)
  eden space 22016K, 0% used [0x00000000d5580000,0x00000000d5580000,0x00000000d6b00000)
  from space 2048K, 98% used [0x00000000d6e80000,0x00000000d70799c0,0x00000000d7080000)
  to   space 6656K, 0% used [0x00000000d7180000,0x00000000d7180000,0x00000000d7800000)
 ParOldGen       total 423424K, used 423245K [0x0000000080000000, 0x0000000099d80000, 0x00000000d5580000)
  object space 423424K, 99% used [0x0000000080000000,0x0000000099d53688,0x0000000099d80000)
 Metaspace       used 67859K, committed 69376K, reserved 1114112K
  class space    used 6839K, committed 7552K, reserved 1048576K
}
Event: 19.153 GC heap before
{Heap before GC invocations=371 (full 3):
 PSYoungGen      total 24064K, used 24038K [0x00000000d5580000, 0x00000000d7800000, 0x0000000100000000)
  eden space 22016K, 100% used [0x00000000d5580000,0x00000000d6b00000,0x00000000d6b00000)
  from space 2048K, 98% used [0x00000000d6e80000,0x00000000d70799c0,0x00000000d7080000)
  to   space 6656K, 0% used [0x00000000d7180000,0x00000000d7180000,0x00000000d7800000)
 ParOldGen       total 423424K, used 423245K [0x0000000080000000, 0x0000000099d80000, 0x00000000d5580000)
  object space 423424K, 99% used [0x0000000080000000,0x0000000099d53688,0x0000000099d80000)
 Metaspace       used 67860K, committed 69376K, reserved 1114112K
  class space    used 6839K, committed 7552K, reserved 1048576K
}
Event: 19.159 GC heap after
{Heap after GC invocations=371 (full 3):
 PSYoungGen      total 25088K, used 2892K [0x00000000d5580000, 0x00000000d7480000, 0x0000000100000000)
  eden space 22016K, 0% used [0x00000000d5580000,0x00000000d5580000,0x00000000d6b00000)
  from space 3072K, 94% used [0x00000000d7180000,0x00000000d7453008,0x00000000d7480000)
  to   space 4096K, 0% used [0x00000000d6c80000,0x00000000d6c80000,0x00000000d7080000)
 ParOldGen       total 425472K, used 425204K [0x0000000080000000, 0x0000000099f80000, 0x00000000d5580000)
  object space 425472K, 99% used [0x0000000080000000,0x0000000099f3d3a0,0x0000000099f80000)
 Metaspace       used 67860K, committed 69376K, reserved 1114112K
  class space    used 6839K, committed 7552K, reserved 1048576K
}
Event: 19.276 GC heap before
{Heap before GC invocations=372 (full 3):
 PSYoungGen      total 25088K, used 24908K [0x00000000d5580000, 0x00000000d7480000, 0x0000000100000000)
  eden space 22016K, 100% used [0x00000000d5580000,0x00000000d6b00000,0x00000000d6b00000)
  from space 3072K, 94% used [0x00000000d7180000,0x00000000d7453008,0x00000000d7480000)
  to   space 4096K, 0% used [0x00000000d6c80000,0x00000000d6c80000,0x00000000d7080000)
 ParOldGen       total 425472K, used 425204K [0x0000000080000000, 0x0000000099f80000, 0x00000000d5580000)
  object space 425472K, 99% used [0x0000000080000000,0x0000000099f3d3a0,0x0000000099f80000)
 Metaspace       used 67860K, committed 69376K, reserved 1114112K
  class space    used 6839K, committed 7552K, reserved 1048576K
}
Event: 19.282 GC heap after
{Heap after GC invocations=372 (full 3):
 PSYoungGen      total 25088K, used 2936K [0x00000000d5580000, 0x00000000d7200000, 0x0000000100000000)
  eden space 22016K, 0% used [0x00000000d5580000,0x00000000d5580000,0x00000000d6b00000)
  from space 3072K, 95% used [0x00000000d6c80000,0x00000000d6f5e008,0x00000000d6f80000)
  to   space 2560K, 0% used [0x00000000d6f80000,0x00000000d6f80000,0x00000000d7200000)
 ParOldGen       total 428032K, used 427636K [0x0000000080000000, 0x000000009a200000, 0x00000000d5580000)
  object space 428032K, 99% used [0x0000000080000000,0x000000009a19d3a0,0x000000009a200000)
 Metaspace       used 67860K, committed 69376K, reserved 1114112K
  class space    used 6839K, committed 7552K, reserved 1048576K
}
Event: 19.469 GC heap before
{Heap before GC invocations=373 (full 3):
 PSYoungGen      total 25088K, used 24952K [0x00000000d5580000, 0x00000000d7200000, 0x0000000100000000)
  eden space 22016K, 100% used [0x00000000d5580000,0x00000000d6b00000,0x00000000d6b00000)
  from space 3072K, 95% used [0x00000000d6c80000,0x00000000d6f5e008,0x00000000d6f80000)
  to   space 2560K, 0% used [0x00000000d6f80000,0x00000000d6f80000,0x00000000d7200000)
 ParOldGen       total 428032K, used 427636K [0x0000000080000000, 0x000000009a200000, 0x00000000d5580000)
  object space 428032K, 99% used [0x0000000080000000,0x000000009a19d3a0,0x000000009a200000)
 Metaspace       used 67862K, committed 69376K, reserved 1114112K
  class space    used 6839K, committed 7552K, reserved 1048576K
}
Event: 19.473 GC heap after
{Heap after GC invocations=373 (full 3):
 PSYoungGen      total 24576K, used 2478K [0x00000000d5580000, 0x00000000d7200000, 0x0000000100000000)
  eden space 22016K, 0% used [0x00000000d5580000,0x00000000d5580000,0x00000000d6b00000)
  from space 2560K, 96% used [0x00000000d6f80000,0x00000000d71eb9f8,0x00000000d7200000)
  to   space 3072K, 0% used [0x00000000d6c00000,0x00000000d6c00000,0x00000000d6f00000)
 ParOldGen       total 430592K, used 430324K [0x0000000080000000, 0x000000009a480000, 0x00000000d5580000)
  object space 430592K, 99% used [0x0000000080000000,0x000000009a43d3a8,0x000000009a480000)
 Metaspace       used 67862K, committed 69376K, reserved 1114112K
  class space    used 6839K, committed 7552K, reserved 1048576K
}
Event: 19.578 GC heap before
{Heap before GC invocations=374 (full 3):
 PSYoungGen      total 24576K, used 24494K [0x00000000d5580000, 0x00000000d7200000, 0x0000000100000000)
  eden space 22016K, 100% used [0x00000000d5580000,0x00000000d6b00000,0x00000000d6b00000)
  from space 2560K, 96% used [0x00000000d6f80000,0x00000000d71eb9f8,0x00000000d7200000)
  to   space 3072K, 0% used [0x00000000d6c00000,0x00000000d6c00000,0x00000000d6f00000)
 ParOldGen       total 430592K, used 430324K [0x0000000080000000, 0x000000009a480000, 0x00000000d5580000)
  object space 430592K, 99% used [0x0000000080000000,0x000000009a43d3a8,0x000000009a480000)
 Metaspace       used 67863K, committed 69376K, reserved 1114112K
  class space    used 6839K, committed 7552K, reserved 1048576K
}
Event: 19.584 GC heap after
{Heap after GC invocations=374 (full 3):
 PSYoungGen      total 25088K, used 2828K [0x00000000d5580000, 0x00000000d7100000, 0x0000000100000000)
  eden space 22016K, 0% used [0x00000000d5580000,0x00000000d5580000,0x00000000d6b00000)
  from space 3072K, 92% used [0x00000000d6c00000,0x00000000d6ec3008,0x00000000d6f00000)
  to   space 2048K, 0% used [0x00000000d6f00000,0x00000000d6f00000,0x00000000d7100000)
 ParOldGen       total 432640K, used 432528K [0x0000000080000000, 0x000000009a680000, 0x00000000d5580000)
  object space 432640K, 99% used [0x0000000080000000,0x000000009a664108,0x000000009a680000)
 Metaspace       used 67863K, committed 69376K, reserved 1114112K
  class space    used 6839K, committed 7552K, reserved 1048576K
}
Event: 19.718 GC heap before
{Heap before GC invocations=375 (full 3):
 PSYoungGen      total 25088K, used 24844K [0x00000000d5580000, 0x00000000d7100000, 0x0000000100000000)
  eden space 22016K, 100% used [0x00000000d5580000,0x00000000d6b00000,0x00000000d6b00000)
  from space 3072K, 92% used [0x00000000d6c00000,0x00000000d6ec3008,0x00000000d6f00000)
  to   space 2048K, 0% used [0x00000000d6f00000,0x00000000d6f00000,0x00000000d7100000)
 ParOldGen       total 432640K, used 432528K [0x0000000080000000, 0x000000009a680000, 0x00000000d5580000)
  object space 432640K, 99% used [0x0000000080000000,0x000000009a664108,0x000000009a680000)
 Metaspace       used 67863K, committed 69376K, reserved 1114112K
  class space    used 6839K, committed 7552K, reserved 1048576K
}
Event: 19.723 GC heap after
{Heap after GC invocations=375 (full 3):
 PSYoungGen      total 22528K, used 2040K [0x00000000d5580000, 0x00000000d7600000, 0x0000000100000000)
  eden space 20480K, 0% used [0x00000000d5580000,0x00000000d5580000,0x00000000d6980000)
  from space 2048K, 99% used [0x00000000d6f00000,0x00000000d70fe008,0x00000000d7100000)
  to   space 5632K, 0% used [0x00000000d6980000,0x00000000d6980000,0x00000000d6f00000)
 ParOldGen       total 435712K, used 435637K [0x0000000080000000, 0x000000009a980000, 0x00000000d5580000)
  object space 435712K, 99% used [0x0000000080000000,0x000000009a96d718,0x000000009a980000)
 Metaspace       used 67863K, committed 69376K, reserved 1114112K
  class space    used 6839K, committed 7552K, reserved 1048576K
}
Event: 19.826 GC heap before
{Heap before GC invocations=376 (full 3):
 PSYoungGen      total 22528K, used 22520K [0x00000000d5580000, 0x00000000d7600000, 0x0000000100000000)
  eden space 20480K, 100% used [0x00000000d5580000,0x00000000d6980000,0x00000000d6980000)
  from space 2048K, 99% used [0x00000000d6f00000,0x00000000d70fe008,0x00000000d7100000)
  to   space 5632K, 0% used [0x00000000d6980000,0x00000000d6980000,0x00000000d6f00000)
 ParOldGen       total 435712K, used 435637K [0x0000000080000000, 0x000000009a980000, 0x00000000d5580000)
  object space 435712K, 99% used [0x0000000080000000,0x000000009a96d718,0x000000009a980000)
 Metaspace       used 67863K, committed 69376K, reserved 1114112K
  class space    used 6839K, committed 7552K, reserved 1048576K
}
Event: 19.831 GC heap after
{Heap after GC invocations=376 (full 3):
 PSYoungGen      total 23552K, used 3012K [0x00000000d5580000, 0x00000000d7180000, 0x0000000100000000)
  eden space 20480K, 0% used [0x00000000d5580000,0x00000000d5580000,0x00000000d6980000)
  from space 3072K, 98% used [0x00000000d6980000,0x00000000d6c71100,0x00000000d6c80000)
  to   space 4096K, 0% used [0x00000000d6d80000,0x00000000d6d80000,0x00000000d7180000)
 ParOldGen       total 437760K, used 437629K [0x0000000080000000, 0x000000009ab80000, 0x00000000d5580000)
  object space 437760K, 99% used [0x0000000080000000,0x000000009ab5f720,0x000000009ab80000)
 Metaspace       used 67863K, committed 69376K, reserved 1114112K
  class space    used 6839K, committed 7552K, reserved 1048576K
}

Dll operation events (10 events):
Event: 0.010 Loaded shared library c:\Users\Admin\.vscode\extensions\redhat.java-1.43.1-win32-x64\jre\21.0.7-win32-x86_64\bin\java.dll
Event: 0.077 Loaded shared library c:\Users\Admin\.vscode\extensions\redhat.java-1.43.1-win32-x64\jre\21.0.7-win32-x86_64\bin\zip.dll
Event: 0.099 Loaded shared library C:\Users\Admin\.vscode\extensions\redhat.java-1.43.1-win32-x64\jre\21.0.7-win32-x86_64\bin\instrument.dll
Event: 0.105 Loaded shared library C:\Users\Admin\.vscode\extensions\redhat.java-1.43.1-win32-x64\jre\21.0.7-win32-x86_64\bin\net.dll
Event: 0.107 Loaded shared library C:\Users\Admin\.vscode\extensions\redhat.java-1.43.1-win32-x64\jre\21.0.7-win32-x86_64\bin\nio.dll
Event: 0.111 Loaded shared library C:\Users\Admin\.vscode\extensions\redhat.java-1.43.1-win32-x64\jre\21.0.7-win32-x86_64\bin\zip.dll
Event: 0.128 Loaded shared library C:\Users\Admin\.vscode\extensions\redhat.java-1.43.1-win32-x64\jre\21.0.7-win32-x86_64\bin\jimage.dll
Event: 0.193 Loaded shared library c:\Users\Admin\.vscode\extensions\redhat.java-1.43.1-win32-x64\jre\21.0.7-win32-x86_64\bin\verify.dll
Event: 1.404 Loaded shared library C:\Users\Admin\AppData\Roaming\Code\User\globalStorage\redhat.java\1.43.1\config_win\org.eclipse.equinox.launcher\org.eclipse.equinox.launcher.win32.win32.x86_64_1.2.1300.v20250331-1702\eclipse_11911.dll
Event: 2.833 Loaded shared library C:\Users\Admin\AppData\Local\Temp\jna-63116079\jna8278239601312663042.dll

Deoptimization events (20 events):
Event: 19.586 Thread 0x0000027363173380 DEOPT PACKING pc=0x0000027309d6f22a sp=0x000000d3760fed90
Event: 19.586 Thread 0x0000027363173380 DEOPT UNPACKING pc=0x000002730f4b78e2 sp=0x000000d3760fe318 mode 0
Event: 19.610 Thread 0x0000027363173380 DEOPT PACKING pc=0x0000027309d6f22a sp=0x000000d3760fed90
Event: 19.610 Thread 0x0000027363173380 DEOPT UNPACKING pc=0x000002730f4b78e2 sp=0x000000d3760fe318 mode 0
Event: 19.635 Thread 0x0000027363173380 DEOPT PACKING pc=0x0000027309d6f22a sp=0x000000d3760fed90
Event: 19.635 Thread 0x0000027363173380 DEOPT UNPACKING pc=0x000002730f4b78e2 sp=0x000000d3760fe318 mode 0
Event: 19.660 Thread 0x0000027363173380 DEOPT PACKING pc=0x0000027309d6f22a sp=0x000000d3760fed90
Event: 19.660 Thread 0x0000027363173380 DEOPT UNPACKING pc=0x000002730f4b78e2 sp=0x000000d3760fe318 mode 0
Event: 19.711 Thread 0x0000027363173380 DEOPT PACKING pc=0x0000027309d6f22a sp=0x000000d3760fed90
Event: 19.711 Thread 0x0000027363173380 DEOPT UNPACKING pc=0x000002730f4b78e2 sp=0x000000d3760fe318 mode 0
Event: 19.738 Thread 0x0000027363173380 DEOPT PACKING pc=0x0000027309d6f22a sp=0x000000d3760fed90
Event: 19.738 Thread 0x0000027363173380 DEOPT UNPACKING pc=0x000002730f4b78e2 sp=0x000000d3760fe318 mode 0
Event: 19.773 Thread 0x0000027363173380 DEOPT PACKING pc=0x0000027309d6f22a sp=0x000000d3760fed90
Event: 19.773 Thread 0x0000027363173380 DEOPT UNPACKING pc=0x000002730f4b78e2 sp=0x000000d3760fe318 mode 0
Event: 19.793 Thread 0x0000027363173380 DEOPT PACKING pc=0x0000027309d6f22a sp=0x000000d3760fed90
Event: 19.793 Thread 0x0000027363173380 DEOPT UNPACKING pc=0x000002730f4b78e2 sp=0x000000d3760fe318 mode 0
Event: 19.810 Thread 0x0000027363173380 DEOPT PACKING pc=0x0000027309d6f22a sp=0x000000d3760fed90
Event: 19.810 Thread 0x0000027363173380 DEOPT UNPACKING pc=0x000002730f4b78e2 sp=0x000000d3760fe318 mode 0
Event: 19.813 Thread 0x0000027363173380 DEOPT PACKING pc=0x0000027309871cac sp=0x000000d3760feda0
Event: 19.813 Thread 0x0000027363173380 DEOPT UNPACKING pc=0x000002730f4b78e2 sp=0x000000d3760fe238 mode 0

Classes loaded (20 events):
Event: 13.455 Loading class java/nio/charset/CharacterCodingException
Event: 13.455 Loading class java/nio/charset/CharacterCodingException done
Event: 13.455 Loading class java/io/SequenceInputStream
Event: 13.456 Loading class java/io/SequenceInputStream done
Event: 14.086 Loading class java/util/concurrent/CompletableFuture$UniApply
Event: 14.086 Loading class java/util/concurrent/CompletableFuture$UniCompletion
Event: 14.086 Loading class java/util/concurrent/CompletableFuture$UniCompletion done
Event: 14.086 Loading class java/util/concurrent/CompletableFuture$UniApply done
Event: 14.087 Loading class java/util/concurrent/CompletableFuture$UniAccept
Event: 14.087 Loading class java/util/concurrent/CompletableFuture$UniAccept done
Event: 14.087 Loading class java/util/concurrent/CompletableFuture$UniExceptionally
Event: 14.087 Loading class java/util/concurrent/CompletableFuture$UniExceptionally done
Event: 14.104 Loading class java/util/Hashtable$KeySet
Event: 14.104 Loading class java/util/Hashtable$KeySet done
Event: 14.314 Loading class java/lang/invoke/MethodHandleImpl$CountingWrapper$1
Event: 14.315 Loading class java/lang/invoke/MethodHandleImpl$CountingWrapper$1 done
Event: 14.536 Loading class java/lang/UnsupportedClassVersionError
Event: 14.536 Loading class java/lang/UnsupportedClassVersionError done
Event: 18.926 Loading class sun/nio/fs/WindowsFileCopy
Event: 18.926 Loading class sun/nio/fs/WindowsFileCopy done

Classes unloaded (7 events):
Event: 3.365 Thread 0x0000027304de2740 Unloading class 0x000002731d1a4800 'java/lang/invoke/LambdaForm$MH+0x000002731d1a4800'
Event: 3.365 Thread 0x0000027304de2740 Unloading class 0x000002731d1a4400 'java/lang/invoke/LambdaForm$MH+0x000002731d1a4400'
Event: 3.365 Thread 0x0000027304de2740 Unloading class 0x000002731d1a4000 'java/lang/invoke/LambdaForm$MH+0x000002731d1a4000'
Event: 3.365 Thread 0x0000027304de2740 Unloading class 0x000002731d1a3c00 'java/lang/invoke/LambdaForm$MH+0x000002731d1a3c00'
Event: 3.365 Thread 0x0000027304de2740 Unloading class 0x000002731d1a3800 'java/lang/invoke/LambdaForm$BMH+0x000002731d1a3800'
Event: 3.365 Thread 0x0000027304de2740 Unloading class 0x000002731d1a3400 'java/lang/invoke/LambdaForm$DMH+0x000002731d1a3400'
Event: 3.365 Thread 0x0000027304de2740 Unloading class 0x000002731d1a2000 'java/lang/invoke/LambdaForm$DMH+0x000002731d1a2000'

Classes redefined (0 events):
No events

Internal exceptions (20 events):
Event: 16.430 Thread 0x00000273650f2e20 Exception <a 'sun/nio/fs/WindowsException'{0x00000000d6c4ad48}> (0x00000000d6c4ad48) 
thrown [s\src\hotspot\share\prims\jni.cpp, line 520]
Event: 16.431 Thread 0x00000273650f2e20 Exception <a 'sun/nio/fs/WindowsException'{0x00000000d6c4c270}> (0x00000000d6c4c270) 
thrown [s\src\hotspot\share\prims\jni.cpp, line 520]
Event: 16.431 Thread 0x00000273650f2e20 Exception <a 'sun/nio/fs/WindowsException'{0x00000000d6c4c8a0}> (0x00000000d6c4c8a0) 
thrown [s\src\hotspot\share\prims\jni.cpp, line 520]
Event: 16.435 Thread 0x00000273650f2e20 Exception <a 'sun/nio/fs/WindowsException'{0x00000000d6ec02a8}> (0x00000000d6ec02a8) 
thrown [s\src\hotspot\share\prims\jni.cpp, line 520]
Event: 16.435 Thread 0x00000273650f2e20 Exception <a 'sun/nio/fs/WindowsException'{0x00000000d6ec0b88}> (0x00000000d6ec0b88) 
thrown [s\src\hotspot\share\prims\jni.cpp, line 520]
Event: 16.806 Thread 0x00000273650f2e20 Exception <a 'sun/nio/fs/WindowsException'{0x00000000d5c9cb68}> (0x00000000d5c9cb68) 
thrown [s\src\hotspot\share\prims\jni.cpp, line 520]
Event: 16.806 Thread 0x00000273650f2e20 Exception <a 'sun/nio/fs/WindowsException'{0x00000000d5c9d198}> (0x00000000d5c9d198) 
thrown [s\src\hotspot\share\prims\jni.cpp, line 520]
Event: 16.807 Thread 0x00000273650f2e20 Exception <a 'sun/nio/fs/WindowsException'{0x00000000d5c9dc30}> (0x00000000d5c9dc30) 
thrown [s\src\hotspot\share\prims\jni.cpp, line 520]
Event: 16.807 Thread 0x00000273650f2e20 Exception <a 'sun/nio/fs/WindowsException'{0x00000000d5c9e260}> (0x00000000d5c9e260) 
thrown [s\src\hotspot\share\prims\jni.cpp, line 520]
Event: 16.809 Thread 0x00000273650f2e20 Exception <a 'sun/nio/fs/WindowsException'{0x00000000d5c9f788}> (0x00000000d5c9f788) 
thrown [s\src\hotspot\share\prims\jni.cpp, line 520]
Event: 16.809 Thread 0x00000273650f2e20 Exception <a 'sun/nio/fs/WindowsException'{0x00000000d5c9fdb8}> (0x00000000d5c9fdb8) 
thrown [s\src\hotspot\share\prims\jni.cpp, line 520]
Event: 16.813 Thread 0x00000273650f2e20 Exception <a 'sun/nio/fs/WindowsException'{0x00000000d5dc81f0}> (0x00000000d5dc81f0) 
thrown [s\src\hotspot\share\prims\jni.cpp, line 520]
Event: 16.813 Thread 0x00000273650f2e20 Exception <a 'sun/nio/fs/WindowsException'{0x00000000d5dc8ad0}> (0x00000000d5dc8ad0) 
thrown [s\src\hotspot\share\prims\jni.cpp, line 520]
Event: 16.921 Thread 0x000002736607e560 Implicit null exception at 0x000002731027f7d7 to 0x0000027310281388
Event: 16.921 Thread 0x000002736607e560 Implicit null exception at 0x000002731027b8ff to 0x000002731027d2a4
Event: 16.952 Thread 0x000002736607e560 Implicit null exception at 0x000002730fbfc6da to 0x000002730fbfc733
Event: 18.927 Thread 0x0000027363173380 Exception <a 'sun/nio/fs/WindowsException'{0x00000000d603e7b8}> (0x00000000d603e7b8) 
thrown [s\src\hotspot\share\prims\jni.cpp, line 520]
Event: 18.948 Thread 0x0000027363173380 Exception <a 'sun/nio/fs/WindowsException'{0x00000000d6067830}> (0x00000000d6067830) 
thrown [s\src\hotspot\share\prims\jni.cpp, line 520]
Event: 18.958 Thread 0x0000027363173380 Exception <a 'sun/nio/fs/WindowsException'{0x00000000d6085568}> (0x00000000d6085568) 
thrown [s\src\hotspot\share\prims\jni.cpp, line 520]
Event: 19.405 Thread 0x0000027363173380 Exception <a 'sun/nio/fs/WindowsException'{0x00000000d5f95c30}> (0x00000000d5f95c30) 
thrown [s\src\hotspot\share\prims\jni.cpp, line 520]

ZGC Phase Switch (0 events):
No events

VM Operations (20 events):
Event: 18.791 Executing VM operation: ParallelGCFailedAllocation (Allocation Failure)
Event: 18.795 Executing VM operation: ParallelGCFailedAllocation (Allocation Failure) done
Event: 18.939 Executing VM operation: HandshakeAllThreads (Deoptimize)
Event: 18.939 Executing VM operation: HandshakeAllThreads (Deoptimize) done
Event: 18.943 Executing VM operation: HandshakeAllThreads (Deoptimize)
Event: 18.943 Executing VM operation: HandshakeAllThreads (Deoptimize) done
Event: 19.028 Executing VM operation: ParallelGCFailedAllocation (Allocation Failure)
Event: 19.036 Executing VM operation: ParallelGCFailedAllocation (Allocation Failure) done
Event: 19.153 Executing VM operation: ParallelGCFailedAllocation (Allocation Failure)
Event: 19.159 Executing VM operation: ParallelGCFailedAllocation (Allocation Failure) done
Event: 19.276 Executing VM operation: ParallelGCFailedAllocation (Allocation Failure)
Event: 19.282 Executing VM operation: ParallelGCFailedAllocation (Allocation Failure) done
Event: 19.469 Executing VM operation: ParallelGCFailedAllocation (Allocation Failure)
Event: 19.473 Executing VM operation: ParallelGCFailedAllocation (Allocation Failure) done
Event: 19.578 Executing VM operation: ParallelGCFailedAllocation (Allocation Failure)
Event: 19.584 Executing VM operation: ParallelGCFailedAllocation (Allocation Failure) done
Event: 19.718 Executing VM operation: ParallelGCFailedAllocation (Allocation Failure)
Event: 19.723 Executing VM operation: ParallelGCFailedAllocation (Allocation Failure) done
Event: 19.826 Executing VM operation: ParallelGCFailedAllocation (Allocation Failure)
Event: 19.831 Executing VM operation: ParallelGCFailedAllocation (Allocation Failure) done

Memory protections (0 events):
No events

Nmethod flushes (20 events):
Event: 10.284 Thread 0x0000027304de2740 flushing  nmethod 0x00000273087ce310
Event: 10.284 Thread 0x0000027304de2740 flushing  nmethod 0x00000273087d1d90
Event: 10.284 Thread 0x0000027304de2740 flushing  nmethod 0x00000273087ddd10
Event: 10.284 Thread 0x0000027304de2740 flushing  nmethod 0x00000273087e2290
Event: 10.284 Thread 0x0000027304de2740 flushing  nmethod 0x00000273087e7d90
Event: 10.284 Thread 0x0000027304de2740 flushing  nmethod 0x00000273087e9890
Event: 10.284 Thread 0x0000027304de2740 flushing  nmethod 0x00000273087eac90
Event: 10.284 Thread 0x0000027304de2740 flushing  nmethod 0x00000273087eb290
Event: 10.284 Thread 0x0000027304de2740 flushing  nmethod 0x00000273087ebd10
Event: 10.284 Thread 0x0000027304de2740 flushing  nmethod 0x00000273087ec090
Event: 10.284 Thread 0x0000027304de2740 flushing  nmethod 0x00000273087f2090
Event: 10.284 Thread 0x0000027304de2740 flushing  nmethod 0x00000273087f7310
Event: 10.284 Thread 0x0000027304de2740 flushing  nmethod 0x0000027308803710
Event: 10.284 Thread 0x0000027304de2740 flushing  nmethod 0x000002730880c490
Event: 10.284 Thread 0x0000027304de2740 flushing  nmethod 0x0000027308816d90
Event: 10.284 Thread 0x0000027304de2740 flushing  nmethod 0x000002730881d390
Event: 10.284 Thread 0x0000027304de2740 flushing  nmethod 0x0000027308850d10
Event: 10.284 Thread 0x0000027304de2740 flushing  nmethod 0x000002730887a190
Event: 10.284 Thread 0x0000027304de2740 flushing  nmethod 0x000002730887bc90
Event: 10.284 Thread 0x0000027304de2740 flushing  nmethod 0x000002730889f590

Events (20 events):
Event: 12.011 Thread 0x000002736607e560 Thread exited: 0x000002736607e560
Event: 12.011 Thread 0x0000027366082700 Thread exited: 0x0000027366082700
Event: 12.011 Thread 0x000002736607c490 Thread exited: 0x000002736607c490
Event: 12.011 Thread 0x0000027366082d90 Thread exited: 0x0000027366082d90
Event: 12.011 Thread 0x000002736607cb20 Thread exited: 0x000002736607cb20
Event: 12.518 Thread 0x00000273650f5580 Thread added: 0x000002736607e560
Event: 12.518 Thread 0x00000273650f5580 Thread added: 0x000002736607c490
Event: 12.518 Thread 0x00000273650f5580 Thread added: 0x000002736607f910
Event: 12.518 Thread 0x00000273650f5580 Thread added: 0x000002736607ffa0
Event: 12.518 Thread 0x00000273650f5580 Thread added: 0x000002736607cb20
Event: 12.572 Thread 0x000002736607ffa0 Thread exited: 0x000002736607ffa0
Event: 12.572 Thread 0x000002736607c490 Thread exited: 0x000002736607c490
Event: 12.572 Thread 0x000002736607f910 Thread exited: 0x000002736607f910
Event: 12.575 Thread 0x000002736607e560 Thread exited: 0x000002736607e560
Event: 12.576 Thread 0x000002736607cb20 Thread exited: 0x000002736607cb20
Event: 14.087 Thread 0x00000273650f8370 Thread added: 0x000002736607e560
Event: 14.157 Thread 0x00000273650f2e20 Thread added: 0x000002736607f910
Event: 16.589 Thread 0x0000027363172cf0 Thread added: 0x000002736607cb20
Event: 16.589 Thread 0x000002736607e560 Thread added: 0x0000027366083420
Event: 19.160 Thread 0x000002736607f910 Thread exited: 0x000002736607f910


Dynamic libraries:
0x00007ff683310000 - 0x00007ff68331e000 	c:\Users\Admin\.vscode\extensions\redhat.java-1.43.1-win32-x64\jre\21.0.7-win32-x86_64\bin\java.exe
0x00007fff86820000 - 0x00007fff86a88000 	C:\WINDOWS\SYSTEM32\ntdll.dll
0x00007fff86660000 - 0x00007fff86729000 	C:\WINDOWS\System32\KERNEL32.DLL
0x00007fff83dc0000 - 0x00007fff841ad000 	C:\WINDOWS\System32\KERNELBASE.dll
0x00007fff84330000 - 0x00007fff8447b000 	C:\WINDOWS\System32\ucrtbase.dll
0x00007fff70900000 - 0x00007fff7091e000 	c:\Users\Admin\.vscode\extensions\redhat.java-1.43.1-win32-x64\jre\21.0.7-win32-x86_64\bin\VCRUNTIME140.dll
0x00007fff6cdf0000 - 0x00007fff6ce08000 	c:\Users\Admin\.vscode\extensions\redhat.java-1.43.1-win32-x64\jre\21.0.7-win32-x86_64\bin\jli.dll
0x00007fff860a0000 - 0x00007fff8626c000 	C:\WINDOWS\System32\USER32.dll
0x00007fff6b360000 - 0x00007fff6b5fa000 	C:\WINDOWS\WinSxS\amd64_microsoft.windows.common-controls_6595b64144ccf1df_6.0.26100.4484_none_3e0e6d4ce32ef3b3\COMCTL32.dll
0x00007fff83c10000 - 0x00007fff83c37000 	C:\WINDOWS\System32\win32u.dll
0x00007fff845c0000 - 0x00007fff84669000 	C:\WINDOWS\System32\msvcrt.dll
0x00007fff85100000 - 0x00007fff8512b000 	C:\WINDOWS\System32\GDI32.dll
0x00007fff84480000 - 0x00007fff845b7000 	C:\WINDOWS\System32\gdi32full.dll
0x00007fff83a10000 - 0x00007fff83ab3000 	C:\WINDOWS\System32\msvcp_win.dll
0x00007fff85d00000 - 0x00007fff85d2f000 	C:\WINDOWS\System32\IMM32.DLL
0x00007fff7e0b0000 - 0x00007fff7e0bc000 	c:\Users\Admin\.vscode\extensions\redhat.java-1.43.1-win32-x64\jre\21.0.7-win32-x86_64\bin\vcruntime140_1.dll
0x00007fff3a400000 - 0x00007fff3a48d000 	c:\Users\Admin\.vscode\extensions\redhat.java-1.43.1-win32-x64\jre\21.0.7-win32-x86_64\bin\msvcp140.dll
0x00007fff13c30000 - 0x00007fff149c0000 	c:\Users\Admin\.vscode\extensions\redhat.java-1.43.1-win32-x64\jre\21.0.7-win32-x86_64\bin\server\jvm.dll
0x00007fff85d40000 - 0x00007fff85df4000 	C:\WINDOWS\System32\ADVAPI32.dll
0x00007fff85320000 - 0x00007fff853c6000 	C:\WINDOWS\System32\sechost.dll
0x00007fff85e00000 - 0x00007fff85f18000 	C:\WINDOWS\System32\RPCRT4.dll
0x00007fff852a0000 - 0x00007fff85314000 	C:\WINDOWS\System32\WS2_32.dll
0x00007fff837c0000 - 0x00007fff8381e000 	C:\WINDOWS\SYSTEM32\POWRPROF.dll
0x00007fff7ad20000 - 0x00007fff7ad55000 	C:\WINDOWS\SYSTEM32\WINMM.dll
0x00007fff71780000 - 0x00007fff7178b000 	C:\WINDOWS\SYSTEM32\VERSION.dll
0x00007fff837a0000 - 0x00007fff837b4000 	C:\WINDOWS\SYSTEM32\UMPDC.dll
0x00007fff826d0000 - 0x00007fff826eb000 	C:\WINDOWS\SYSTEM32\kernel.appcore.dll
0x00007fff7d300000 - 0x00007fff7d30a000 	c:\Users\Admin\.vscode\extensions\redhat.java-1.43.1-win32-x64\jre\21.0.7-win32-x86_64\bin\jimage.dll
0x00007fff81000000 - 0x00007fff81241000 	C:\WINDOWS\SYSTEM32\DBGHELP.DLL
0x00007fff862d0000 - 0x00007fff86656000 	C:\WINDOWS\System32\combase.dll
0x00007fff85580000 - 0x00007fff85660000 	C:\WINDOWS\System32\OLEAUT32.dll
0x00007fff680d0000 - 0x00007fff68113000 	C:\WINDOWS\SYSTEM32\dbgcore.DLL
0x00007fff83970000 - 0x00007fff83a09000 	C:\WINDOWS\System32\bcryptPrimitives.dll
0x00007fff7a840000 - 0x00007fff7a84f000 	c:\Users\Admin\.vscode\extensions\redhat.java-1.43.1-win32-x64\jre\21.0.7-win32-x86_64\bin\instrument.dll
0x00007fff6cdd0000 - 0x00007fff6cdef000 	c:\Users\Admin\.vscode\extensions\redhat.java-1.43.1-win32-x64\jre\21.0.7-win32-x86_64\bin\java.dll
0x00007fff84680000 - 0x00007fff84dca000 	C:\WINDOWS\System32\SHELL32.dll
0x00007fff841b0000 - 0x00007fff84324000 	C:\WINDOWS\System32\wintypes.dll
0x00007fff81570000 - 0x00007fff81dcb000 	C:\WINDOWS\SYSTEM32\windows.storage.dll
0x00007fff84f70000 - 0x00007fff85065000 	C:\WINDOWS\System32\SHCORE.dll
0x00007fff85f20000 - 0x00007fff85f8a000 	C:\WINDOWS\System32\shlwapi.dll
0x00007fff83880000 - 0x00007fff838af000 	C:\WINDOWS\SYSTEM32\profapi.dll
0x00007fff7e280000 - 0x00007fff7e298000 	c:\Users\Admin\.vscode\extensions\redhat.java-1.43.1-win32-x64\jre\21.0.7-win32-x86_64\bin\zip.dll
0x00007fff80490000 - 0x00007fff804a0000 	C:\Users\Admin\.vscode\extensions\redhat.java-1.43.1-win32-x64\jre\21.0.7-win32-x86_64\bin\net.dll
0x00007fff7a680000 - 0x00007fff7a79e000 	C:\WINDOWS\SYSTEM32\WINHTTP.dll
0x00007fff82c40000 - 0x00007fff82caa000 	C:\WINDOWS\system32\mswsock.dll
0x00007fff739d0000 - 0x00007fff739e6000 	C:\Users\Admin\.vscode\extensions\redhat.java-1.43.1-win32-x64\jre\21.0.7-win32-x86_64\bin\nio.dll
0x00007fff7e1b0000 - 0x00007fff7e1c0000 	c:\Users\Admin\.vscode\extensions\redhat.java-1.43.1-win32-x64\jre\21.0.7-win32-x86_64\bin\verify.dll
0x00007fff4f370000 - 0x00007fff4f3b5000 	C:\Users\Admin\AppData\Roaming\Code\User\globalStorage\redhat.java\1.43.1\config_win\org.eclipse.equinox.launcher\org.eclipse.equinox.launcher.win32.win32.x86_64_1.2.1300.v20250331-1702\eclipse_11911.dll
0x00007fff853d0000 - 0x00007fff8556e000 	C:\WINDOWS\System32\ole32.dll
0x00007fff83020000 - 0x00007fff8303b000 	C:\WINDOWS\SYSTEM32\CRYPTSP.dll
0x00007fff82630000 - 0x00007fff8266b000 	C:\WINDOWS\system32\rsaenh.dll
0x00007fff82ce0000 - 0x00007fff82d0b000 	C:\WINDOWS\SYSTEM32\USERENV.dll
0x00007fff83850000 - 0x00007fff83876000 	C:\WINDOWS\SYSTEM32\bcrypt.dll
0x00007fff82e80000 - 0x00007fff82e8c000 	C:\WINDOWS\SYSTEM32\CRYPTBASE.dll
0x00007fff82130000 - 0x00007fff82163000 	C:\WINDOWS\SYSTEM32\IPHLPAPI.DLL
0x00007fff86090000 - 0x00007fff8609a000 	C:\WINDOWS\System32\NSI.dll
0x00007fff3d120000 - 0x00007fff3d169000 	C:\Users\Admin\AppData\Local\Temp\jna-63116079\jna8278239601312663042.dll
0x00007fff862c0000 - 0x00007fff862c8000 	C:\WINDOWS\System32\PSAPI.DLL
0x00007fff7a900000 - 0x00007fff7a91f000 	C:\WINDOWS\SYSTEM32\dhcpcsvc6.DLL
0x00007fff7a870000 - 0x00007fff7a895000 	C:\WINDOWS\SYSTEM32\dhcpcsvc.DLL

dbghelp: loaded successfully - version: 4.0.5 - missing functions: none
symbol engine: initialized successfully - sym options: 0x614 - pdb path: .;c:\Users\Admin\.vscode\extensions\redhat.java-1.43.1-win32-x64\jre\21.0.7-win32-x86_64\bin;C:\WINDOWS\SYSTEM32;C:\WINDOWS\WinSxS\amd64_microsoft.windows.common-controls_6595b64144ccf1df_6.0.26100.4484_none_3e0e6d4ce32ef3b3;c:\Users\Admin\.vscode\extensions\redhat.java-1.43.1-win32-x64\jre\21.0.7-win32-x86_64\bin\server;C:\Users\Admin\AppData\Roaming\Code\User\globalStorage\redhat.java\1.43.1\config_win\org.eclipse.equinox.launcher\org.eclipse.equinox.launcher.win32.win32.x86_64_1.2.1300.v20250331-1702;C:\Users\Admin\AppData\Local\Temp\jna-63116079

VM Arguments:
jvm_args: --add-modules=ALL-SYSTEM --add-opens=java.base/java.util=ALL-UNNAMED --add-opens=java.base/java.lang=ALL-UNNAMED --add-opens=java.base/sun.nio.fs=ALL-UNNAMED -Declipse.application=org.eclipse.jdt.ls.core.id1 -Dosgi.bundles.defaultStartLevel=4 -Declipse.product=org.eclipse.jdt.ls.core.product -Djava.import.generatesMetadataFilesAtProjectRoot=false -DDetectVMInstallationsJob.disabled=true -Dfile.encoding=utf8 -XX:+UseParallelGC -XX:GCTimeRatio=4 -XX:AdaptiveSizePolicyWeight=90 -Dsun.zip.disableMemoryMapping=true -Xmx2G -Xms100m -Xlog:disable -javaagent:c:\Users\Admin\.vscode\extensions\redhat.java-1.43.1-win32-x64\lombok\lombok-1.18.39-4050.jar -XX:+HeapDumpOnOutOfMemoryError -XX:HeapDumpPath=c:\Users\Admin\AppData\Roaming\Code\User\workspaceStorage\2a8215986621d579e6b417848d7ee4b7\redhat.java -Daether.dependencyCollector.impl=bf 
java_command: c:\Users\Admin\.vscode\extensions\redhat.java-1.43.1-win32-x64\server\plugins\org.eclipse.equinox.launcher_1.7.0.v20250519-0528.jar -configuration c:\Users\Admin\AppData\Roaming\Code\User\globalStorage\redhat.java\1.43.1\config_win -data c:\Users\Admin\AppData\Roaming\Code\User\workspaceStorage\2a8215986621d579e6b417848d7ee4b7\redhat.java\jdt_ws --pipe=\\.\pipe\lsp-87213cab9973d881c641775e36fd6e01-sock
java_class_path (initial): c:\Users\Admin\.vscode\extensions\redhat.java-1.43.1-win32-x64\server\plugins\org.eclipse.equinox.launcher_1.7.0.v20250519-0528.jar
Launcher Type: SUN_STANDARD

[Global flags]
    uintx AdaptiveSizePolicyWeight                 = 90                                        {product} {command line}
     intx CICompilerCount                          = 4                                         {product} {ergonomic}
    uintx GCTimeRatio                              = 4                                         {product} {command line}
     bool HeapDumpOnOutOfMemoryError               = true                                   {manageable} {command line}
    ccstr HeapDumpPath                             = c:\Users\Admin\AppData\Roaming\Code\User\workspaceStorage\2a8215986621d579e6b417848d7ee4b7\redhat.java         {manageable} {command line}
   size_t InitialHeapSize                          = 104857600                                 {product} {command line}
   size_t MaxHeapSize                              = 2147483648                                {product} {command line}
   size_t MaxNewSize                               = 715653120                                 {product} {ergonomic}
   size_t MinHeapDeltaBytes                        = 524288                                    {product} {ergonomic}
   size_t MinHeapSize                              = 104857600                                 {product} {command line}
   size_t NewSize                                  = 34603008                                  {product} {ergonomic}
    uintx NonNMethodCodeHeapSize                   = 5839372                                {pd product} {ergonomic}
    uintx NonProfiledCodeHeapSize                  = 122909434                              {pd product} {ergonomic}
   size_t OldSize                                  = 70254592                                  {product} {ergonomic}
    uintx ProfiledCodeHeapSize                     = 122909434                              {pd product} {ergonomic}
    uintx ReservedCodeCacheSize                    = 251658240                              {pd product} {ergonomic}
     bool SegmentedCodeCache                       = true                                      {product} {ergonomic}
   size_t SoftMaxHeapSize                          = 2147483648                             {manageable} {ergonomic}
     bool UseCompressedOops                        = true                           {product lp64_product} {ergonomic}
     bool UseLargePagesIndividualAllocation        = false                                  {pd product} {ergonomic}
     bool UseParallelGC                            = true                                      {product} {command line}

Logging:
Log output configuration:
 #0: stdout all=off uptime,level,tags foldmultilines=false
 #1: stderr all=off uptime,level,tags foldmultilines=false

Environment Variables:
JAVA_HOME=C:\Program Files\Java\jdk-21
PATH=C:\Program Files\Common Files\Oracle\Java\javapath;C:\Program Files (x86)\Common Files\Oracle\Java\javapath;C:\Program Files (x86)\VMware\VMware Workstation\bin\;C:\app\Admin\product\18.0.0\dbhomeXE\bin;C:\WINDOWS\system32;C:\WINDOWS;C:\WINDOWS\System32\Wbem;C:\WINDOWS\System32\WindowsPowerShell\v1.0\;C:\WINDOWS\System32\OpenSSH\;C:\Users\Admin\AppData\Roaming\nvm;C:\Program Files\nodejs;C:\xampp\php;C:\ProgramData\ComposerSetup\bin;C:\Program Files\MySQL\MySQL Server 8.0\bin;C:\Program Files (x86)\Java\jre1.8.0_361\bin;C:\Program Files\PuTTY\;C:\Program Files\apache-maven-3.9.0\bin;C:\Program Files\Azure Data Studio\bin;C:\Program Files (x86)\Microsoft SQL Server\160\Tools\Binn\;C:\Program Files\Microsoft SQL Server\160\Tools\Binn\;C:\Program Files\Microsoft SQL Server\Client SDK\ODBC\170\Tools\Binn\;C:\Program Files\Microsoft SQL Server\160\DTS\Binn\;C:\Program Files\Java\jdk-21\bin;C:\Program Files (x86)\Microsoft SQL Server\160\DTS\Binn\;C:\Program Files\dotnet\;C:\Program Files\Java\jdk-21\bin;C:\Program Files\PostgreSQL\17\bin;C:\Program Files\Java\jdk-21\bin;C:\Program Files\Git\cmd;C:\Users\Admin\AppData\Local\Android\Sdk\tools\bin;C:\Users\Admin\AppData\Local\Android\Sdk\tools;C:\Users\Admin\AppData\Local\Android\Sdk\platform-tools;;C:\Program Files\Docker\Docker\resources\bin;C:\Program Files\Amazon\AWSCLIV2\;C:\Users\Admin\AppData\Local\Programs\Python\Launcher\;C:\Program Files\MySQL\MySQL Shell 8.0\bin\;C:\Users\Admin\AppData\Local\Microsoft\WindowsApps;C:\Users\Admin\AppData\Local\Programs\Microsoft VS Code\bin;C:\Users\Admin\AppData\Roaming\nvm;C:\Program Files\nodejs;C:\xampp\php;C:\Users\Admin\AppData\Roaming\Composer\vendor\bin;C:\Program Files (x86)\Java\jre1.8.0_361\bin;C:\Program Files\Azure Data Studio\bin;C:\Users\Admin\AppData\Roaming\npm;C:\Users\Admin\.dotnet\tools;C:\Program Files\Java\jdk-21;C:\Users\Admin\AppData\Local\Android\Sdk\tools;C:\Users\Admin\AppData\Local\Android\Sdk\tools\bin;
USERNAME=Admin
OS=Windows_NT
PROCESSOR_IDENTIFIER=Intel64 Family 6 Model 140 Stepping 1, GenuineIntel
TMP=C:\Users\Admin\AppData\Local\Temp
TEMP=C:\Users\Admin\AppData\Local\Temp




Periodic native trim disabled

---------------  S Y S T E M  ---------------

OS:
 Windows 11 , 64 bit Build 26100 (10.0.26100.4484)
OS uptime: 0 days 18:01 hours
Hyper-V role detected

CPU: total 8 (initial active 8) (4 cores per cpu, 2 threads per core) family 6 model 140 stepping 1 microcode 0xbc, cx8, cmov, fxsr, ht, mmx, 3dnowpref, sse, sse2, sse3, ssse3, sse4.1, sse4.2, popcnt, lzcnt, tsc, tscinvbit, avx, avx2, aes, erms, clmul, bmi1, bmi2, adx, avx512f, avx512dq, avx512cd, avx512bw, avx512vl, sha, fma, vzeroupper, avx512_vpopcntdq, avx512_vpclmulqdq, avx512_vaes, avx512_vnni, clflush, clflushopt, clwb, avx512_vbmi2, avx512_vbmi, hv, rdtscp, rdpid, fsrm, gfni, avx512_bitalg, f16c, cet_ibt, cet_ss, avx512_ifma
Processor Information for the first 8 processors :
  Max Mhz: 2419, Current Mhz: 2419, Mhz Limit: 2419

Memory: 4k page, system-wide physical 12010M (1212M free)
TotalPageFile size 28535M (AvailPageFile size 2M)
current process WorkingSet (physical memory assigned to process): 892M, peak: 898M
current process commit charge ("private bytes"): 844M, peak: 851M

vm_info: OpenJDK 64-Bit Server VM (21.0.7+6-LTS) for windows-amd64 JRE (21.0.7+6-LTS), built on 2025-04-15T00:00:00Z by "admin" with MS VC++ 17.7 (VS2022)

END.
